ARM GAS  /tmp/ccbcTLt4.s 			page 1


   1              		.syntax unified
   2              		.cpu cortex-m4
   3              		.eabi_attribute 27, 1
   4              		.eabi_attribute 28, 1
   5              		.fpu fpv4-sp-d16
   6              		.eabi_attribute 20, 1
   7              		.eabi_attribute 21, 1
   8              		.eabi_attribute 23, 3
   9              		.eabi_attribute 24, 1
  10              		.eabi_attribute 25, 1
  11              		.eabi_attribute 26, 1
  12              		.eabi_attribute 30, 1
  13              		.eabi_attribute 34, 1
  14              		.eabi_attribute 18, 4
  15              		.thumb
  16              		.syntax unified
  17              		.file	"stm32l4xx_hal_gpio.c"
  18              		.text
  19              	.Ltext0:
  20              		.cfi_sections	.debug_frame
  21              		.section	.text.HAL_GPIO_Init,"ax",%progbits
  22              		.align	2
  23              		.global	HAL_GPIO_Init
  24              		.thumb
  25              		.thumb_func
  27              	HAL_GPIO_Init:
  28              	.LFB132:
  29              		.file 1 "Drivers/STM32L4xx_HAL_Driver/Src/stm32l4xx_hal_gpio.c"
   1:Drivers/STM32L4xx_HAL_Driver/Src/stm32l4xx_hal_gpio.c **** /**
   2:Drivers/STM32L4xx_HAL_Driver/Src/stm32l4xx_hal_gpio.c ****   ******************************************************************************
   3:Drivers/STM32L4xx_HAL_Driver/Src/stm32l4xx_hal_gpio.c ****   * @file    stm32l4xx_hal_gpio.c
   4:Drivers/STM32L4xx_HAL_Driver/Src/stm32l4xx_hal_gpio.c ****   * @author  MCD Application Team
   5:Drivers/STM32L4xx_HAL_Driver/Src/stm32l4xx_hal_gpio.c ****   * @brief   GPIO HAL module driver.
   6:Drivers/STM32L4xx_HAL_Driver/Src/stm32l4xx_hal_gpio.c ****   *          This file provides firmware functions to manage the following
   7:Drivers/STM32L4xx_HAL_Driver/Src/stm32l4xx_hal_gpio.c ****   *          functionalities of the General Purpose Input/Output (GPIO) peripheral:
   8:Drivers/STM32L4xx_HAL_Driver/Src/stm32l4xx_hal_gpio.c ****   *           + Initialization and de-initialization functions
   9:Drivers/STM32L4xx_HAL_Driver/Src/stm32l4xx_hal_gpio.c ****   *           + IO operation functions
  10:Drivers/STM32L4xx_HAL_Driver/Src/stm32l4xx_hal_gpio.c ****   *
  11:Drivers/STM32L4xx_HAL_Driver/Src/stm32l4xx_hal_gpio.c ****   @verbatim
  12:Drivers/STM32L4xx_HAL_Driver/Src/stm32l4xx_hal_gpio.c ****   ==============================================================================
  13:Drivers/STM32L4xx_HAL_Driver/Src/stm32l4xx_hal_gpio.c ****                     ##### GPIO Peripheral features #####
  14:Drivers/STM32L4xx_HAL_Driver/Src/stm32l4xx_hal_gpio.c ****   ==============================================================================
  15:Drivers/STM32L4xx_HAL_Driver/Src/stm32l4xx_hal_gpio.c ****   [..]
  16:Drivers/STM32L4xx_HAL_Driver/Src/stm32l4xx_hal_gpio.c ****     (+) Each port bit of the general-purpose I/O (GPIO) ports can be individually
  17:Drivers/STM32L4xx_HAL_Driver/Src/stm32l4xx_hal_gpio.c ****         configured by software in several modes:
  18:Drivers/STM32L4xx_HAL_Driver/Src/stm32l4xx_hal_gpio.c ****         (++) Input mode
  19:Drivers/STM32L4xx_HAL_Driver/Src/stm32l4xx_hal_gpio.c ****         (++) Analog mode
  20:Drivers/STM32L4xx_HAL_Driver/Src/stm32l4xx_hal_gpio.c ****         (++) Output mode
  21:Drivers/STM32L4xx_HAL_Driver/Src/stm32l4xx_hal_gpio.c ****         (++) Alternate function mode
  22:Drivers/STM32L4xx_HAL_Driver/Src/stm32l4xx_hal_gpio.c ****         (++) External interrupt/event lines
  23:Drivers/STM32L4xx_HAL_Driver/Src/stm32l4xx_hal_gpio.c **** 
  24:Drivers/STM32L4xx_HAL_Driver/Src/stm32l4xx_hal_gpio.c ****     (+) During and just after reset, the alternate functions and external interrupt
  25:Drivers/STM32L4xx_HAL_Driver/Src/stm32l4xx_hal_gpio.c ****         lines are not active and the I/O ports are configured in input floating mode.
  26:Drivers/STM32L4xx_HAL_Driver/Src/stm32l4xx_hal_gpio.c **** 
  27:Drivers/STM32L4xx_HAL_Driver/Src/stm32l4xx_hal_gpio.c ****     (+) All GPIO pins have weak internal pull-up and pull-down resistors, which can be
  28:Drivers/STM32L4xx_HAL_Driver/Src/stm32l4xx_hal_gpio.c ****         activated or not.
  29:Drivers/STM32L4xx_HAL_Driver/Src/stm32l4xx_hal_gpio.c **** 
ARM GAS  /tmp/ccbcTLt4.s 			page 2


  30:Drivers/STM32L4xx_HAL_Driver/Src/stm32l4xx_hal_gpio.c ****     (+) In Output or Alternate mode, each IO can be configured on open-drain or push-pull
  31:Drivers/STM32L4xx_HAL_Driver/Src/stm32l4xx_hal_gpio.c ****         type and the IO speed can be selected depending on the VDD value.
  32:Drivers/STM32L4xx_HAL_Driver/Src/stm32l4xx_hal_gpio.c **** 
  33:Drivers/STM32L4xx_HAL_Driver/Src/stm32l4xx_hal_gpio.c ****     (+) The microcontroller IO pins are connected to onboard peripherals/modules through a
  34:Drivers/STM32L4xx_HAL_Driver/Src/stm32l4xx_hal_gpio.c ****         multiplexer that allows only one peripheral alternate function (AF) connected
  35:Drivers/STM32L4xx_HAL_Driver/Src/stm32l4xx_hal_gpio.c ****        to an IO pin at a time. In this way, there can be no conflict between peripherals
  36:Drivers/STM32L4xx_HAL_Driver/Src/stm32l4xx_hal_gpio.c ****        sharing the same IO pin.
  37:Drivers/STM32L4xx_HAL_Driver/Src/stm32l4xx_hal_gpio.c **** 
  38:Drivers/STM32L4xx_HAL_Driver/Src/stm32l4xx_hal_gpio.c ****     (+) All ports have external interrupt/event capability. To use external interrupt
  39:Drivers/STM32L4xx_HAL_Driver/Src/stm32l4xx_hal_gpio.c ****         lines, the port must be configured in input mode. All available GPIO pins are
  40:Drivers/STM32L4xx_HAL_Driver/Src/stm32l4xx_hal_gpio.c ****         connected to the 16 external interrupt/event lines from EXTI0 to EXTI15.
  41:Drivers/STM32L4xx_HAL_Driver/Src/stm32l4xx_hal_gpio.c **** 
  42:Drivers/STM32L4xx_HAL_Driver/Src/stm32l4xx_hal_gpio.c ****     (+) The external interrupt/event controller consists of up to 39 edge detectors
  43:Drivers/STM32L4xx_HAL_Driver/Src/stm32l4xx_hal_gpio.c ****         (16 lines are connected to GPIO) for generating event/interrupt requests (each
  44:Drivers/STM32L4xx_HAL_Driver/Src/stm32l4xx_hal_gpio.c ****         input line can be independently configured to select the type (interrupt or event)
  45:Drivers/STM32L4xx_HAL_Driver/Src/stm32l4xx_hal_gpio.c ****         and the corresponding trigger event (rising or falling or both). Each line can
  46:Drivers/STM32L4xx_HAL_Driver/Src/stm32l4xx_hal_gpio.c ****         also be masked independently.
  47:Drivers/STM32L4xx_HAL_Driver/Src/stm32l4xx_hal_gpio.c **** 
  48:Drivers/STM32L4xx_HAL_Driver/Src/stm32l4xx_hal_gpio.c ****                      ##### How to use this driver #####
  49:Drivers/STM32L4xx_HAL_Driver/Src/stm32l4xx_hal_gpio.c ****   ==============================================================================
  50:Drivers/STM32L4xx_HAL_Driver/Src/stm32l4xx_hal_gpio.c ****   [..]
  51:Drivers/STM32L4xx_HAL_Driver/Src/stm32l4xx_hal_gpio.c ****     (#) Enable the GPIO AHB clock using the following function: __HAL_RCC_GPIOx_CLK_ENABLE().
  52:Drivers/STM32L4xx_HAL_Driver/Src/stm32l4xx_hal_gpio.c **** 
  53:Drivers/STM32L4xx_HAL_Driver/Src/stm32l4xx_hal_gpio.c ****     (#) Configure the GPIO pin(s) using HAL_GPIO_Init().
  54:Drivers/STM32L4xx_HAL_Driver/Src/stm32l4xx_hal_gpio.c ****         (++) Configure the IO mode using "Mode" member from GPIO_InitTypeDef structure
  55:Drivers/STM32L4xx_HAL_Driver/Src/stm32l4xx_hal_gpio.c ****         (++) Activate Pull-up, Pull-down resistor using "Pull" member from GPIO_InitTypeDef
  56:Drivers/STM32L4xx_HAL_Driver/Src/stm32l4xx_hal_gpio.c ****              structure.
  57:Drivers/STM32L4xx_HAL_Driver/Src/stm32l4xx_hal_gpio.c ****         (++) In case of Output or alternate function mode selection: the speed is
  58:Drivers/STM32L4xx_HAL_Driver/Src/stm32l4xx_hal_gpio.c ****              configured through "Speed" member from GPIO_InitTypeDef structure.
  59:Drivers/STM32L4xx_HAL_Driver/Src/stm32l4xx_hal_gpio.c ****         (++) In alternate mode is selection, the alternate function connected to the IO
  60:Drivers/STM32L4xx_HAL_Driver/Src/stm32l4xx_hal_gpio.c ****              is configured through "Alternate" member from GPIO_InitTypeDef structure.
  61:Drivers/STM32L4xx_HAL_Driver/Src/stm32l4xx_hal_gpio.c ****         (++) Analog mode is required when a pin is to be used as ADC channel
  62:Drivers/STM32L4xx_HAL_Driver/Src/stm32l4xx_hal_gpio.c ****              or DAC output.
  63:Drivers/STM32L4xx_HAL_Driver/Src/stm32l4xx_hal_gpio.c ****         (++) In case of external interrupt/event selection the "Mode" member from
  64:Drivers/STM32L4xx_HAL_Driver/Src/stm32l4xx_hal_gpio.c ****              GPIO_InitTypeDef structure select the type (interrupt or event) and
  65:Drivers/STM32L4xx_HAL_Driver/Src/stm32l4xx_hal_gpio.c ****              the corresponding trigger event (rising or falling or both).
  66:Drivers/STM32L4xx_HAL_Driver/Src/stm32l4xx_hal_gpio.c **** 
  67:Drivers/STM32L4xx_HAL_Driver/Src/stm32l4xx_hal_gpio.c ****     (#) In case of external interrupt/event mode selection, configure NVIC IRQ priority
  68:Drivers/STM32L4xx_HAL_Driver/Src/stm32l4xx_hal_gpio.c ****         mapped to the EXTI line using HAL_NVIC_SetPriority() and enable it using
  69:Drivers/STM32L4xx_HAL_Driver/Src/stm32l4xx_hal_gpio.c ****         HAL_NVIC_EnableIRQ().
  70:Drivers/STM32L4xx_HAL_Driver/Src/stm32l4xx_hal_gpio.c **** 
  71:Drivers/STM32L4xx_HAL_Driver/Src/stm32l4xx_hal_gpio.c ****     (#) To get the level of a pin configured in input mode use HAL_GPIO_ReadPin().
  72:Drivers/STM32L4xx_HAL_Driver/Src/stm32l4xx_hal_gpio.c **** 
  73:Drivers/STM32L4xx_HAL_Driver/Src/stm32l4xx_hal_gpio.c ****     (#) To set/reset the level of a pin configured in output mode use
  74:Drivers/STM32L4xx_HAL_Driver/Src/stm32l4xx_hal_gpio.c ****         HAL_GPIO_WritePin()/HAL_GPIO_TogglePin().
  75:Drivers/STM32L4xx_HAL_Driver/Src/stm32l4xx_hal_gpio.c **** 
  76:Drivers/STM32L4xx_HAL_Driver/Src/stm32l4xx_hal_gpio.c ****    (#) To lock pin configuration until next reset use HAL_GPIO_LockPin().
  77:Drivers/STM32L4xx_HAL_Driver/Src/stm32l4xx_hal_gpio.c **** 
  78:Drivers/STM32L4xx_HAL_Driver/Src/stm32l4xx_hal_gpio.c ****     (#) During and just after reset, the alternate functions are not
  79:Drivers/STM32L4xx_HAL_Driver/Src/stm32l4xx_hal_gpio.c ****         active and the GPIO pins are configured in input floating mode (except JTAG
  80:Drivers/STM32L4xx_HAL_Driver/Src/stm32l4xx_hal_gpio.c ****         pins).
  81:Drivers/STM32L4xx_HAL_Driver/Src/stm32l4xx_hal_gpio.c **** 
  82:Drivers/STM32L4xx_HAL_Driver/Src/stm32l4xx_hal_gpio.c ****     (#) The LSE oscillator pins OSC32_IN and OSC32_OUT can be used as general purpose
  83:Drivers/STM32L4xx_HAL_Driver/Src/stm32l4xx_hal_gpio.c ****         (PC14 and PC15, respectively) when the LSE oscillator is off. The LSE has
  84:Drivers/STM32L4xx_HAL_Driver/Src/stm32l4xx_hal_gpio.c ****         priority over the GPIO function.
  85:Drivers/STM32L4xx_HAL_Driver/Src/stm32l4xx_hal_gpio.c **** 
  86:Drivers/STM32L4xx_HAL_Driver/Src/stm32l4xx_hal_gpio.c ****     (#) The HSE oscillator pins OSC_IN/OSC_OUT can be used as
ARM GAS  /tmp/ccbcTLt4.s 			page 3


  87:Drivers/STM32L4xx_HAL_Driver/Src/stm32l4xx_hal_gpio.c ****         general purpose PH0 and PH1, respectively, when the HSE oscillator is off.
  88:Drivers/STM32L4xx_HAL_Driver/Src/stm32l4xx_hal_gpio.c ****         The HSE has priority over the GPIO function.
  89:Drivers/STM32L4xx_HAL_Driver/Src/stm32l4xx_hal_gpio.c **** 
  90:Drivers/STM32L4xx_HAL_Driver/Src/stm32l4xx_hal_gpio.c ****   @endverbatim
  91:Drivers/STM32L4xx_HAL_Driver/Src/stm32l4xx_hal_gpio.c ****   ******************************************************************************
  92:Drivers/STM32L4xx_HAL_Driver/Src/stm32l4xx_hal_gpio.c ****   * @attention
  93:Drivers/STM32L4xx_HAL_Driver/Src/stm32l4xx_hal_gpio.c ****   *
  94:Drivers/STM32L4xx_HAL_Driver/Src/stm32l4xx_hal_gpio.c ****   * <h2><center>&copy; Copyright (c) 2017 STMicroelectronics.
  95:Drivers/STM32L4xx_HAL_Driver/Src/stm32l4xx_hal_gpio.c ****   * All rights reserved.</center></h2>
  96:Drivers/STM32L4xx_HAL_Driver/Src/stm32l4xx_hal_gpio.c ****   *
  97:Drivers/STM32L4xx_HAL_Driver/Src/stm32l4xx_hal_gpio.c ****   * This software component is licensed by ST under BSD 3-Clause license,
  98:Drivers/STM32L4xx_HAL_Driver/Src/stm32l4xx_hal_gpio.c ****   * the "License"; You may not use this file except in compliance with the
  99:Drivers/STM32L4xx_HAL_Driver/Src/stm32l4xx_hal_gpio.c ****   * License. You may obtain a copy of the License at:
 100:Drivers/STM32L4xx_HAL_Driver/Src/stm32l4xx_hal_gpio.c ****   *                        opensource.org/licenses/BSD-3-Clause
 101:Drivers/STM32L4xx_HAL_Driver/Src/stm32l4xx_hal_gpio.c ****   *
 102:Drivers/STM32L4xx_HAL_Driver/Src/stm32l4xx_hal_gpio.c ****   ******************************************************************************
 103:Drivers/STM32L4xx_HAL_Driver/Src/stm32l4xx_hal_gpio.c ****   */
 104:Drivers/STM32L4xx_HAL_Driver/Src/stm32l4xx_hal_gpio.c **** 
 105:Drivers/STM32L4xx_HAL_Driver/Src/stm32l4xx_hal_gpio.c **** /* Includes ------------------------------------------------------------------*/
 106:Drivers/STM32L4xx_HAL_Driver/Src/stm32l4xx_hal_gpio.c **** #include "stm32l4xx_hal.h"
 107:Drivers/STM32L4xx_HAL_Driver/Src/stm32l4xx_hal_gpio.c **** 
 108:Drivers/STM32L4xx_HAL_Driver/Src/stm32l4xx_hal_gpio.c **** /** @addtogroup STM32L4xx_HAL_Driver
 109:Drivers/STM32L4xx_HAL_Driver/Src/stm32l4xx_hal_gpio.c ****   * @{
 110:Drivers/STM32L4xx_HAL_Driver/Src/stm32l4xx_hal_gpio.c ****   */
 111:Drivers/STM32L4xx_HAL_Driver/Src/stm32l4xx_hal_gpio.c **** 
 112:Drivers/STM32L4xx_HAL_Driver/Src/stm32l4xx_hal_gpio.c **** /** @defgroup GPIO GPIO
 113:Drivers/STM32L4xx_HAL_Driver/Src/stm32l4xx_hal_gpio.c ****   * @brief GPIO HAL module driver
 114:Drivers/STM32L4xx_HAL_Driver/Src/stm32l4xx_hal_gpio.c ****   * @{
 115:Drivers/STM32L4xx_HAL_Driver/Src/stm32l4xx_hal_gpio.c ****   */
 116:Drivers/STM32L4xx_HAL_Driver/Src/stm32l4xx_hal_gpio.c **** /** MISRA C:2012 deviation rule has been granted for following rules:
 117:Drivers/STM32L4xx_HAL_Driver/Src/stm32l4xx_hal_gpio.c ****   * Rule-12.2 - Medium: RHS argument is in interval [0,INF] which is out of
 118:Drivers/STM32L4xx_HAL_Driver/Src/stm32l4xx_hal_gpio.c ****   * range of the shift operator in following API :
 119:Drivers/STM32L4xx_HAL_Driver/Src/stm32l4xx_hal_gpio.c ****   * HAL_GPIO_Init
 120:Drivers/STM32L4xx_HAL_Driver/Src/stm32l4xx_hal_gpio.c ****   * HAL_GPIO_DeInit
 121:Drivers/STM32L4xx_HAL_Driver/Src/stm32l4xx_hal_gpio.c ****   */
 122:Drivers/STM32L4xx_HAL_Driver/Src/stm32l4xx_hal_gpio.c **** 
 123:Drivers/STM32L4xx_HAL_Driver/Src/stm32l4xx_hal_gpio.c **** #ifdef HAL_GPIO_MODULE_ENABLED
 124:Drivers/STM32L4xx_HAL_Driver/Src/stm32l4xx_hal_gpio.c **** 
 125:Drivers/STM32L4xx_HAL_Driver/Src/stm32l4xx_hal_gpio.c **** /* Private typedef -----------------------------------------------------------*/
 126:Drivers/STM32L4xx_HAL_Driver/Src/stm32l4xx_hal_gpio.c **** /* Private defines -----------------------------------------------------------*/
 127:Drivers/STM32L4xx_HAL_Driver/Src/stm32l4xx_hal_gpio.c **** /** @defgroup GPIO_Private_Defines GPIO Private Defines
 128:Drivers/STM32L4xx_HAL_Driver/Src/stm32l4xx_hal_gpio.c ****   * @{
 129:Drivers/STM32L4xx_HAL_Driver/Src/stm32l4xx_hal_gpio.c ****   */
 130:Drivers/STM32L4xx_HAL_Driver/Src/stm32l4xx_hal_gpio.c **** #define GPIO_MODE             (0x00000003u)
 131:Drivers/STM32L4xx_HAL_Driver/Src/stm32l4xx_hal_gpio.c **** #define ANALOG_MODE           (0x00000008u)
 132:Drivers/STM32L4xx_HAL_Driver/Src/stm32l4xx_hal_gpio.c **** #define EXTI_MODE             (0x10000000u)
 133:Drivers/STM32L4xx_HAL_Driver/Src/stm32l4xx_hal_gpio.c **** #define GPIO_MODE_IT          (0x00010000u)
 134:Drivers/STM32L4xx_HAL_Driver/Src/stm32l4xx_hal_gpio.c **** #define GPIO_MODE_EVT         (0x00020000u)
 135:Drivers/STM32L4xx_HAL_Driver/Src/stm32l4xx_hal_gpio.c **** #define RISING_EDGE           (0x00100000u)
 136:Drivers/STM32L4xx_HAL_Driver/Src/stm32l4xx_hal_gpio.c **** #define FALLING_EDGE          (0x00200000u)
 137:Drivers/STM32L4xx_HAL_Driver/Src/stm32l4xx_hal_gpio.c **** #define GPIO_OUTPUT_TYPE      (0x00000010u)
 138:Drivers/STM32L4xx_HAL_Driver/Src/stm32l4xx_hal_gpio.c **** 
 139:Drivers/STM32L4xx_HAL_Driver/Src/stm32l4xx_hal_gpio.c **** #define GPIO_NUMBER           (16u)
 140:Drivers/STM32L4xx_HAL_Driver/Src/stm32l4xx_hal_gpio.c **** /**
 141:Drivers/STM32L4xx_HAL_Driver/Src/stm32l4xx_hal_gpio.c ****   * @}
 142:Drivers/STM32L4xx_HAL_Driver/Src/stm32l4xx_hal_gpio.c ****   */
 143:Drivers/STM32L4xx_HAL_Driver/Src/stm32l4xx_hal_gpio.c **** 
ARM GAS  /tmp/ccbcTLt4.s 			page 4


 144:Drivers/STM32L4xx_HAL_Driver/Src/stm32l4xx_hal_gpio.c **** /* Private macros ------------------------------------------------------------*/
 145:Drivers/STM32L4xx_HAL_Driver/Src/stm32l4xx_hal_gpio.c **** /* Private variables ---------------------------------------------------------*/
 146:Drivers/STM32L4xx_HAL_Driver/Src/stm32l4xx_hal_gpio.c **** /* Private function prototypes -----------------------------------------------*/
 147:Drivers/STM32L4xx_HAL_Driver/Src/stm32l4xx_hal_gpio.c **** /* Exported functions --------------------------------------------------------*/
 148:Drivers/STM32L4xx_HAL_Driver/Src/stm32l4xx_hal_gpio.c **** 
 149:Drivers/STM32L4xx_HAL_Driver/Src/stm32l4xx_hal_gpio.c **** /** @defgroup GPIO_Exported_Functions GPIO Exported Functions
 150:Drivers/STM32L4xx_HAL_Driver/Src/stm32l4xx_hal_gpio.c ****   * @{
 151:Drivers/STM32L4xx_HAL_Driver/Src/stm32l4xx_hal_gpio.c ****   */
 152:Drivers/STM32L4xx_HAL_Driver/Src/stm32l4xx_hal_gpio.c **** 
 153:Drivers/STM32L4xx_HAL_Driver/Src/stm32l4xx_hal_gpio.c **** /** @defgroup GPIO_Exported_Functions_Group1 Initialization/de-initialization functions
 154:Drivers/STM32L4xx_HAL_Driver/Src/stm32l4xx_hal_gpio.c ****  *  @brief    Initialization and Configuration functions
 155:Drivers/STM32L4xx_HAL_Driver/Src/stm32l4xx_hal_gpio.c ****  *
 156:Drivers/STM32L4xx_HAL_Driver/Src/stm32l4xx_hal_gpio.c **** @verbatim
 157:Drivers/STM32L4xx_HAL_Driver/Src/stm32l4xx_hal_gpio.c ****  ===============================================================================
 158:Drivers/STM32L4xx_HAL_Driver/Src/stm32l4xx_hal_gpio.c ****               ##### Initialization and de-initialization functions #####
 159:Drivers/STM32L4xx_HAL_Driver/Src/stm32l4xx_hal_gpio.c ****  ===============================================================================
 160:Drivers/STM32L4xx_HAL_Driver/Src/stm32l4xx_hal_gpio.c **** 
 161:Drivers/STM32L4xx_HAL_Driver/Src/stm32l4xx_hal_gpio.c **** @endverbatim
 162:Drivers/STM32L4xx_HAL_Driver/Src/stm32l4xx_hal_gpio.c ****   * @{
 163:Drivers/STM32L4xx_HAL_Driver/Src/stm32l4xx_hal_gpio.c ****   */
 164:Drivers/STM32L4xx_HAL_Driver/Src/stm32l4xx_hal_gpio.c **** 
 165:Drivers/STM32L4xx_HAL_Driver/Src/stm32l4xx_hal_gpio.c **** /**
 166:Drivers/STM32L4xx_HAL_Driver/Src/stm32l4xx_hal_gpio.c ****   * @brief  Initialize the GPIOx peripheral according to the specified parameters in the GPIO_Init.
 167:Drivers/STM32L4xx_HAL_Driver/Src/stm32l4xx_hal_gpio.c ****   * @param  GPIOx where x can be (A..H) to select the GPIO peripheral for STM32L4 family
 168:Drivers/STM32L4xx_HAL_Driver/Src/stm32l4xx_hal_gpio.c ****   * @param  GPIO_Init pointer to a GPIO_InitTypeDef structure that contains
 169:Drivers/STM32L4xx_HAL_Driver/Src/stm32l4xx_hal_gpio.c ****   *         the configuration information for the specified GPIO peripheral.
 170:Drivers/STM32L4xx_HAL_Driver/Src/stm32l4xx_hal_gpio.c ****   * @retval None
 171:Drivers/STM32L4xx_HAL_Driver/Src/stm32l4xx_hal_gpio.c ****   */
 172:Drivers/STM32L4xx_HAL_Driver/Src/stm32l4xx_hal_gpio.c **** void HAL_GPIO_Init(GPIO_TypeDef  *GPIOx, GPIO_InitTypeDef *GPIO_Init)
 173:Drivers/STM32L4xx_HAL_Driver/Src/stm32l4xx_hal_gpio.c **** {
  30              		.loc 1 173 0
  31              		.cfi_startproc
  32              		@ args = 0, pretend = 0, frame = 8
  33              		@ frame_needed = 0, uses_anonymous_args = 0
  34              	.LVL0:
  35 0000 2DE9F041 		push	{r4, r5, r6, r7, r8, lr}
  36              	.LCFI0:
  37              		.cfi_def_cfa_offset 24
  38              		.cfi_offset 4, -24
  39              		.cfi_offset 5, -20
  40              		.cfi_offset 6, -16
  41              		.cfi_offset 7, -12
  42              		.cfi_offset 8, -8
  43              		.cfi_offset 14, -4
  44 0004 82B0     		sub	sp, sp, #8
  45              	.LCFI1:
  46              		.cfi_def_cfa_offset 32
  47              	.LVL1:
 174:Drivers/STM32L4xx_HAL_Driver/Src/stm32l4xx_hal_gpio.c ****   uint32_t position = 0x00u;
  48              		.loc 1 174 0
  49 0006 0023     		movs	r3, #0
 175:Drivers/STM32L4xx_HAL_Driver/Src/stm32l4xx_hal_gpio.c ****   uint32_t iocurrent;
 176:Drivers/STM32L4xx_HAL_Driver/Src/stm32l4xx_hal_gpio.c ****   uint32_t temp;
 177:Drivers/STM32L4xx_HAL_Driver/Src/stm32l4xx_hal_gpio.c **** 
 178:Drivers/STM32L4xx_HAL_Driver/Src/stm32l4xx_hal_gpio.c ****   /* Check the parameters */
 179:Drivers/STM32L4xx_HAL_Driver/Src/stm32l4xx_hal_gpio.c ****   assert_param(IS_GPIO_ALL_INSTANCE(GPIOx));
 180:Drivers/STM32L4xx_HAL_Driver/Src/stm32l4xx_hal_gpio.c ****   assert_param(IS_GPIO_PIN(GPIO_Init->Pin));
ARM GAS  /tmp/ccbcTLt4.s 			page 5


 181:Drivers/STM32L4xx_HAL_Driver/Src/stm32l4xx_hal_gpio.c ****   assert_param(IS_GPIO_MODE(GPIO_Init->Mode));
 182:Drivers/STM32L4xx_HAL_Driver/Src/stm32l4xx_hal_gpio.c ****   assert_param(IS_GPIO_PULL(GPIO_Init->Pull));
 183:Drivers/STM32L4xx_HAL_Driver/Src/stm32l4xx_hal_gpio.c **** 
 184:Drivers/STM32L4xx_HAL_Driver/Src/stm32l4xx_hal_gpio.c ****   /* Configure the port pins */
 185:Drivers/STM32L4xx_HAL_Driver/Src/stm32l4xx_hal_gpio.c ****   while (((GPIO_Init->Pin) >> position) != 0x00u)
  50              		.loc 1 185 0
  51 0008 BDE0     		b	.L2
  52              	.LVL2:
  53              	.L13:
 186:Drivers/STM32L4xx_HAL_Driver/Src/stm32l4xx_hal_gpio.c ****   {
 187:Drivers/STM32L4xx_HAL_Driver/Src/stm32l4xx_hal_gpio.c ****     /* Get current io position */
 188:Drivers/STM32L4xx_HAL_Driver/Src/stm32l4xx_hal_gpio.c ****     iocurrent = (GPIO_Init->Pin) & (1uL << position);
  54              		.loc 1 188 0
  55 000a 0124     		movs	r4, #1
  56 000c 9C40     		lsls	r4, r4, r3
  57              	.LVL3:
 189:Drivers/STM32L4xx_HAL_Driver/Src/stm32l4xx_hal_gpio.c **** 
 190:Drivers/STM32L4xx_HAL_Driver/Src/stm32l4xx_hal_gpio.c ****     if (iocurrent != 0x00u)
  58              		.loc 1 190 0
  59 000e 2240     		ands	r2, r2, r4
  60              	.LVL4:
  61 0010 00F0B880 		beq	.L3
 191:Drivers/STM32L4xx_HAL_Driver/Src/stm32l4xx_hal_gpio.c ****     {
 192:Drivers/STM32L4xx_HAL_Driver/Src/stm32l4xx_hal_gpio.c ****       /*--------------------- GPIO Mode Configuration ------------------------*/
 193:Drivers/STM32L4xx_HAL_Driver/Src/stm32l4xx_hal_gpio.c ****       /* In case of Output or Alternate function mode selection */
 194:Drivers/STM32L4xx_HAL_Driver/Src/stm32l4xx_hal_gpio.c ****       if((GPIO_Init->Mode == GPIO_MODE_OUTPUT_PP) || (GPIO_Init->Mode == GPIO_MODE_AF_PP) ||
  62              		.loc 1 194 0
  63 0014 4D68     		ldr	r5, [r1, #4]
  64 0016 6E1E     		subs	r6, r5, #1
  65 0018 012E     		cmp	r6, #1
  66 001a 03D9     		bls	.L4
  67              		.loc 1 194 0 is_stmt 0 discriminator 1
  68 001c 112D     		cmp	r5, #17
  69 001e 01D0     		beq	.L4
 195:Drivers/STM32L4xx_HAL_Driver/Src/stm32l4xx_hal_gpio.c ****          (GPIO_Init->Mode == GPIO_MODE_OUTPUT_OD) || (GPIO_Init->Mode == GPIO_MODE_AF_OD))
  70              		.loc 1 195 0 is_stmt 1
  71 0020 122D     		cmp	r5, #18
  72 0022 15D1     		bne	.L5
  73              	.L4:
 196:Drivers/STM32L4xx_HAL_Driver/Src/stm32l4xx_hal_gpio.c ****       {
 197:Drivers/STM32L4xx_HAL_Driver/Src/stm32l4xx_hal_gpio.c ****         /* Check the Speed parameter */
 198:Drivers/STM32L4xx_HAL_Driver/Src/stm32l4xx_hal_gpio.c ****         assert_param(IS_GPIO_SPEED(GPIO_Init->Speed));
 199:Drivers/STM32L4xx_HAL_Driver/Src/stm32l4xx_hal_gpio.c ****         /* Configure the IO Speed */
 200:Drivers/STM32L4xx_HAL_Driver/Src/stm32l4xx_hal_gpio.c ****         temp = GPIOx->OSPEEDR;
  74              		.loc 1 200 0
  75 0024 8768     		ldr	r7, [r0, #8]
  76              	.LVL5:
 201:Drivers/STM32L4xx_HAL_Driver/Src/stm32l4xx_hal_gpio.c ****         temp &= ~(GPIO_OSPEEDR_OSPEED0 << (position * 2u));
  77              		.loc 1 201 0
  78 0026 4FEA430E 		lsl	lr, r3, #1
  79 002a 0326     		movs	r6, #3
  80 002c 06FA0EF6 		lsl	r6, r6, lr
  81 0030 27EA0606 		bic	r6, r7, r6
  82              	.LVL6:
 202:Drivers/STM32L4xx_HAL_Driver/Src/stm32l4xx_hal_gpio.c ****         temp |= (GPIO_Init->Speed << (position * 2u));
  83              		.loc 1 202 0
  84 0034 CD68     		ldr	r5, [r1, #12]
ARM GAS  /tmp/ccbcTLt4.s 			page 6


  85 0036 05FA0EF5 		lsl	r5, r5, lr
  86 003a 3543     		orrs	r5, r5, r6
  87              	.LVL7:
 203:Drivers/STM32L4xx_HAL_Driver/Src/stm32l4xx_hal_gpio.c ****         GPIOx->OSPEEDR = temp;
  88              		.loc 1 203 0
  89 003c 8560     		str	r5, [r0, #8]
 204:Drivers/STM32L4xx_HAL_Driver/Src/stm32l4xx_hal_gpio.c **** 
 205:Drivers/STM32L4xx_HAL_Driver/Src/stm32l4xx_hal_gpio.c ****         /* Configure the IO Output Type */
 206:Drivers/STM32L4xx_HAL_Driver/Src/stm32l4xx_hal_gpio.c ****         temp = GPIOx->OTYPER;
  90              		.loc 1 206 0
  91 003e 4568     		ldr	r5, [r0, #4]
  92              	.LVL8:
 207:Drivers/STM32L4xx_HAL_Driver/Src/stm32l4xx_hal_gpio.c ****         temp &= ~(GPIO_OTYPER_OT0 << position) ;
  93              		.loc 1 207 0
  94 0040 25EA0404 		bic	r4, r5, r4
  95              	.LVL9:
 208:Drivers/STM32L4xx_HAL_Driver/Src/stm32l4xx_hal_gpio.c ****         temp |= (((GPIO_Init->Mode & GPIO_OUTPUT_TYPE) >> 4u) << position);
  96              		.loc 1 208 0
  97 0044 4D68     		ldr	r5, [r1, #4]
  98 0046 C5F30015 		ubfx	r5, r5, #4, #1
  99 004a 9D40     		lsls	r5, r5, r3
 100 004c 2C43     		orrs	r4, r4, r5
 101              	.LVL10:
 209:Drivers/STM32L4xx_HAL_Driver/Src/stm32l4xx_hal_gpio.c ****         GPIOx->OTYPER = temp;
 102              		.loc 1 209 0
 103 004e 4460     		str	r4, [r0, #4]
 104              	.LVL11:
 105              	.L5:
 210:Drivers/STM32L4xx_HAL_Driver/Src/stm32l4xx_hal_gpio.c ****       }
 211:Drivers/STM32L4xx_HAL_Driver/Src/stm32l4xx_hal_gpio.c **** 
 212:Drivers/STM32L4xx_HAL_Driver/Src/stm32l4xx_hal_gpio.c **** #if defined(STM32L471xx) || defined(STM32L475xx) || defined(STM32L476xx) || defined(STM32L485xx) ||
 213:Drivers/STM32L4xx_HAL_Driver/Src/stm32l4xx_hal_gpio.c **** 
 214:Drivers/STM32L4xx_HAL_Driver/Src/stm32l4xx_hal_gpio.c ****       /* In case of Analog mode, check if ADC control mode is selected */
 215:Drivers/STM32L4xx_HAL_Driver/Src/stm32l4xx_hal_gpio.c ****       if((GPIO_Init->Mode & GPIO_MODE_ANALOG) == GPIO_MODE_ANALOG)
 216:Drivers/STM32L4xx_HAL_Driver/Src/stm32l4xx_hal_gpio.c ****       {
 217:Drivers/STM32L4xx_HAL_Driver/Src/stm32l4xx_hal_gpio.c ****         /* Configure the IO Output Type */
 218:Drivers/STM32L4xx_HAL_Driver/Src/stm32l4xx_hal_gpio.c ****         temp = GPIOx->ASCR;
 219:Drivers/STM32L4xx_HAL_Driver/Src/stm32l4xx_hal_gpio.c ****         temp &= ~(GPIO_ASCR_ASC0 << position) ;
 220:Drivers/STM32L4xx_HAL_Driver/Src/stm32l4xx_hal_gpio.c ****         temp |= (((GPIO_Init->Mode & ANALOG_MODE) >> 3) << position);
 221:Drivers/STM32L4xx_HAL_Driver/Src/stm32l4xx_hal_gpio.c ****         GPIOx->ASCR = temp;
 222:Drivers/STM32L4xx_HAL_Driver/Src/stm32l4xx_hal_gpio.c ****       }
 223:Drivers/STM32L4xx_HAL_Driver/Src/stm32l4xx_hal_gpio.c **** 
 224:Drivers/STM32L4xx_HAL_Driver/Src/stm32l4xx_hal_gpio.c **** #endif /* STM32L471xx || STM32L475xx || STM32L476xx || STM32L485xx || STM32L486xx */
 225:Drivers/STM32L4xx_HAL_Driver/Src/stm32l4xx_hal_gpio.c **** 
 226:Drivers/STM32L4xx_HAL_Driver/Src/stm32l4xx_hal_gpio.c ****       /* Activate the Pull-up or Pull down resistor for the current IO */
 227:Drivers/STM32L4xx_HAL_Driver/Src/stm32l4xx_hal_gpio.c ****       temp = GPIOx->PUPDR;
 106              		.loc 1 227 0
 107 0050 C568     		ldr	r5, [r0, #12]
 108              	.LVL12:
 228:Drivers/STM32L4xx_HAL_Driver/Src/stm32l4xx_hal_gpio.c ****       temp &= ~(GPIO_PUPDR_PUPD0 << (position * 2u));
 109              		.loc 1 228 0
 110 0052 5F00     		lsls	r7, r3, #1
 111 0054 0324     		movs	r4, #3
 112 0056 BC40     		lsls	r4, r4, r7
 113 0058 E443     		mvns	r4, r4
 114 005a 05EA040E 		and	lr, r5, r4
 115              	.LVL13:
ARM GAS  /tmp/ccbcTLt4.s 			page 7


 229:Drivers/STM32L4xx_HAL_Driver/Src/stm32l4xx_hal_gpio.c ****       temp |= ((GPIO_Init->Pull) << (position * 2u));
 116              		.loc 1 229 0
 117 005e 8D68     		ldr	r5, [r1, #8]
 118 0060 BD40     		lsls	r5, r5, r7
 119 0062 4EEA0505 		orr	r5, lr, r5
 120              	.LVL14:
 230:Drivers/STM32L4xx_HAL_Driver/Src/stm32l4xx_hal_gpio.c ****       GPIOx->PUPDR = temp;
 121              		.loc 1 230 0
 122 0066 C560     		str	r5, [r0, #12]
 231:Drivers/STM32L4xx_HAL_Driver/Src/stm32l4xx_hal_gpio.c **** 
 232:Drivers/STM32L4xx_HAL_Driver/Src/stm32l4xx_hal_gpio.c ****       /* In case of Alternate function mode selection */
 233:Drivers/STM32L4xx_HAL_Driver/Src/stm32l4xx_hal_gpio.c ****       if((GPIO_Init->Mode == GPIO_MODE_AF_PP) || (GPIO_Init->Mode == GPIO_MODE_AF_OD))
 123              		.loc 1 233 0
 124 0068 4D68     		ldr	r5, [r1, #4]
 125              	.LVL15:
 126 006a 022D     		cmp	r5, #2
 127 006c 01D0     		beq	.L6
 128              		.loc 1 233 0 is_stmt 0 discriminator 1
 129 006e 122D     		cmp	r5, #18
 130 0070 13D1     		bne	.L7
 131              	.L6:
 234:Drivers/STM32L4xx_HAL_Driver/Src/stm32l4xx_hal_gpio.c ****       {
 235:Drivers/STM32L4xx_HAL_Driver/Src/stm32l4xx_hal_gpio.c ****         /* Check the Alternate function parameters */
 236:Drivers/STM32L4xx_HAL_Driver/Src/stm32l4xx_hal_gpio.c ****         assert_param(IS_GPIO_AF_INSTANCE(GPIOx));
 237:Drivers/STM32L4xx_HAL_Driver/Src/stm32l4xx_hal_gpio.c ****         assert_param(IS_GPIO_AF(GPIO_Init->Alternate));
 238:Drivers/STM32L4xx_HAL_Driver/Src/stm32l4xx_hal_gpio.c **** 
 239:Drivers/STM32L4xx_HAL_Driver/Src/stm32l4xx_hal_gpio.c ****         /* Configure Alternate function mapped with the current IO */
 240:Drivers/STM32L4xx_HAL_Driver/Src/stm32l4xx_hal_gpio.c ****         temp = GPIOx->AFR[position >> 3u];
 132              		.loc 1 240 0 is_stmt 1
 133 0072 DE08     		lsrs	r6, r3, #3
 134 0074 0836     		adds	r6, r6, #8
 135 0076 50F82680 		ldr	r8, [r0, r6, lsl #2]
 136              	.LVL16:
 241:Drivers/STM32L4xx_HAL_Driver/Src/stm32l4xx_hal_gpio.c ****         temp &= ~(0xFu << ((position & 0x07u) * 4u));
 137              		.loc 1 241 0
 138 007a 03F00705 		and	r5, r3, #7
 139 007e 4FEA850E 		lsl	lr, r5, #2
 140 0082 0F25     		movs	r5, #15
 141 0084 05FA0EF5 		lsl	r5, r5, lr
 142 0088 28EA050C 		bic	ip, r8, r5
 143              	.LVL17:
 242:Drivers/STM32L4xx_HAL_Driver/Src/stm32l4xx_hal_gpio.c ****         temp |= ((GPIO_Init->Alternate) << ((position & 0x07u) * 4u));
 144              		.loc 1 242 0
 145 008c 0D69     		ldr	r5, [r1, #16]
 146 008e 05FA0EF5 		lsl	r5, r5, lr
 147 0092 4CEA0505 		orr	r5, ip, r5
 148              	.LVL18:
 243:Drivers/STM32L4xx_HAL_Driver/Src/stm32l4xx_hal_gpio.c ****         GPIOx->AFR[position >> 3u] = temp;
 149              		.loc 1 243 0
 150 0096 40F82650 		str	r5, [r0, r6, lsl #2]
 151              	.LVL19:
 152              	.L7:
 244:Drivers/STM32L4xx_HAL_Driver/Src/stm32l4xx_hal_gpio.c ****       }
 245:Drivers/STM32L4xx_HAL_Driver/Src/stm32l4xx_hal_gpio.c **** 
 246:Drivers/STM32L4xx_HAL_Driver/Src/stm32l4xx_hal_gpio.c ****       /* Configure IO Direction mode (Input, Output, Alternate or Analog) */
 247:Drivers/STM32L4xx_HAL_Driver/Src/stm32l4xx_hal_gpio.c ****       temp = GPIOx->MODER;
 153              		.loc 1 247 0
ARM GAS  /tmp/ccbcTLt4.s 			page 8


 154 009a 0568     		ldr	r5, [r0]
 155              	.LVL20:
 248:Drivers/STM32L4xx_HAL_Driver/Src/stm32l4xx_hal_gpio.c ****       temp &= ~(GPIO_MODER_MODE0 << (position * 2u));
 156              		.loc 1 248 0
 157 009c 04EA0506 		and	r6, r4, r5
 158              	.LVL21:
 249:Drivers/STM32L4xx_HAL_Driver/Src/stm32l4xx_hal_gpio.c ****       temp |= ((GPIO_Init->Mode & GPIO_MODE) << (position * 2u));
 159              		.loc 1 249 0
 160 00a0 4C68     		ldr	r4, [r1, #4]
 161 00a2 04F00305 		and	r5, r4, #3
 162 00a6 05FA07F4 		lsl	r4, r5, r7
 163 00aa 3443     		orrs	r4, r4, r6
 164              	.LVL22:
 250:Drivers/STM32L4xx_HAL_Driver/Src/stm32l4xx_hal_gpio.c ****       GPIOx->MODER = temp;
 165              		.loc 1 250 0
 166 00ac 0460     		str	r4, [r0]
 251:Drivers/STM32L4xx_HAL_Driver/Src/stm32l4xx_hal_gpio.c **** 
 252:Drivers/STM32L4xx_HAL_Driver/Src/stm32l4xx_hal_gpio.c ****       /*--------------------- EXTI Mode Configuration ------------------------*/
 253:Drivers/STM32L4xx_HAL_Driver/Src/stm32l4xx_hal_gpio.c ****       /* Configure the External Interrupt or event for the current IO */
 254:Drivers/STM32L4xx_HAL_Driver/Src/stm32l4xx_hal_gpio.c ****       if((GPIO_Init->Mode & EXTI_MODE) == EXTI_MODE)
 167              		.loc 1 254 0
 168 00ae 4C68     		ldr	r4, [r1, #4]
 169              	.LVL23:
 170 00b0 14F0805F 		tst	r4, #268435456
 171 00b4 66D0     		beq	.L3
 172              	.LBB2:
 255:Drivers/STM32L4xx_HAL_Driver/Src/stm32l4xx_hal_gpio.c ****       {
 256:Drivers/STM32L4xx_HAL_Driver/Src/stm32l4xx_hal_gpio.c ****         /* Enable SYSCFG Clock */
 257:Drivers/STM32L4xx_HAL_Driver/Src/stm32l4xx_hal_gpio.c ****         __HAL_RCC_SYSCFG_CLK_ENABLE();
 173              		.loc 1 257 0
 174 00b6 384C     		ldr	r4, .L20
 175 00b8 256E     		ldr	r5, [r4, #96]
 176 00ba 45F00105 		orr	r5, r5, #1
 177 00be 2566     		str	r5, [r4, #96]
 178              	.LVL24:
 179 00c0 246E     		ldr	r4, [r4, #96]
 180 00c2 04F00104 		and	r4, r4, #1
 181 00c6 0194     		str	r4, [sp, #4]
 182 00c8 019C     		ldr	r4, [sp, #4]
 183              	.LBE2:
 258:Drivers/STM32L4xx_HAL_Driver/Src/stm32l4xx_hal_gpio.c **** 
 259:Drivers/STM32L4xx_HAL_Driver/Src/stm32l4xx_hal_gpio.c ****         temp = SYSCFG->EXTICR[position >> 2u];
 184              		.loc 1 259 0
 185 00ca 9E08     		lsrs	r6, r3, #2
 186 00cc B51C     		adds	r5, r6, #2
 187 00ce 334C     		ldr	r4, .L20+4
 188 00d0 54F82550 		ldr	r5, [r4, r5, lsl #2]
 189              	.LVL25:
 260:Drivers/STM32L4xx_HAL_Driver/Src/stm32l4xx_hal_gpio.c ****         temp &= ~(0x0FuL << (4u * (position & 0x03u)));
 190              		.loc 1 260 0
 191 00d4 03F00304 		and	r4, r3, #3
 192 00d8 A400     		lsls	r4, r4, #2
 193 00da 0F27     		movs	r7, #15
 194 00dc A740     		lsls	r7, r7, r4
 195 00de 25EA0707 		bic	r7, r5, r7
 196              	.LVL26:
 261:Drivers/STM32L4xx_HAL_Driver/Src/stm32l4xx_hal_gpio.c ****         temp |= (GPIO_GET_INDEX(GPIOx) << (4u * (position & 0x03u)));
ARM GAS  /tmp/ccbcTLt4.s 			page 9


 197              		.loc 1 261 0
 198 00e2 B0F1904F 		cmp	r0, #1207959552
 199 00e6 10D0     		beq	.L14
 200              		.loc 1 261 0 is_stmt 0 discriminator 1
 201 00e8 2D4D     		ldr	r5, .L20+8
 202 00ea A842     		cmp	r0, r5
 203 00ec 0FD0     		beq	.L15
 204              		.loc 1 261 0 discriminator 3
 205 00ee 05F58065 		add	r5, r5, #1024
 206 00f2 A842     		cmp	r0, r5
 207 00f4 0DD0     		beq	.L16
 208              		.loc 1 261 0 discriminator 5
 209 00f6 05F58065 		add	r5, r5, #1024
 210 00fa A842     		cmp	r0, r5
 211 00fc 0BD0     		beq	.L17
 212              		.loc 1 261 0 discriminator 7
 213 00fe 05F58065 		add	r5, r5, #1024
 214 0102 A842     		cmp	r0, r5
 215 0104 09D1     		bne	.L18
 216              		.loc 1 261 0
 217 0106 0425     		movs	r5, #4
 218 0108 08E0     		b	.L8
 219              	.L14:
 220 010a 0025     		movs	r5, #0
 221 010c 06E0     		b	.L8
 222              	.L15:
 223 010e 0125     		movs	r5, #1
 224 0110 04E0     		b	.L8
 225              	.L16:
 226 0112 0225     		movs	r5, #2
 227 0114 02E0     		b	.L8
 228              	.L17:
 229 0116 0325     		movs	r5, #3
 230 0118 00E0     		b	.L8
 231              	.L18:
 232 011a 0725     		movs	r5, #7
 233              	.L8:
 234              		.loc 1 261 0 discriminator 20
 235 011c 05FA04F4 		lsl	r4, r5, r4
 236 0120 3C43     		orrs	r4, r4, r7
 237              	.LVL27:
 262:Drivers/STM32L4xx_HAL_Driver/Src/stm32l4xx_hal_gpio.c ****         SYSCFG->EXTICR[position >> 2u] = temp;
 238              		.loc 1 262 0 is_stmt 1 discriminator 20
 239 0122 0236     		adds	r6, r6, #2
 240 0124 1D4D     		ldr	r5, .L20+4
 241 0126 45F82640 		str	r4, [r5, r6, lsl #2]
 263:Drivers/STM32L4xx_HAL_Driver/Src/stm32l4xx_hal_gpio.c **** 
 264:Drivers/STM32L4xx_HAL_Driver/Src/stm32l4xx_hal_gpio.c ****         /* Clear EXTI line configuration */
 265:Drivers/STM32L4xx_HAL_Driver/Src/stm32l4xx_hal_gpio.c ****         temp = EXTI->IMR1;
 242              		.loc 1 265 0 discriminator 20
 243 012a 1E4C     		ldr	r4, .L20+12
 244              	.LVL28:
 245 012c 2568     		ldr	r5, [r4]
 246              	.LVL29:
 266:Drivers/STM32L4xx_HAL_Driver/Src/stm32l4xx_hal_gpio.c ****         temp &= ~(iocurrent);
 247              		.loc 1 266 0 discriminator 20
 248 012e D443     		mvns	r4, r2
ARM GAS  /tmp/ccbcTLt4.s 			page 10


 249 0130 05EA0406 		and	r6, r5, r4
 250              	.LVL30:
 267:Drivers/STM32L4xx_HAL_Driver/Src/stm32l4xx_hal_gpio.c ****         if((GPIO_Init->Mode & GPIO_MODE_IT) == GPIO_MODE_IT)
 251              		.loc 1 267 0 discriminator 20
 252 0134 4F68     		ldr	r7, [r1, #4]
 253 0136 17F4803F 		tst	r7, #65536
 254 013a 01D0     		beq	.L9
 268:Drivers/STM32L4xx_HAL_Driver/Src/stm32l4xx_hal_gpio.c ****         {
 269:Drivers/STM32L4xx_HAL_Driver/Src/stm32l4xx_hal_gpio.c ****           temp |= iocurrent;
 255              		.loc 1 269 0
 256 013c 42EA0506 		orr	r6, r2, r5
 257              	.LVL31:
 258              	.L9:
 270:Drivers/STM32L4xx_HAL_Driver/Src/stm32l4xx_hal_gpio.c ****         }
 271:Drivers/STM32L4xx_HAL_Driver/Src/stm32l4xx_hal_gpio.c ****         EXTI->IMR1 = temp;
 259              		.loc 1 271 0
 260 0140 184D     		ldr	r5, .L20+12
 261 0142 2E60     		str	r6, [r5]
 272:Drivers/STM32L4xx_HAL_Driver/Src/stm32l4xx_hal_gpio.c **** 
 273:Drivers/STM32L4xx_HAL_Driver/Src/stm32l4xx_hal_gpio.c ****         temp = EXTI->EMR1;
 262              		.loc 1 273 0
 263 0144 6D68     		ldr	r5, [r5, #4]
 264              	.LVL32:
 274:Drivers/STM32L4xx_HAL_Driver/Src/stm32l4xx_hal_gpio.c ****         temp &= ~(iocurrent);
 265              		.loc 1 274 0
 266 0146 04EA0506 		and	r6, r4, r5
 267              	.LVL33:
 275:Drivers/STM32L4xx_HAL_Driver/Src/stm32l4xx_hal_gpio.c ****         if((GPIO_Init->Mode & GPIO_MODE_EVT) == GPIO_MODE_EVT)
 268              		.loc 1 275 0
 269 014a 4F68     		ldr	r7, [r1, #4]
 270 014c 17F4003F 		tst	r7, #131072
 271 0150 01D0     		beq	.L10
 276:Drivers/STM32L4xx_HAL_Driver/Src/stm32l4xx_hal_gpio.c ****         {
 277:Drivers/STM32L4xx_HAL_Driver/Src/stm32l4xx_hal_gpio.c ****           temp |= iocurrent;
 272              		.loc 1 277 0
 273 0152 42EA0506 		orr	r6, r2, r5
 274              	.LVL34:
 275              	.L10:
 278:Drivers/STM32L4xx_HAL_Driver/Src/stm32l4xx_hal_gpio.c ****         }
 279:Drivers/STM32L4xx_HAL_Driver/Src/stm32l4xx_hal_gpio.c ****         EXTI->EMR1 = temp;
 276              		.loc 1 279 0
 277 0156 134D     		ldr	r5, .L20+12
 278 0158 6E60     		str	r6, [r5, #4]
 280:Drivers/STM32L4xx_HAL_Driver/Src/stm32l4xx_hal_gpio.c **** 
 281:Drivers/STM32L4xx_HAL_Driver/Src/stm32l4xx_hal_gpio.c ****         /* Clear Rising Falling edge configuration */
 282:Drivers/STM32L4xx_HAL_Driver/Src/stm32l4xx_hal_gpio.c ****         temp = EXTI->RTSR1;
 279              		.loc 1 282 0
 280 015a AD68     		ldr	r5, [r5, #8]
 281              	.LVL35:
 283:Drivers/STM32L4xx_HAL_Driver/Src/stm32l4xx_hal_gpio.c ****         temp &= ~(iocurrent);
 282              		.loc 1 283 0
 283 015c 04EA0506 		and	r6, r4, r5
 284              	.LVL36:
 284:Drivers/STM32L4xx_HAL_Driver/Src/stm32l4xx_hal_gpio.c ****         if((GPIO_Init->Mode & RISING_EDGE) == RISING_EDGE)
 285              		.loc 1 284 0
 286 0160 4F68     		ldr	r7, [r1, #4]
 287 0162 17F4801F 		tst	r7, #1048576
ARM GAS  /tmp/ccbcTLt4.s 			page 11


 288 0166 01D0     		beq	.L11
 285:Drivers/STM32L4xx_HAL_Driver/Src/stm32l4xx_hal_gpio.c ****         {
 286:Drivers/STM32L4xx_HAL_Driver/Src/stm32l4xx_hal_gpio.c ****           temp |= iocurrent;
 289              		.loc 1 286 0
 290 0168 42EA0506 		orr	r6, r2, r5
 291              	.LVL37:
 292              	.L11:
 287:Drivers/STM32L4xx_HAL_Driver/Src/stm32l4xx_hal_gpio.c ****         }
 288:Drivers/STM32L4xx_HAL_Driver/Src/stm32l4xx_hal_gpio.c ****         EXTI->RTSR1 = temp;
 293              		.loc 1 288 0
 294 016c 0D4D     		ldr	r5, .L20+12
 295 016e AE60     		str	r6, [r5, #8]
 289:Drivers/STM32L4xx_HAL_Driver/Src/stm32l4xx_hal_gpio.c **** 
 290:Drivers/STM32L4xx_HAL_Driver/Src/stm32l4xx_hal_gpio.c ****         temp = EXTI->FTSR1;
 296              		.loc 1 290 0
 297 0170 ED68     		ldr	r5, [r5, #12]
 298              	.LVL38:
 291:Drivers/STM32L4xx_HAL_Driver/Src/stm32l4xx_hal_gpio.c ****         temp &= ~(iocurrent);
 299              		.loc 1 291 0
 300 0172 2C40     		ands	r4, r4, r5
 301              	.LVL39:
 292:Drivers/STM32L4xx_HAL_Driver/Src/stm32l4xx_hal_gpio.c ****         if((GPIO_Init->Mode & FALLING_EDGE) == FALLING_EDGE)
 302              		.loc 1 292 0
 303 0174 4E68     		ldr	r6, [r1, #4]
 304 0176 16F4001F 		tst	r6, #2097152
 305 017a 01D0     		beq	.L12
 293:Drivers/STM32L4xx_HAL_Driver/Src/stm32l4xx_hal_gpio.c ****         {
 294:Drivers/STM32L4xx_HAL_Driver/Src/stm32l4xx_hal_gpio.c ****           temp |= iocurrent;
 306              		.loc 1 294 0
 307 017c 42EA0504 		orr	r4, r2, r5
 308              	.LVL40:
 309              	.L12:
 295:Drivers/STM32L4xx_HAL_Driver/Src/stm32l4xx_hal_gpio.c ****         }
 296:Drivers/STM32L4xx_HAL_Driver/Src/stm32l4xx_hal_gpio.c ****         EXTI->FTSR1 = temp;
 310              		.loc 1 296 0
 311 0180 084A     		ldr	r2, .L20+12
 312              	.LVL41:
 313 0182 D460     		str	r4, [r2, #12]
 314              	.LVL42:
 315              	.L3:
 297:Drivers/STM32L4xx_HAL_Driver/Src/stm32l4xx_hal_gpio.c ****       }
 298:Drivers/STM32L4xx_HAL_Driver/Src/stm32l4xx_hal_gpio.c ****     }
 299:Drivers/STM32L4xx_HAL_Driver/Src/stm32l4xx_hal_gpio.c **** 
 300:Drivers/STM32L4xx_HAL_Driver/Src/stm32l4xx_hal_gpio.c ****     position++;
 316              		.loc 1 300 0
 317 0184 0133     		adds	r3, r3, #1
 318              	.LVL43:
 319              	.L2:
 185:Drivers/STM32L4xx_HAL_Driver/Src/stm32l4xx_hal_gpio.c ****   {
 320              		.loc 1 185 0
 321 0186 0A68     		ldr	r2, [r1]
 322 0188 32FA03F4 		lsrs	r4, r2, r3
 323 018c 7FF43DAF 		bne	.L13
 301:Drivers/STM32L4xx_HAL_Driver/Src/stm32l4xx_hal_gpio.c ****   }
 302:Drivers/STM32L4xx_HAL_Driver/Src/stm32l4xx_hal_gpio.c **** }
 324              		.loc 1 302 0
 325 0190 02B0     		add	sp, sp, #8
ARM GAS  /tmp/ccbcTLt4.s 			page 12


 326              	.LCFI2:
 327              		.cfi_def_cfa_offset 24
 328              		@ sp needed
 329 0192 BDE8F081 		pop	{r4, r5, r6, r7, r8, pc}
 330              	.L21:
 331 0196 00BF     		.align	2
 332              	.L20:
 333 0198 00100240 		.word	1073876992
 334 019c 00000140 		.word	1073807360
 335 01a0 00040048 		.word	1207960576
 336 01a4 00040140 		.word	1073808384
 337              		.cfi_endproc
 338              	.LFE132:
 340              		.section	.text.HAL_GPIO_DeInit,"ax",%progbits
 341              		.align	2
 342              		.global	HAL_GPIO_DeInit
 343              		.thumb
 344              		.thumb_func
 346              	HAL_GPIO_DeInit:
 347              	.LFB133:
 303:Drivers/STM32L4xx_HAL_Driver/Src/stm32l4xx_hal_gpio.c **** 
 304:Drivers/STM32L4xx_HAL_Driver/Src/stm32l4xx_hal_gpio.c **** /**
 305:Drivers/STM32L4xx_HAL_Driver/Src/stm32l4xx_hal_gpio.c ****   * @brief  De-initialize the GPIOx peripheral registers to their default reset values.
 306:Drivers/STM32L4xx_HAL_Driver/Src/stm32l4xx_hal_gpio.c ****   * @param  GPIOx where x can be (A..H) to select the GPIO peripheral for STM32L4 family
 307:Drivers/STM32L4xx_HAL_Driver/Src/stm32l4xx_hal_gpio.c ****   * @param  GPIO_Pin specifies the port bit to be written.
 308:Drivers/STM32L4xx_HAL_Driver/Src/stm32l4xx_hal_gpio.c ****   *         This parameter can be any combination of GPIO_Pin_x where x can be (0..15).
 309:Drivers/STM32L4xx_HAL_Driver/Src/stm32l4xx_hal_gpio.c ****   * @retval None
 310:Drivers/STM32L4xx_HAL_Driver/Src/stm32l4xx_hal_gpio.c ****   */
 311:Drivers/STM32L4xx_HAL_Driver/Src/stm32l4xx_hal_gpio.c **** void HAL_GPIO_DeInit(GPIO_TypeDef  *GPIOx, uint32_t GPIO_Pin)
 312:Drivers/STM32L4xx_HAL_Driver/Src/stm32l4xx_hal_gpio.c **** {
 348              		.loc 1 312 0
 349              		.cfi_startproc
 350              		@ args = 0, pretend = 0, frame = 0
 351              		@ frame_needed = 0, uses_anonymous_args = 0
 352              	.LVL44:
 353 0000 F0B5     		push	{r4, r5, r6, r7, lr}
 354              	.LCFI3:
 355              		.cfi_def_cfa_offset 20
 356              		.cfi_offset 4, -20
 357              		.cfi_offset 5, -16
 358              		.cfi_offset 6, -12
 359              		.cfi_offset 7, -8
 360              		.cfi_offset 14, -4
 361              	.LVL45:
 313:Drivers/STM32L4xx_HAL_Driver/Src/stm32l4xx_hal_gpio.c ****   uint32_t position = 0x00u;
 362              		.loc 1 313 0
 363 0002 0023     		movs	r3, #0
 314:Drivers/STM32L4xx_HAL_Driver/Src/stm32l4xx_hal_gpio.c ****   uint32_t iocurrent;
 315:Drivers/STM32L4xx_HAL_Driver/Src/stm32l4xx_hal_gpio.c ****   uint32_t tmp;
 316:Drivers/STM32L4xx_HAL_Driver/Src/stm32l4xx_hal_gpio.c **** 
 317:Drivers/STM32L4xx_HAL_Driver/Src/stm32l4xx_hal_gpio.c ****   /* Check the parameters */
 318:Drivers/STM32L4xx_HAL_Driver/Src/stm32l4xx_hal_gpio.c ****   assert_param(IS_GPIO_ALL_INSTANCE(GPIOx));
 319:Drivers/STM32L4xx_HAL_Driver/Src/stm32l4xx_hal_gpio.c ****   assert_param(IS_GPIO_PIN(GPIO_Pin));
 320:Drivers/STM32L4xx_HAL_Driver/Src/stm32l4xx_hal_gpio.c **** 
 321:Drivers/STM32L4xx_HAL_Driver/Src/stm32l4xx_hal_gpio.c ****   /* Configure the port pins */
 322:Drivers/STM32L4xx_HAL_Driver/Src/stm32l4xx_hal_gpio.c ****   while ((GPIO_Pin >> position) != 0x00u)
 364              		.loc 1 322 0
ARM GAS  /tmp/ccbcTLt4.s 			page 13


 365 0004 6FE0     		b	.L23
 366              	.LVL46:
 367              	.L27:
 323:Drivers/STM32L4xx_HAL_Driver/Src/stm32l4xx_hal_gpio.c ****   {
 324:Drivers/STM32L4xx_HAL_Driver/Src/stm32l4xx_hal_gpio.c ****     /* Get current io position */
 325:Drivers/STM32L4xx_HAL_Driver/Src/stm32l4xx_hal_gpio.c ****     iocurrent = (GPIO_Pin) & (1uL << position);
 368              		.loc 1 325 0
 369 0006 0122     		movs	r2, #1
 370 0008 9A40     		lsls	r2, r2, r3
 371              	.LVL47:
 326:Drivers/STM32L4xx_HAL_Driver/Src/stm32l4xx_hal_gpio.c **** 
 327:Drivers/STM32L4xx_HAL_Driver/Src/stm32l4xx_hal_gpio.c ****     if (iocurrent != 0x00u)
 372              		.loc 1 327 0
 373 000a 11EA0207 		ands	r7, r1, r2
 374              	.LVL48:
 375 000e 69D0     		beq	.L24
 328:Drivers/STM32L4xx_HAL_Driver/Src/stm32l4xx_hal_gpio.c ****     {
 329:Drivers/STM32L4xx_HAL_Driver/Src/stm32l4xx_hal_gpio.c ****       /*------------------------- EXTI Mode Configuration --------------------*/
 330:Drivers/STM32L4xx_HAL_Driver/Src/stm32l4xx_hal_gpio.c ****       /* Clear the External Interrupt or Event for the current IO */
 331:Drivers/STM32L4xx_HAL_Driver/Src/stm32l4xx_hal_gpio.c **** 
 332:Drivers/STM32L4xx_HAL_Driver/Src/stm32l4xx_hal_gpio.c ****       tmp = SYSCFG->EXTICR[position >> 2u];
 376              		.loc 1 332 0
 377 0010 4FEA930E 		lsr	lr, r3, #2
 378 0014 0EF10205 		add	r5, lr, #2
 379 0018 354C     		ldr	r4, .L34
 380 001a 54F82550 		ldr	r5, [r4, r5, lsl #2]
 381              	.LVL49:
 333:Drivers/STM32L4xx_HAL_Driver/Src/stm32l4xx_hal_gpio.c ****       tmp &= (0x0FuL << (4u * (position & 0x03u)));
 382              		.loc 1 333 0
 383 001e 03F00304 		and	r4, r3, #3
 384 0022 A400     		lsls	r4, r4, #2
 385 0024 0F26     		movs	r6, #15
 386 0026 06FA04FC 		lsl	ip, r6, r4
 387 002a 05EA0C05 		and	r5, r5, ip
 388              	.LVL50:
 334:Drivers/STM32L4xx_HAL_Driver/Src/stm32l4xx_hal_gpio.c ****       if (tmp == (GPIO_GET_INDEX(GPIOx) << (4u * (position & 0x03u))))
 389              		.loc 1 334 0
 390 002e B0F1904F 		cmp	r0, #1207959552
 391 0032 10D0     		beq	.L28
 392              		.loc 1 334 0 is_stmt 0 discriminator 1
 393 0034 2F4E     		ldr	r6, .L34+4
 394 0036 B042     		cmp	r0, r6
 395 0038 0FD0     		beq	.L29
 396              		.loc 1 334 0 discriminator 3
 397 003a 06F58066 		add	r6, r6, #1024
 398 003e B042     		cmp	r0, r6
 399 0040 0DD0     		beq	.L30
 400              		.loc 1 334 0 discriminator 5
 401 0042 06F58066 		add	r6, r6, #1024
 402 0046 B042     		cmp	r0, r6
 403 0048 0BD0     		beq	.L31
 404              		.loc 1 334 0 discriminator 7
 405 004a 06F58066 		add	r6, r6, #1024
 406 004e B042     		cmp	r0, r6
 407 0050 09D1     		bne	.L32
 408              		.loc 1 334 0
 409 0052 0426     		movs	r6, #4
ARM GAS  /tmp/ccbcTLt4.s 			page 14


 410 0054 08E0     		b	.L25
 411              	.L28:
 412 0056 0026     		movs	r6, #0
 413 0058 06E0     		b	.L25
 414              	.L29:
 415 005a 0126     		movs	r6, #1
 416 005c 04E0     		b	.L25
 417              	.L30:
 418 005e 0226     		movs	r6, #2
 419 0060 02E0     		b	.L25
 420              	.L31:
 421 0062 0326     		movs	r6, #3
 422 0064 00E0     		b	.L25
 423              	.L32:
 424 0066 0726     		movs	r6, #7
 425              	.L25:
 426              		.loc 1 334 0 discriminator 20
 427 0068 06FA04F4 		lsl	r4, r6, r4
 428 006c A542     		cmp	r5, r4
 429 006e 17D1     		bne	.L26
 335:Drivers/STM32L4xx_HAL_Driver/Src/stm32l4xx_hal_gpio.c ****       {
 336:Drivers/STM32L4xx_HAL_Driver/Src/stm32l4xx_hal_gpio.c ****         /* Clear EXTI line configuration */
 337:Drivers/STM32L4xx_HAL_Driver/Src/stm32l4xx_hal_gpio.c ****         EXTI->IMR1 &= ~(iocurrent);
 430              		.loc 1 337 0 is_stmt 1
 431 0070 214D     		ldr	r5, .L34+8
 432              	.LVL51:
 433 0072 2C68     		ldr	r4, [r5]
 434 0074 FF43     		mvns	r7, r7
 435              	.LVL52:
 436 0076 3C40     		ands	r4, r4, r7
 437 0078 2C60     		str	r4, [r5]
 338:Drivers/STM32L4xx_HAL_Driver/Src/stm32l4xx_hal_gpio.c ****         EXTI->EMR1 &= ~(iocurrent);
 438              		.loc 1 338 0
 439 007a 6C68     		ldr	r4, [r5, #4]
 440 007c 3C40     		ands	r4, r4, r7
 441 007e 6C60     		str	r4, [r5, #4]
 339:Drivers/STM32L4xx_HAL_Driver/Src/stm32l4xx_hal_gpio.c **** 
 340:Drivers/STM32L4xx_HAL_Driver/Src/stm32l4xx_hal_gpio.c ****         /* Clear Rising Falling edge configuration */
 341:Drivers/STM32L4xx_HAL_Driver/Src/stm32l4xx_hal_gpio.c ****         EXTI->RTSR1 &= ~(iocurrent);
 442              		.loc 1 341 0
 443 0080 AC68     		ldr	r4, [r5, #8]
 444 0082 3C40     		ands	r4, r4, r7
 445 0084 AC60     		str	r4, [r5, #8]
 342:Drivers/STM32L4xx_HAL_Driver/Src/stm32l4xx_hal_gpio.c ****         EXTI->FTSR1 &= ~(iocurrent);
 446              		.loc 1 342 0
 447 0086 EC68     		ldr	r4, [r5, #12]
 448 0088 2740     		ands	r7, r7, r4
 449              	.LVL53:
 450 008a EF60     		str	r7, [r5, #12]
 451              	.LVL54:
 343:Drivers/STM32L4xx_HAL_Driver/Src/stm32l4xx_hal_gpio.c **** 
 344:Drivers/STM32L4xx_HAL_Driver/Src/stm32l4xx_hal_gpio.c ****         tmp = 0x0FuL << (4u * (position & 0x03u));
 345:Drivers/STM32L4xx_HAL_Driver/Src/stm32l4xx_hal_gpio.c ****         SYSCFG->EXTICR[position >> 2u] &= ~tmp;
 452              		.loc 1 345 0
 453 008c A5F58065 		sub	r5, r5, #1024
 454 0090 0EF10204 		add	r4, lr, #2
 455 0094 55F82460 		ldr	r6, [r5, r4, lsl #2]
ARM GAS  /tmp/ccbcTLt4.s 			page 15


 456 0098 26EA0C06 		bic	r6, r6, ip
 457 009c 45F82460 		str	r6, [r5, r4, lsl #2]
 458              	.LVL55:
 459              	.L26:
 346:Drivers/STM32L4xx_HAL_Driver/Src/stm32l4xx_hal_gpio.c ****       }
 347:Drivers/STM32L4xx_HAL_Driver/Src/stm32l4xx_hal_gpio.c **** 
 348:Drivers/STM32L4xx_HAL_Driver/Src/stm32l4xx_hal_gpio.c ****       /*------------------------- GPIO Mode Configuration --------------------*/
 349:Drivers/STM32L4xx_HAL_Driver/Src/stm32l4xx_hal_gpio.c ****       /* Configure IO in Analog Mode */
 350:Drivers/STM32L4xx_HAL_Driver/Src/stm32l4xx_hal_gpio.c ****       GPIOx->MODER |= (GPIO_MODER_MODE0 << (position * 2u));
 460              		.loc 1 350 0
 461 00a0 0568     		ldr	r5, [r0]
 462 00a2 5C00     		lsls	r4, r3, #1
 463 00a4 0326     		movs	r6, #3
 464 00a6 06FA04F4 		lsl	r4, r6, r4
 465 00aa 2543     		orrs	r5, r5, r4
 466 00ac 0560     		str	r5, [r0]
 351:Drivers/STM32L4xx_HAL_Driver/Src/stm32l4xx_hal_gpio.c **** 
 352:Drivers/STM32L4xx_HAL_Driver/Src/stm32l4xx_hal_gpio.c ****       /* Configure the default Alternate Function in current IO */
 353:Drivers/STM32L4xx_HAL_Driver/Src/stm32l4xx_hal_gpio.c ****       GPIOx->AFR[position >> 3u] &= ~(0xFu << ((position & 0x07u) * 4u)) ;
 467              		.loc 1 353 0
 468 00ae 23FA06F5 		lsr	r5, r3, r6
 469 00b2 0835     		adds	r5, r5, #8
 470 00b4 50F82570 		ldr	r7, [r0, r5, lsl #2]
 471 00b8 03F00706 		and	r6, r3, #7
 472 00bc 4FEA860E 		lsl	lr, r6, #2
 473 00c0 0F26     		movs	r6, #15
 474 00c2 06FA0EF6 		lsl	r6, r6, lr
 475 00c6 27EA0606 		bic	r6, r7, r6
 476 00ca 40F82560 		str	r6, [r0, r5, lsl #2]
 354:Drivers/STM32L4xx_HAL_Driver/Src/stm32l4xx_hal_gpio.c **** 
 355:Drivers/STM32L4xx_HAL_Driver/Src/stm32l4xx_hal_gpio.c ****       /* Configure the default value for IO Speed */
 356:Drivers/STM32L4xx_HAL_Driver/Src/stm32l4xx_hal_gpio.c ****       GPIOx->OSPEEDR &= ~(GPIO_OSPEEDR_OSPEED0 << (position * 2u));
 477              		.loc 1 356 0
 478 00ce 8568     		ldr	r5, [r0, #8]
 479 00d0 E443     		mvns	r4, r4
 480 00d2 2540     		ands	r5, r5, r4
 481 00d4 8560     		str	r5, [r0, #8]
 357:Drivers/STM32L4xx_HAL_Driver/Src/stm32l4xx_hal_gpio.c **** 
 358:Drivers/STM32L4xx_HAL_Driver/Src/stm32l4xx_hal_gpio.c ****       /* Configure the default value IO Output Type */
 359:Drivers/STM32L4xx_HAL_Driver/Src/stm32l4xx_hal_gpio.c ****       GPIOx->OTYPER  &= ~(GPIO_OTYPER_OT0 << position) ;
 482              		.loc 1 359 0
 483 00d6 4568     		ldr	r5, [r0, #4]
 484 00d8 25EA0202 		bic	r2, r5, r2
 485              	.LVL56:
 486 00dc 4260     		str	r2, [r0, #4]
 360:Drivers/STM32L4xx_HAL_Driver/Src/stm32l4xx_hal_gpio.c **** 
 361:Drivers/STM32L4xx_HAL_Driver/Src/stm32l4xx_hal_gpio.c ****       /* Deactivate the Pull-up and Pull-down resistor for the current IO */
 362:Drivers/STM32L4xx_HAL_Driver/Src/stm32l4xx_hal_gpio.c ****       GPIOx->PUPDR &= ~(GPIO_PUPDR_PUPD0 << (position * 2u));
 487              		.loc 1 362 0
 488 00de C268     		ldr	r2, [r0, #12]
 489 00e0 1440     		ands	r4, r4, r2
 490 00e2 C460     		str	r4, [r0, #12]
 491              	.L24:
 363:Drivers/STM32L4xx_HAL_Driver/Src/stm32l4xx_hal_gpio.c **** 
 364:Drivers/STM32L4xx_HAL_Driver/Src/stm32l4xx_hal_gpio.c **** #if defined(STM32L471xx) || defined(STM32L475xx) || defined(STM32L476xx) || defined(STM32L485xx) ||
 365:Drivers/STM32L4xx_HAL_Driver/Src/stm32l4xx_hal_gpio.c ****       /* Deactivate the Control bit of Analog mode for the current IO */
 366:Drivers/STM32L4xx_HAL_Driver/Src/stm32l4xx_hal_gpio.c ****       GPIOx->ASCR &= ~(GPIO_ASCR_ASC0<< position);
ARM GAS  /tmp/ccbcTLt4.s 			page 16


 367:Drivers/STM32L4xx_HAL_Driver/Src/stm32l4xx_hal_gpio.c **** #endif /* STM32L471xx || STM32L475xx || STM32L476xx || STM32L485xx || STM32L486xx */
 368:Drivers/STM32L4xx_HAL_Driver/Src/stm32l4xx_hal_gpio.c ****     }
 369:Drivers/STM32L4xx_HAL_Driver/Src/stm32l4xx_hal_gpio.c **** 
 370:Drivers/STM32L4xx_HAL_Driver/Src/stm32l4xx_hal_gpio.c ****     position++;
 492              		.loc 1 370 0
 493 00e4 0133     		adds	r3, r3, #1
 494              	.LVL57:
 495              	.L23:
 322:Drivers/STM32L4xx_HAL_Driver/Src/stm32l4xx_hal_gpio.c ****   {
 496              		.loc 1 322 0
 497 00e6 31FA03F2 		lsrs	r2, r1, r3
 498 00ea 8CD1     		bne	.L27
 371:Drivers/STM32L4xx_HAL_Driver/Src/stm32l4xx_hal_gpio.c ****   }
 372:Drivers/STM32L4xx_HAL_Driver/Src/stm32l4xx_hal_gpio.c **** }
 499              		.loc 1 372 0
 500 00ec F0BD     		pop	{r4, r5, r6, r7, pc}
 501              	.L35:
 502 00ee 00BF     		.align	2
 503              	.L34:
 504 00f0 00000140 		.word	1073807360
 505 00f4 00040048 		.word	1207960576
 506 00f8 00040140 		.word	1073808384
 507              		.cfi_endproc
 508              	.LFE133:
 510              		.section	.text.HAL_GPIO_ReadPin,"ax",%progbits
 511              		.align	2
 512              		.global	HAL_GPIO_ReadPin
 513              		.thumb
 514              		.thumb_func
 516              	HAL_GPIO_ReadPin:
 517              	.LFB134:
 373:Drivers/STM32L4xx_HAL_Driver/Src/stm32l4xx_hal_gpio.c **** 
 374:Drivers/STM32L4xx_HAL_Driver/Src/stm32l4xx_hal_gpio.c **** /**
 375:Drivers/STM32L4xx_HAL_Driver/Src/stm32l4xx_hal_gpio.c ****   * @}
 376:Drivers/STM32L4xx_HAL_Driver/Src/stm32l4xx_hal_gpio.c ****   */
 377:Drivers/STM32L4xx_HAL_Driver/Src/stm32l4xx_hal_gpio.c **** 
 378:Drivers/STM32L4xx_HAL_Driver/Src/stm32l4xx_hal_gpio.c **** /** @defgroup GPIO_Exported_Functions_Group2 IO operation functions
 379:Drivers/STM32L4xx_HAL_Driver/Src/stm32l4xx_hal_gpio.c ****  *  @brief GPIO Read, Write, Toggle, Lock and EXTI management functions.
 380:Drivers/STM32L4xx_HAL_Driver/Src/stm32l4xx_hal_gpio.c ****  *
 381:Drivers/STM32L4xx_HAL_Driver/Src/stm32l4xx_hal_gpio.c **** @verbatim
 382:Drivers/STM32L4xx_HAL_Driver/Src/stm32l4xx_hal_gpio.c ****  ===============================================================================
 383:Drivers/STM32L4xx_HAL_Driver/Src/stm32l4xx_hal_gpio.c ****                        ##### IO operation functions #####
 384:Drivers/STM32L4xx_HAL_Driver/Src/stm32l4xx_hal_gpio.c ****  ===============================================================================
 385:Drivers/STM32L4xx_HAL_Driver/Src/stm32l4xx_hal_gpio.c **** 
 386:Drivers/STM32L4xx_HAL_Driver/Src/stm32l4xx_hal_gpio.c **** @endverbatim
 387:Drivers/STM32L4xx_HAL_Driver/Src/stm32l4xx_hal_gpio.c ****   * @{
 388:Drivers/STM32L4xx_HAL_Driver/Src/stm32l4xx_hal_gpio.c ****   */
 389:Drivers/STM32L4xx_HAL_Driver/Src/stm32l4xx_hal_gpio.c **** 
 390:Drivers/STM32L4xx_HAL_Driver/Src/stm32l4xx_hal_gpio.c **** /**
 391:Drivers/STM32L4xx_HAL_Driver/Src/stm32l4xx_hal_gpio.c ****   * @brief  Read the specified input port pin.
 392:Drivers/STM32L4xx_HAL_Driver/Src/stm32l4xx_hal_gpio.c ****   * @param  GPIOx where x can be (A..H) to select the GPIO peripheral for STM32L4 family
 393:Drivers/STM32L4xx_HAL_Driver/Src/stm32l4xx_hal_gpio.c ****   * @param  GPIO_Pin specifies the port bit to read.
 394:Drivers/STM32L4xx_HAL_Driver/Src/stm32l4xx_hal_gpio.c ****   *         This parameter can be any combination of GPIO_Pin_x where x can be (0..15).
 395:Drivers/STM32L4xx_HAL_Driver/Src/stm32l4xx_hal_gpio.c ****   * @retval The input port pin value.
 396:Drivers/STM32L4xx_HAL_Driver/Src/stm32l4xx_hal_gpio.c ****   */
 397:Drivers/STM32L4xx_HAL_Driver/Src/stm32l4xx_hal_gpio.c **** GPIO_PinState HAL_GPIO_ReadPin(GPIO_TypeDef* GPIOx, uint16_t GPIO_Pin)
 398:Drivers/STM32L4xx_HAL_Driver/Src/stm32l4xx_hal_gpio.c **** {
ARM GAS  /tmp/ccbcTLt4.s 			page 17


 518              		.loc 1 398 0
 519              		.cfi_startproc
 520              		@ args = 0, pretend = 0, frame = 0
 521              		@ frame_needed = 0, uses_anonymous_args = 0
 522              		@ link register save eliminated.
 523              	.LVL58:
 399:Drivers/STM32L4xx_HAL_Driver/Src/stm32l4xx_hal_gpio.c ****   GPIO_PinState bitstatus;
 400:Drivers/STM32L4xx_HAL_Driver/Src/stm32l4xx_hal_gpio.c **** 
 401:Drivers/STM32L4xx_HAL_Driver/Src/stm32l4xx_hal_gpio.c ****   /* Check the parameters */
 402:Drivers/STM32L4xx_HAL_Driver/Src/stm32l4xx_hal_gpio.c ****   assert_param(IS_GPIO_PIN(GPIO_Pin));
 403:Drivers/STM32L4xx_HAL_Driver/Src/stm32l4xx_hal_gpio.c **** 
 404:Drivers/STM32L4xx_HAL_Driver/Src/stm32l4xx_hal_gpio.c ****   if ((GPIOx->IDR & GPIO_Pin) != 0x00u)
 524              		.loc 1 404 0
 525 0000 0369     		ldr	r3, [r0, #16]
 526 0002 1942     		tst	r1, r3
 527 0004 01D0     		beq	.L38
 405:Drivers/STM32L4xx_HAL_Driver/Src/stm32l4xx_hal_gpio.c ****   {
 406:Drivers/STM32L4xx_HAL_Driver/Src/stm32l4xx_hal_gpio.c ****     bitstatus = GPIO_PIN_SET;
 528              		.loc 1 406 0
 529 0006 0120     		movs	r0, #1
 530              	.LVL59:
 531 0008 7047     		bx	lr
 532              	.LVL60:
 533              	.L38:
 407:Drivers/STM32L4xx_HAL_Driver/Src/stm32l4xx_hal_gpio.c ****   }
 408:Drivers/STM32L4xx_HAL_Driver/Src/stm32l4xx_hal_gpio.c ****   else
 409:Drivers/STM32L4xx_HAL_Driver/Src/stm32l4xx_hal_gpio.c ****   {
 410:Drivers/STM32L4xx_HAL_Driver/Src/stm32l4xx_hal_gpio.c ****     bitstatus = GPIO_PIN_RESET;
 534              		.loc 1 410 0
 535 000a 0020     		movs	r0, #0
 536              	.LVL61:
 411:Drivers/STM32L4xx_HAL_Driver/Src/stm32l4xx_hal_gpio.c ****   }
 412:Drivers/STM32L4xx_HAL_Driver/Src/stm32l4xx_hal_gpio.c ****   return bitstatus;
 413:Drivers/STM32L4xx_HAL_Driver/Src/stm32l4xx_hal_gpio.c **** }
 537              		.loc 1 413 0
 538 000c 7047     		bx	lr
 539              		.cfi_endproc
 540              	.LFE134:
 542 000e 00BF     		.section	.text.HAL_GPIO_WritePin,"ax",%progbits
 543              		.align	2
 544              		.global	HAL_GPIO_WritePin
 545              		.thumb
 546              		.thumb_func
 548              	HAL_GPIO_WritePin:
 549              	.LFB135:
 414:Drivers/STM32L4xx_HAL_Driver/Src/stm32l4xx_hal_gpio.c **** 
 415:Drivers/STM32L4xx_HAL_Driver/Src/stm32l4xx_hal_gpio.c **** /**
 416:Drivers/STM32L4xx_HAL_Driver/Src/stm32l4xx_hal_gpio.c ****   * @brief  Set or clear the selected data port bit.
 417:Drivers/STM32L4xx_HAL_Driver/Src/stm32l4xx_hal_gpio.c ****   *
 418:Drivers/STM32L4xx_HAL_Driver/Src/stm32l4xx_hal_gpio.c ****   * @note   This function uses GPIOx_BSRR and GPIOx_BRR registers to allow atomic read/modify
 419:Drivers/STM32L4xx_HAL_Driver/Src/stm32l4xx_hal_gpio.c ****   *         accesses. In this way, there is no risk of an IRQ occurring between
 420:Drivers/STM32L4xx_HAL_Driver/Src/stm32l4xx_hal_gpio.c ****   *         the read and the modify access.
 421:Drivers/STM32L4xx_HAL_Driver/Src/stm32l4xx_hal_gpio.c ****   *
 422:Drivers/STM32L4xx_HAL_Driver/Src/stm32l4xx_hal_gpio.c ****   * @param  GPIOx where x can be (A..H) to select the GPIO peripheral for STM32L4 family
 423:Drivers/STM32L4xx_HAL_Driver/Src/stm32l4xx_hal_gpio.c ****   * @param  GPIO_Pin specifies the port bit to be written.
 424:Drivers/STM32L4xx_HAL_Driver/Src/stm32l4xx_hal_gpio.c ****   *         This parameter can be any combination of GPIO_Pin_x where x can be (0..15).
 425:Drivers/STM32L4xx_HAL_Driver/Src/stm32l4xx_hal_gpio.c ****   * @param  PinState specifies the value to be written to the selected bit.
ARM GAS  /tmp/ccbcTLt4.s 			page 18


 426:Drivers/STM32L4xx_HAL_Driver/Src/stm32l4xx_hal_gpio.c ****   *         This parameter can be one of the GPIO_PinState enum values:
 427:Drivers/STM32L4xx_HAL_Driver/Src/stm32l4xx_hal_gpio.c ****   *            @arg GPIO_PIN_RESET: to clear the port pin
 428:Drivers/STM32L4xx_HAL_Driver/Src/stm32l4xx_hal_gpio.c ****   *            @arg GPIO_PIN_SET: to set the port pin
 429:Drivers/STM32L4xx_HAL_Driver/Src/stm32l4xx_hal_gpio.c ****   * @retval None
 430:Drivers/STM32L4xx_HAL_Driver/Src/stm32l4xx_hal_gpio.c ****   */
 431:Drivers/STM32L4xx_HAL_Driver/Src/stm32l4xx_hal_gpio.c **** void HAL_GPIO_WritePin(GPIO_TypeDef* GPIOx, uint16_t GPIO_Pin, GPIO_PinState PinState)
 432:Drivers/STM32L4xx_HAL_Driver/Src/stm32l4xx_hal_gpio.c **** {
 550              		.loc 1 432 0
 551              		.cfi_startproc
 552              		@ args = 0, pretend = 0, frame = 0
 553              		@ frame_needed = 0, uses_anonymous_args = 0
 554              		@ link register save eliminated.
 555              	.LVL62:
 433:Drivers/STM32L4xx_HAL_Driver/Src/stm32l4xx_hal_gpio.c ****   /* Check the parameters */
 434:Drivers/STM32L4xx_HAL_Driver/Src/stm32l4xx_hal_gpio.c ****   assert_param(IS_GPIO_PIN(GPIO_Pin));
 435:Drivers/STM32L4xx_HAL_Driver/Src/stm32l4xx_hal_gpio.c ****   assert_param(IS_GPIO_PIN_ACTION(PinState));
 436:Drivers/STM32L4xx_HAL_Driver/Src/stm32l4xx_hal_gpio.c **** 
 437:Drivers/STM32L4xx_HAL_Driver/Src/stm32l4xx_hal_gpio.c ****   if(PinState != GPIO_PIN_RESET)
 556              		.loc 1 437 0
 557 0000 0AB1     		cbz	r2, .L40
 438:Drivers/STM32L4xx_HAL_Driver/Src/stm32l4xx_hal_gpio.c ****   {
 439:Drivers/STM32L4xx_HAL_Driver/Src/stm32l4xx_hal_gpio.c ****     GPIOx->BSRR = (uint32_t)GPIO_Pin;
 558              		.loc 1 439 0
 559 0002 8161     		str	r1, [r0, #24]
 560 0004 7047     		bx	lr
 561              	.L40:
 440:Drivers/STM32L4xx_HAL_Driver/Src/stm32l4xx_hal_gpio.c ****   }
 441:Drivers/STM32L4xx_HAL_Driver/Src/stm32l4xx_hal_gpio.c ****   else
 442:Drivers/STM32L4xx_HAL_Driver/Src/stm32l4xx_hal_gpio.c ****   {
 443:Drivers/STM32L4xx_HAL_Driver/Src/stm32l4xx_hal_gpio.c ****     GPIOx->BRR = (uint32_t)GPIO_Pin;
 562              		.loc 1 443 0
 563 0006 8162     		str	r1, [r0, #40]
 564 0008 7047     		bx	lr
 565              		.cfi_endproc
 566              	.LFE135:
 568 000a 00BF     		.section	.text.HAL_GPIO_TogglePin,"ax",%progbits
 569              		.align	2
 570              		.global	HAL_GPIO_TogglePin
 571              		.thumb
 572              		.thumb_func
 574              	HAL_GPIO_TogglePin:
 575              	.LFB136:
 444:Drivers/STM32L4xx_HAL_Driver/Src/stm32l4xx_hal_gpio.c ****   }
 445:Drivers/STM32L4xx_HAL_Driver/Src/stm32l4xx_hal_gpio.c **** }
 446:Drivers/STM32L4xx_HAL_Driver/Src/stm32l4xx_hal_gpio.c **** 
 447:Drivers/STM32L4xx_HAL_Driver/Src/stm32l4xx_hal_gpio.c **** /**
 448:Drivers/STM32L4xx_HAL_Driver/Src/stm32l4xx_hal_gpio.c ****   * @brief  Toggle the specified GPIO pin.
 449:Drivers/STM32L4xx_HAL_Driver/Src/stm32l4xx_hal_gpio.c ****   * @param  GPIOx where x can be (A..H) to select the GPIO peripheral for STM32L4 family
 450:Drivers/STM32L4xx_HAL_Driver/Src/stm32l4xx_hal_gpio.c ****   * @param  GPIO_Pin specifies the pin to be toggled.
 451:Drivers/STM32L4xx_HAL_Driver/Src/stm32l4xx_hal_gpio.c ****   * @retval None
 452:Drivers/STM32L4xx_HAL_Driver/Src/stm32l4xx_hal_gpio.c ****   */
 453:Drivers/STM32L4xx_HAL_Driver/Src/stm32l4xx_hal_gpio.c **** void HAL_GPIO_TogglePin(GPIO_TypeDef* GPIOx, uint16_t GPIO_Pin)
 454:Drivers/STM32L4xx_HAL_Driver/Src/stm32l4xx_hal_gpio.c **** {
 576              		.loc 1 454 0
 577              		.cfi_startproc
 578              		@ args = 0, pretend = 0, frame = 0
 579              		@ frame_needed = 0, uses_anonymous_args = 0
ARM GAS  /tmp/ccbcTLt4.s 			page 19


 580              		@ link register save eliminated.
 581              	.LVL63:
 455:Drivers/STM32L4xx_HAL_Driver/Src/stm32l4xx_hal_gpio.c ****   uint32_t odr;
 456:Drivers/STM32L4xx_HAL_Driver/Src/stm32l4xx_hal_gpio.c **** 
 457:Drivers/STM32L4xx_HAL_Driver/Src/stm32l4xx_hal_gpio.c ****   /* Check the parameters */
 458:Drivers/STM32L4xx_HAL_Driver/Src/stm32l4xx_hal_gpio.c ****   assert_param(IS_GPIO_PIN(GPIO_Pin));
 459:Drivers/STM32L4xx_HAL_Driver/Src/stm32l4xx_hal_gpio.c **** 
 460:Drivers/STM32L4xx_HAL_Driver/Src/stm32l4xx_hal_gpio.c ****   /* get current Ouput Data Register value */
 461:Drivers/STM32L4xx_HAL_Driver/Src/stm32l4xx_hal_gpio.c ****   odr = GPIOx->ODR;
 582              		.loc 1 461 0
 583 0000 4369     		ldr	r3, [r0, #20]
 584              	.LVL64:
 462:Drivers/STM32L4xx_HAL_Driver/Src/stm32l4xx_hal_gpio.c **** 
 463:Drivers/STM32L4xx_HAL_Driver/Src/stm32l4xx_hal_gpio.c ****   /* Set selected pins that were at low level, and reset ones that were high */
 464:Drivers/STM32L4xx_HAL_Driver/Src/stm32l4xx_hal_gpio.c ****   GPIOx->BSRR = ((odr & GPIO_Pin) << GPIO_NUMBER) | (~odr & GPIO_Pin);
 585              		.loc 1 464 0
 586 0002 03EA0102 		and	r2, r3, r1
 587 0006 21EA0301 		bic	r1, r1, r3
 588              	.LVL65:
 589 000a 41EA0241 		orr	r1, r1, r2, lsl #16
 590 000e 8161     		str	r1, [r0, #24]
 591 0010 7047     		bx	lr
 592              		.cfi_endproc
 593              	.LFE136:
 595 0012 00BF     		.section	.text.HAL_GPIO_LockPin,"ax",%progbits
 596              		.align	2
 597              		.global	HAL_GPIO_LockPin
 598              		.thumb
 599              		.thumb_func
 601              	HAL_GPIO_LockPin:
 602              	.LFB137:
 465:Drivers/STM32L4xx_HAL_Driver/Src/stm32l4xx_hal_gpio.c **** }
 466:Drivers/STM32L4xx_HAL_Driver/Src/stm32l4xx_hal_gpio.c **** 
 467:Drivers/STM32L4xx_HAL_Driver/Src/stm32l4xx_hal_gpio.c **** /**
 468:Drivers/STM32L4xx_HAL_Driver/Src/stm32l4xx_hal_gpio.c **** * @brief  Lock GPIO Pins configuration registers.
 469:Drivers/STM32L4xx_HAL_Driver/Src/stm32l4xx_hal_gpio.c ****   * @note   The locked registers are GPIOx_MODER, GPIOx_OTYPER, GPIOx_OSPEEDR,
 470:Drivers/STM32L4xx_HAL_Driver/Src/stm32l4xx_hal_gpio.c ****   *         GPIOx_PUPDR, GPIOx_AFRL and GPIOx_AFRH.
 471:Drivers/STM32L4xx_HAL_Driver/Src/stm32l4xx_hal_gpio.c ****   * @note   The configuration of the locked GPIO pins can no longer be modified
 472:Drivers/STM32L4xx_HAL_Driver/Src/stm32l4xx_hal_gpio.c ****   *         until the next reset.
 473:Drivers/STM32L4xx_HAL_Driver/Src/stm32l4xx_hal_gpio.c ****   * @param  GPIOx where x can be (A..H) to select the GPIO peripheral for STM32L4 family
 474:Drivers/STM32L4xx_HAL_Driver/Src/stm32l4xx_hal_gpio.c ****   * @param  GPIO_Pin specifies the port bits to be locked.
 475:Drivers/STM32L4xx_HAL_Driver/Src/stm32l4xx_hal_gpio.c ****   *         This parameter can be any combination of GPIO_Pin_x where x can be (0..15).
 476:Drivers/STM32L4xx_HAL_Driver/Src/stm32l4xx_hal_gpio.c ****   * @retval None
 477:Drivers/STM32L4xx_HAL_Driver/Src/stm32l4xx_hal_gpio.c ****   */
 478:Drivers/STM32L4xx_HAL_Driver/Src/stm32l4xx_hal_gpio.c **** HAL_StatusTypeDef HAL_GPIO_LockPin(GPIO_TypeDef* GPIOx, uint16_t GPIO_Pin)
 479:Drivers/STM32L4xx_HAL_Driver/Src/stm32l4xx_hal_gpio.c **** {
 603              		.loc 1 479 0
 604              		.cfi_startproc
 605              		@ args = 0, pretend = 0, frame = 8
 606              		@ frame_needed = 0, uses_anonymous_args = 0
 607              		@ link register save eliminated.
 608              	.LVL66:
 609 0000 82B0     		sub	sp, sp, #8
 610              	.LCFI4:
 611              		.cfi_def_cfa_offset 8
 480:Drivers/STM32L4xx_HAL_Driver/Src/stm32l4xx_hal_gpio.c ****   __IO uint32_t tmp = GPIO_LCKR_LCKK;
 612              		.loc 1 480 0
ARM GAS  /tmp/ccbcTLt4.s 			page 20


 613 0002 4FF48033 		mov	r3, #65536
 614 0006 0193     		str	r3, [sp, #4]
 481:Drivers/STM32L4xx_HAL_Driver/Src/stm32l4xx_hal_gpio.c **** 
 482:Drivers/STM32L4xx_HAL_Driver/Src/stm32l4xx_hal_gpio.c ****   /* Check the parameters */
 483:Drivers/STM32L4xx_HAL_Driver/Src/stm32l4xx_hal_gpio.c ****   assert_param(IS_GPIO_LOCK_INSTANCE(GPIOx));
 484:Drivers/STM32L4xx_HAL_Driver/Src/stm32l4xx_hal_gpio.c ****   assert_param(IS_GPIO_PIN(GPIO_Pin));
 485:Drivers/STM32L4xx_HAL_Driver/Src/stm32l4xx_hal_gpio.c **** 
 486:Drivers/STM32L4xx_HAL_Driver/Src/stm32l4xx_hal_gpio.c ****   /* Apply lock key write sequence */
 487:Drivers/STM32L4xx_HAL_Driver/Src/stm32l4xx_hal_gpio.c ****   tmp |= GPIO_Pin;
 615              		.loc 1 487 0
 616 0008 019B     		ldr	r3, [sp, #4]
 617 000a 0B43     		orrs	r3, r3, r1
 618 000c 0193     		str	r3, [sp, #4]
 488:Drivers/STM32L4xx_HAL_Driver/Src/stm32l4xx_hal_gpio.c ****   /* Set LCKx bit(s): LCKK='1' + LCK[15-0] */
 489:Drivers/STM32L4xx_HAL_Driver/Src/stm32l4xx_hal_gpio.c ****   GPIOx->LCKR = tmp;
 619              		.loc 1 489 0
 620 000e 019B     		ldr	r3, [sp, #4]
 621 0010 C361     		str	r3, [r0, #28]
 490:Drivers/STM32L4xx_HAL_Driver/Src/stm32l4xx_hal_gpio.c ****   /* Reset LCKx bit(s): LCKK='0' + LCK[15-0] */
 491:Drivers/STM32L4xx_HAL_Driver/Src/stm32l4xx_hal_gpio.c ****   GPIOx->LCKR = GPIO_Pin;
 622              		.loc 1 491 0
 623 0012 C161     		str	r1, [r0, #28]
 492:Drivers/STM32L4xx_HAL_Driver/Src/stm32l4xx_hal_gpio.c ****   /* Set LCKx bit(s): LCKK='1' + LCK[15-0] */
 493:Drivers/STM32L4xx_HAL_Driver/Src/stm32l4xx_hal_gpio.c ****   GPIOx->LCKR = tmp;
 624              		.loc 1 493 0
 625 0014 019B     		ldr	r3, [sp, #4]
 626 0016 C361     		str	r3, [r0, #28]
 494:Drivers/STM32L4xx_HAL_Driver/Src/stm32l4xx_hal_gpio.c ****   /* Read LCKK register. This read is mandatory to complete key lock sequence */
 495:Drivers/STM32L4xx_HAL_Driver/Src/stm32l4xx_hal_gpio.c ****   tmp = GPIOx->LCKR;
 627              		.loc 1 495 0
 628 0018 C369     		ldr	r3, [r0, #28]
 629 001a 0193     		str	r3, [sp, #4]
 496:Drivers/STM32L4xx_HAL_Driver/Src/stm32l4xx_hal_gpio.c **** 
 497:Drivers/STM32L4xx_HAL_Driver/Src/stm32l4xx_hal_gpio.c ****   /* Read again in order to confirm lock is active */
 498:Drivers/STM32L4xx_HAL_Driver/Src/stm32l4xx_hal_gpio.c ****   if ((GPIOx->LCKR & GPIO_LCKR_LCKK) != 0x00u)
 630              		.loc 1 498 0
 631 001c C369     		ldr	r3, [r0, #28]
 632 001e 13F4803F 		tst	r3, #65536
 633 0022 01D0     		beq	.L45
 499:Drivers/STM32L4xx_HAL_Driver/Src/stm32l4xx_hal_gpio.c ****   {
 500:Drivers/STM32L4xx_HAL_Driver/Src/stm32l4xx_hal_gpio.c ****     return HAL_OK;
 634              		.loc 1 500 0
 635 0024 0020     		movs	r0, #0
 636              	.LVL67:
 637 0026 00E0     		b	.L44
 638              	.LVL68:
 639              	.L45:
 501:Drivers/STM32L4xx_HAL_Driver/Src/stm32l4xx_hal_gpio.c ****   }
 502:Drivers/STM32L4xx_HAL_Driver/Src/stm32l4xx_hal_gpio.c ****   else
 503:Drivers/STM32L4xx_HAL_Driver/Src/stm32l4xx_hal_gpio.c ****   {
 504:Drivers/STM32L4xx_HAL_Driver/Src/stm32l4xx_hal_gpio.c ****     return HAL_ERROR;
 640              		.loc 1 504 0
 641 0028 0120     		movs	r0, #1
 642              	.LVL69:
 643              	.L44:
 505:Drivers/STM32L4xx_HAL_Driver/Src/stm32l4xx_hal_gpio.c ****   }
 506:Drivers/STM32L4xx_HAL_Driver/Src/stm32l4xx_hal_gpio.c **** }
ARM GAS  /tmp/ccbcTLt4.s 			page 21


 644              		.loc 1 506 0
 645 002a 02B0     		add	sp, sp, #8
 646              	.LCFI5:
 647              		.cfi_def_cfa_offset 0
 648              		@ sp needed
 649 002c 7047     		bx	lr
 650              		.cfi_endproc
 651              	.LFE137:
 653 002e 00BF     		.section	.text.HAL_GPIO_EXTI_Callback,"ax",%progbits
 654              		.align	2
 655              		.weak	HAL_GPIO_EXTI_Callback
 656              		.thumb
 657              		.thumb_func
 659              	HAL_GPIO_EXTI_Callback:
 660              	.LFB139:
 507:Drivers/STM32L4xx_HAL_Driver/Src/stm32l4xx_hal_gpio.c **** 
 508:Drivers/STM32L4xx_HAL_Driver/Src/stm32l4xx_hal_gpio.c **** /**
 509:Drivers/STM32L4xx_HAL_Driver/Src/stm32l4xx_hal_gpio.c ****   * @brief  Handle EXTI interrupt request.
 510:Drivers/STM32L4xx_HAL_Driver/Src/stm32l4xx_hal_gpio.c ****   * @param  GPIO_Pin Specifies the port pin connected to corresponding EXTI line.
 511:Drivers/STM32L4xx_HAL_Driver/Src/stm32l4xx_hal_gpio.c ****   * @retval None
 512:Drivers/STM32L4xx_HAL_Driver/Src/stm32l4xx_hal_gpio.c ****   */
 513:Drivers/STM32L4xx_HAL_Driver/Src/stm32l4xx_hal_gpio.c **** void HAL_GPIO_EXTI_IRQHandler(uint16_t GPIO_Pin)
 514:Drivers/STM32L4xx_HAL_Driver/Src/stm32l4xx_hal_gpio.c **** {
 515:Drivers/STM32L4xx_HAL_Driver/Src/stm32l4xx_hal_gpio.c ****   /* EXTI line interrupt detected */
 516:Drivers/STM32L4xx_HAL_Driver/Src/stm32l4xx_hal_gpio.c ****   if(__HAL_GPIO_EXTI_GET_IT(GPIO_Pin) != 0x00u)
 517:Drivers/STM32L4xx_HAL_Driver/Src/stm32l4xx_hal_gpio.c ****   {
 518:Drivers/STM32L4xx_HAL_Driver/Src/stm32l4xx_hal_gpio.c ****     __HAL_GPIO_EXTI_CLEAR_IT(GPIO_Pin);
 519:Drivers/STM32L4xx_HAL_Driver/Src/stm32l4xx_hal_gpio.c ****     HAL_GPIO_EXTI_Callback(GPIO_Pin);
 520:Drivers/STM32L4xx_HAL_Driver/Src/stm32l4xx_hal_gpio.c ****   }
 521:Drivers/STM32L4xx_HAL_Driver/Src/stm32l4xx_hal_gpio.c **** }
 522:Drivers/STM32L4xx_HAL_Driver/Src/stm32l4xx_hal_gpio.c **** 
 523:Drivers/STM32L4xx_HAL_Driver/Src/stm32l4xx_hal_gpio.c **** /**
 524:Drivers/STM32L4xx_HAL_Driver/Src/stm32l4xx_hal_gpio.c ****   * @brief  EXTI line detection callback.
 525:Drivers/STM32L4xx_HAL_Driver/Src/stm32l4xx_hal_gpio.c ****   * @param  GPIO_Pin Specifies the port pin connected to corresponding EXTI line.
 526:Drivers/STM32L4xx_HAL_Driver/Src/stm32l4xx_hal_gpio.c ****   * @retval None
 527:Drivers/STM32L4xx_HAL_Driver/Src/stm32l4xx_hal_gpio.c ****   */
 528:Drivers/STM32L4xx_HAL_Driver/Src/stm32l4xx_hal_gpio.c **** __weak void HAL_GPIO_EXTI_Callback(uint16_t GPIO_Pin)
 529:Drivers/STM32L4xx_HAL_Driver/Src/stm32l4xx_hal_gpio.c **** {
 661              		.loc 1 529 0
 662              		.cfi_startproc
 663              		@ args = 0, pretend = 0, frame = 0
 664              		@ frame_needed = 0, uses_anonymous_args = 0
 665              		@ link register save eliminated.
 666              	.LVL70:
 667 0000 7047     		bx	lr
 668              		.cfi_endproc
 669              	.LFE139:
 671 0002 00BF     		.section	.text.HAL_GPIO_EXTI_IRQHandler,"ax",%progbits
 672              		.align	2
 673              		.global	HAL_GPIO_EXTI_IRQHandler
 674              		.thumb
 675              		.thumb_func
 677              	HAL_GPIO_EXTI_IRQHandler:
 678              	.LFB138:
 514:Drivers/STM32L4xx_HAL_Driver/Src/stm32l4xx_hal_gpio.c ****   /* EXTI line interrupt detected */
 679              		.loc 1 514 0
 680              		.cfi_startproc
ARM GAS  /tmp/ccbcTLt4.s 			page 22


 681              		@ args = 0, pretend = 0, frame = 0
 682              		@ frame_needed = 0, uses_anonymous_args = 0
 683              	.LVL71:
 514:Drivers/STM32L4xx_HAL_Driver/Src/stm32l4xx_hal_gpio.c ****   /* EXTI line interrupt detected */
 684              		.loc 1 514 0
 685 0000 08B5     		push	{r3, lr}
 686              	.LCFI6:
 687              		.cfi_def_cfa_offset 8
 688              		.cfi_offset 3, -8
 689              		.cfi_offset 14, -4
 516:Drivers/STM32L4xx_HAL_Driver/Src/stm32l4xx_hal_gpio.c ****   {
 690              		.loc 1 516 0
 691 0002 044B     		ldr	r3, .L51
 692 0004 5B69     		ldr	r3, [r3, #20]
 693 0006 0342     		tst	r3, r0
 694 0008 03D0     		beq	.L48
 518:Drivers/STM32L4xx_HAL_Driver/Src/stm32l4xx_hal_gpio.c ****     HAL_GPIO_EXTI_Callback(GPIO_Pin);
 695              		.loc 1 518 0
 696 000a 024B     		ldr	r3, .L51
 697 000c 5861     		str	r0, [r3, #20]
 519:Drivers/STM32L4xx_HAL_Driver/Src/stm32l4xx_hal_gpio.c ****   }
 698              		.loc 1 519 0
 699 000e FFF7FEFF 		bl	HAL_GPIO_EXTI_Callback
 700              	.LVL72:
 701              	.L48:
 702 0012 08BD     		pop	{r3, pc}
 703              	.L52:
 704              		.align	2
 705              	.L51:
 706 0014 00040140 		.word	1073808384
 707              		.cfi_endproc
 708              	.LFE138:
 710              		.text
 711              	.Letext0:
 712              		.file 2 "/home/deh/launchpad/gcc-arm-none-eabi-5_4-2016q3/arm-none-eabi/include/machine/_default_t
 713              		.file 3 "/home/deh/launchpad/gcc-arm-none-eabi-5_4-2016q3/arm-none-eabi/include/sys/_stdint.h"
 714              		.file 4 "Drivers/CMSIS/Device/ST/STM32L4xx/Include/stm32l431xx.h"
 715              		.file 5 "Drivers/STM32L4xx_HAL_Driver/Inc/stm32l4xx_hal_def.h"
 716              		.file 6 "Drivers/STM32L4xx_HAL_Driver/Inc/stm32l4xx_hal_gpio.h"
 717              		.file 7 "Drivers/CMSIS/Include/cmsis_gcc.h"
 718              		.file 8 "Drivers/CMSIS/Include/core_cm4.h"
ARM GAS  /tmp/ccbcTLt4.s 			page 23


DEFINED SYMBOLS
                            *ABS*:00000000 stm32l4xx_hal_gpio.c
     /tmp/ccbcTLt4.s:22     .text.HAL_GPIO_Init:00000000 $t
     /tmp/ccbcTLt4.s:27     .text.HAL_GPIO_Init:00000000 HAL_GPIO_Init
     /tmp/ccbcTLt4.s:333    .text.HAL_GPIO_Init:00000198 $d
     /tmp/ccbcTLt4.s:341    .text.HAL_GPIO_DeInit:00000000 $t
     /tmp/ccbcTLt4.s:346    .text.HAL_GPIO_DeInit:00000000 HAL_GPIO_DeInit
     /tmp/ccbcTLt4.s:504    .text.HAL_GPIO_DeInit:000000f0 $d
     /tmp/ccbcTLt4.s:511    .text.HAL_GPIO_ReadPin:00000000 $t
     /tmp/ccbcTLt4.s:516    .text.HAL_GPIO_ReadPin:00000000 HAL_GPIO_ReadPin
     /tmp/ccbcTLt4.s:543    .text.HAL_GPIO_WritePin:00000000 $t
     /tmp/ccbcTLt4.s:548    .text.HAL_GPIO_WritePin:00000000 HAL_GPIO_WritePin
     /tmp/ccbcTLt4.s:569    .text.HAL_GPIO_TogglePin:00000000 $t
     /tmp/ccbcTLt4.s:574    .text.HAL_GPIO_TogglePin:00000000 HAL_GPIO_TogglePin
     /tmp/ccbcTLt4.s:596    .text.HAL_GPIO_LockPin:00000000 $t
     /tmp/ccbcTLt4.s:601    .text.HAL_GPIO_LockPin:00000000 HAL_GPIO_LockPin
     /tmp/ccbcTLt4.s:654    .text.HAL_GPIO_EXTI_Callback:00000000 $t
     /tmp/ccbcTLt4.s:659    .text.HAL_GPIO_EXTI_Callback:00000000 HAL_GPIO_EXTI_Callback
     /tmp/ccbcTLt4.s:672    .text.HAL_GPIO_EXTI_IRQHandler:00000000 $t
     /tmp/ccbcTLt4.s:677    .text.HAL_GPIO_EXTI_IRQHandler:00000000 HAL_GPIO_EXTI_IRQHandler
     /tmp/ccbcTLt4.s:706    .text.HAL_GPIO_EXTI_IRQHandler:00000014 $d
                     .debug_frame:00000010 $d

NO UNDEFINED SYMBOLS
