ARM GAS  /tmp/ccJMj8Bf.s 			page 1


   1              		.syntax unified
   2              		.cpu cortex-m4
   3              		.eabi_attribute 27, 1
   4              		.eabi_attribute 28, 1
   5              		.fpu fpv4-sp-d16
   6              		.eabi_attribute 20, 1
   7              		.eabi_attribute 21, 1
   8              		.eabi_attribute 23, 3
   9              		.eabi_attribute 24, 1
  10              		.eabi_attribute 25, 1
  11              		.eabi_attribute 26, 1
  12              		.eabi_attribute 30, 1
  13              		.eabi_attribute 34, 1
  14              		.eabi_attribute 18, 4
  15              		.thumb
  16              		.syntax unified
  17              		.file	"stm32l4xx_hal_dac_ex.c"
  18              		.text
  19              	.Ltext0:
  20              		.cfi_sections	.debug_frame
  21              		.section	.text.HAL_DACEx_TriangleWaveGenerate,"ax",%progbits
  22              		.align	2
  23              		.global	HAL_DACEx_TriangleWaveGenerate
  24              		.thumb
  25              		.thumb_func
  27              	HAL_DACEx_TriangleWaveGenerate:
  28              	.LFB288:
  29              		.file 1 "Drivers/STM32L4xx_HAL_Driver/Src/stm32l4xx_hal_dac_ex.c"
   1:Drivers/STM32L4xx_HAL_Driver/Src/stm32l4xx_hal_dac_ex.c **** /**
   2:Drivers/STM32L4xx_HAL_Driver/Src/stm32l4xx_hal_dac_ex.c ****   ******************************************************************************
   3:Drivers/STM32L4xx_HAL_Driver/Src/stm32l4xx_hal_dac_ex.c ****   * @file    stm32l4xx_hal_dac_ex.c
   4:Drivers/STM32L4xx_HAL_Driver/Src/stm32l4xx_hal_dac_ex.c ****   * @author  MCD Application Team
   5:Drivers/STM32L4xx_HAL_Driver/Src/stm32l4xx_hal_dac_ex.c ****   * @brief   DAC HAL module driver.
   6:Drivers/STM32L4xx_HAL_Driver/Src/stm32l4xx_hal_dac_ex.c ****   *          This file provides firmware functions to manage the extended
   7:Drivers/STM32L4xx_HAL_Driver/Src/stm32l4xx_hal_dac_ex.c ****   *          functionalities of the DAC peripheral.
   8:Drivers/STM32L4xx_HAL_Driver/Src/stm32l4xx_hal_dac_ex.c ****   *
   9:Drivers/STM32L4xx_HAL_Driver/Src/stm32l4xx_hal_dac_ex.c ****   *
  10:Drivers/STM32L4xx_HAL_Driver/Src/stm32l4xx_hal_dac_ex.c ****   @verbatim
  11:Drivers/STM32L4xx_HAL_Driver/Src/stm32l4xx_hal_dac_ex.c ****   ==============================================================================
  12:Drivers/STM32L4xx_HAL_Driver/Src/stm32l4xx_hal_dac_ex.c ****                       ##### How to use this driver #####
  13:Drivers/STM32L4xx_HAL_Driver/Src/stm32l4xx_hal_dac_ex.c ****   ==============================================================================
  14:Drivers/STM32L4xx_HAL_Driver/Src/stm32l4xx_hal_dac_ex.c ****     [..]
  15:Drivers/STM32L4xx_HAL_Driver/Src/stm32l4xx_hal_dac_ex.c ****      *** Dual mode IO operation ***
  16:Drivers/STM32L4xx_HAL_Driver/Src/stm32l4xx_hal_dac_ex.c ****      ==============================
  17:Drivers/STM32L4xx_HAL_Driver/Src/stm32l4xx_hal_dac_ex.c ****       (+) When Dual mode is enabled (i.e. DAC Channel1 and Channel2 are used simultaneously) :
  18:Drivers/STM32L4xx_HAL_Driver/Src/stm32l4xx_hal_dac_ex.c ****           Use HAL_DACEx_DualGetValue() to get digital data to be converted and use
  19:Drivers/STM32L4xx_HAL_Driver/Src/stm32l4xx_hal_dac_ex.c ****           HAL_DACEx_DualSetValue() to set digital value to converted simultaneously in
  20:Drivers/STM32L4xx_HAL_Driver/Src/stm32l4xx_hal_dac_ex.c ****           Channel 1 and Channel 2.
  21:Drivers/STM32L4xx_HAL_Driver/Src/stm32l4xx_hal_dac_ex.c **** 
  22:Drivers/STM32L4xx_HAL_Driver/Src/stm32l4xx_hal_dac_ex.c ****      *** Signal generation operation ***
  23:Drivers/STM32L4xx_HAL_Driver/Src/stm32l4xx_hal_dac_ex.c ****      ===================================
  24:Drivers/STM32L4xx_HAL_Driver/Src/stm32l4xx_hal_dac_ex.c ****       (+) Use HAL_DACEx_TriangleWaveGenerate() to generate Triangle signal.
  25:Drivers/STM32L4xx_HAL_Driver/Src/stm32l4xx_hal_dac_ex.c ****       (+) Use HAL_DACEx_NoiseWaveGenerate() to generate Noise signal.
  26:Drivers/STM32L4xx_HAL_Driver/Src/stm32l4xx_hal_dac_ex.c **** 
  27:Drivers/STM32L4xx_HAL_Driver/Src/stm32l4xx_hal_dac_ex.c ****       (+) HAL_DACEx_SelfCalibrate to calibrate one DAC channel.
  28:Drivers/STM32L4xx_HAL_Driver/Src/stm32l4xx_hal_dac_ex.c ****       (+) HAL_DACEx_SetUserTrimming to set user trimming value.
  29:Drivers/STM32L4xx_HAL_Driver/Src/stm32l4xx_hal_dac_ex.c ****       (+) HAL_DACEx_GetTrimOffset to retrieve trimming value (factory setting
ARM GAS  /tmp/ccJMj8Bf.s 			page 2


  30:Drivers/STM32L4xx_HAL_Driver/Src/stm32l4xx_hal_dac_ex.c ****           after reset, user setting if HAL_DACEx_SetUserTrimming have been used
  31:Drivers/STM32L4xx_HAL_Driver/Src/stm32l4xx_hal_dac_ex.c ****           at least one time after reset).
  32:Drivers/STM32L4xx_HAL_Driver/Src/stm32l4xx_hal_dac_ex.c **** 
  33:Drivers/STM32L4xx_HAL_Driver/Src/stm32l4xx_hal_dac_ex.c ****  @endverbatim
  34:Drivers/STM32L4xx_HAL_Driver/Src/stm32l4xx_hal_dac_ex.c ****   ******************************************************************************
  35:Drivers/STM32L4xx_HAL_Driver/Src/stm32l4xx_hal_dac_ex.c ****   * @attention
  36:Drivers/STM32L4xx_HAL_Driver/Src/stm32l4xx_hal_dac_ex.c ****   *
  37:Drivers/STM32L4xx_HAL_Driver/Src/stm32l4xx_hal_dac_ex.c ****   * <h2><center>&copy; Copyright (c) 2017 STMicroelectronics.
  38:Drivers/STM32L4xx_HAL_Driver/Src/stm32l4xx_hal_dac_ex.c ****   * All rights reserved.</center></h2>
  39:Drivers/STM32L4xx_HAL_Driver/Src/stm32l4xx_hal_dac_ex.c ****   *
  40:Drivers/STM32L4xx_HAL_Driver/Src/stm32l4xx_hal_dac_ex.c ****   * This software component is licensed by ST under BSD 3-Clause license,
  41:Drivers/STM32L4xx_HAL_Driver/Src/stm32l4xx_hal_dac_ex.c ****   * the "License"; You may not use this file except in compliance with the
  42:Drivers/STM32L4xx_HAL_Driver/Src/stm32l4xx_hal_dac_ex.c ****   * License. You may obtain a copy of the License at:
  43:Drivers/STM32L4xx_HAL_Driver/Src/stm32l4xx_hal_dac_ex.c ****   *                        opensource.org/licenses/BSD-3-Clause
  44:Drivers/STM32L4xx_HAL_Driver/Src/stm32l4xx_hal_dac_ex.c ****   *
  45:Drivers/STM32L4xx_HAL_Driver/Src/stm32l4xx_hal_dac_ex.c ****   ******************************************************************************
  46:Drivers/STM32L4xx_HAL_Driver/Src/stm32l4xx_hal_dac_ex.c ****   */
  47:Drivers/STM32L4xx_HAL_Driver/Src/stm32l4xx_hal_dac_ex.c **** 
  48:Drivers/STM32L4xx_HAL_Driver/Src/stm32l4xx_hal_dac_ex.c **** 
  49:Drivers/STM32L4xx_HAL_Driver/Src/stm32l4xx_hal_dac_ex.c **** /* Includes ------------------------------------------------------------------*/
  50:Drivers/STM32L4xx_HAL_Driver/Src/stm32l4xx_hal_dac_ex.c **** #include "stm32l4xx_hal.h"
  51:Drivers/STM32L4xx_HAL_Driver/Src/stm32l4xx_hal_dac_ex.c **** 
  52:Drivers/STM32L4xx_HAL_Driver/Src/stm32l4xx_hal_dac_ex.c **** /** @addtogroup STM32L4xx_HAL_Driver
  53:Drivers/STM32L4xx_HAL_Driver/Src/stm32l4xx_hal_dac_ex.c ****   * @{
  54:Drivers/STM32L4xx_HAL_Driver/Src/stm32l4xx_hal_dac_ex.c ****   */
  55:Drivers/STM32L4xx_HAL_Driver/Src/stm32l4xx_hal_dac_ex.c **** 
  56:Drivers/STM32L4xx_HAL_Driver/Src/stm32l4xx_hal_dac_ex.c **** #ifdef HAL_DAC_MODULE_ENABLED
  57:Drivers/STM32L4xx_HAL_Driver/Src/stm32l4xx_hal_dac_ex.c **** 
  58:Drivers/STM32L4xx_HAL_Driver/Src/stm32l4xx_hal_dac_ex.c **** #if defined(DAC1)
  59:Drivers/STM32L4xx_HAL_Driver/Src/stm32l4xx_hal_dac_ex.c **** 
  60:Drivers/STM32L4xx_HAL_Driver/Src/stm32l4xx_hal_dac_ex.c **** /** @defgroup DACEx DACEx
  61:Drivers/STM32L4xx_HAL_Driver/Src/stm32l4xx_hal_dac_ex.c ****   * @brief DAC Extended HAL module driver
  62:Drivers/STM32L4xx_HAL_Driver/Src/stm32l4xx_hal_dac_ex.c ****   * @{
  63:Drivers/STM32L4xx_HAL_Driver/Src/stm32l4xx_hal_dac_ex.c ****   */
  64:Drivers/STM32L4xx_HAL_Driver/Src/stm32l4xx_hal_dac_ex.c **** 
  65:Drivers/STM32L4xx_HAL_Driver/Src/stm32l4xx_hal_dac_ex.c **** /* Private typedef -----------------------------------------------------------*/
  66:Drivers/STM32L4xx_HAL_Driver/Src/stm32l4xx_hal_dac_ex.c **** /* Private define ------------------------------------------------------------*/
  67:Drivers/STM32L4xx_HAL_Driver/Src/stm32l4xx_hal_dac_ex.c **** /* Private macro -------------------------------------------------------------*/
  68:Drivers/STM32L4xx_HAL_Driver/Src/stm32l4xx_hal_dac_ex.c **** /* Private variables ---------------------------------------------------------*/
  69:Drivers/STM32L4xx_HAL_Driver/Src/stm32l4xx_hal_dac_ex.c **** /* Private function prototypes -----------------------------------------------*/
  70:Drivers/STM32L4xx_HAL_Driver/Src/stm32l4xx_hal_dac_ex.c **** /* Exported functions --------------------------------------------------------*/
  71:Drivers/STM32L4xx_HAL_Driver/Src/stm32l4xx_hal_dac_ex.c **** 
  72:Drivers/STM32L4xx_HAL_Driver/Src/stm32l4xx_hal_dac_ex.c **** /** @defgroup DACEx_Exported_Functions DACEx Exported Functions
  73:Drivers/STM32L4xx_HAL_Driver/Src/stm32l4xx_hal_dac_ex.c ****   * @{
  74:Drivers/STM32L4xx_HAL_Driver/Src/stm32l4xx_hal_dac_ex.c ****   */
  75:Drivers/STM32L4xx_HAL_Driver/Src/stm32l4xx_hal_dac_ex.c **** 
  76:Drivers/STM32L4xx_HAL_Driver/Src/stm32l4xx_hal_dac_ex.c **** /** @defgroup DACEx_Exported_Functions_Group2 IO operation functions
  77:Drivers/STM32L4xx_HAL_Driver/Src/stm32l4xx_hal_dac_ex.c ****  *  @brief    Extended IO operation functions
  78:Drivers/STM32L4xx_HAL_Driver/Src/stm32l4xx_hal_dac_ex.c ****  *
  79:Drivers/STM32L4xx_HAL_Driver/Src/stm32l4xx_hal_dac_ex.c **** @verbatim
  80:Drivers/STM32L4xx_HAL_Driver/Src/stm32l4xx_hal_dac_ex.c ****   ==============================================================================
  81:Drivers/STM32L4xx_HAL_Driver/Src/stm32l4xx_hal_dac_ex.c ****                  ##### Extended features functions #####
  82:Drivers/STM32L4xx_HAL_Driver/Src/stm32l4xx_hal_dac_ex.c ****   ==============================================================================
  83:Drivers/STM32L4xx_HAL_Driver/Src/stm32l4xx_hal_dac_ex.c ****     [..]  This section provides functions allowing to:
  84:Drivers/STM32L4xx_HAL_Driver/Src/stm32l4xx_hal_dac_ex.c ****       (+) Start conversion.
  85:Drivers/STM32L4xx_HAL_Driver/Src/stm32l4xx_hal_dac_ex.c ****       (+) Stop conversion.
  86:Drivers/STM32L4xx_HAL_Driver/Src/stm32l4xx_hal_dac_ex.c ****       (+) Start conversion and enable DMA transfer.
ARM GAS  /tmp/ccJMj8Bf.s 			page 3


  87:Drivers/STM32L4xx_HAL_Driver/Src/stm32l4xx_hal_dac_ex.c ****       (+) Stop conversion and disable DMA transfer.
  88:Drivers/STM32L4xx_HAL_Driver/Src/stm32l4xx_hal_dac_ex.c ****       (+) Get result of conversion.
  89:Drivers/STM32L4xx_HAL_Driver/Src/stm32l4xx_hal_dac_ex.c ****       (+) Get result of dual mode conversion.
  90:Drivers/STM32L4xx_HAL_Driver/Src/stm32l4xx_hal_dac_ex.c **** 
  91:Drivers/STM32L4xx_HAL_Driver/Src/stm32l4xx_hal_dac_ex.c **** @endverbatim
  92:Drivers/STM32L4xx_HAL_Driver/Src/stm32l4xx_hal_dac_ex.c ****   * @{
  93:Drivers/STM32L4xx_HAL_Driver/Src/stm32l4xx_hal_dac_ex.c ****   */
  94:Drivers/STM32L4xx_HAL_Driver/Src/stm32l4xx_hal_dac_ex.c **** 
  95:Drivers/STM32L4xx_HAL_Driver/Src/stm32l4xx_hal_dac_ex.c **** /**
  96:Drivers/STM32L4xx_HAL_Driver/Src/stm32l4xx_hal_dac_ex.c ****   * @brief  Enable or disable the selected DAC channel wave generation.
  97:Drivers/STM32L4xx_HAL_Driver/Src/stm32l4xx_hal_dac_ex.c ****   * @param  hdac pointer to a DAC_HandleTypeDef structure that contains
  98:Drivers/STM32L4xx_HAL_Driver/Src/stm32l4xx_hal_dac_ex.c ****   *         the configuration information for the specified DAC.
  99:Drivers/STM32L4xx_HAL_Driver/Src/stm32l4xx_hal_dac_ex.c ****   * @param  Channel The selected DAC channel.
 100:Drivers/STM32L4xx_HAL_Driver/Src/stm32l4xx_hal_dac_ex.c ****   *          This parameter can be one of the following values:
 101:Drivers/STM32L4xx_HAL_Driver/Src/stm32l4xx_hal_dac_ex.c ****   *            @arg DAC_CHANNEL_1: DAC Channel1 selected
 102:Drivers/STM32L4xx_HAL_Driver/Src/stm32l4xx_hal_dac_ex.c ****   *            @arg DAC_CHANNEL_2: DAC Channel2 selected
 103:Drivers/STM32L4xx_HAL_Driver/Src/stm32l4xx_hal_dac_ex.c ****   * @param  Amplitude Select max triangle amplitude.
 104:Drivers/STM32L4xx_HAL_Driver/Src/stm32l4xx_hal_dac_ex.c ****   *          This parameter can be one of the following values:
 105:Drivers/STM32L4xx_HAL_Driver/Src/stm32l4xx_hal_dac_ex.c ****   *            @arg DAC_TRIANGLEAMPLITUDE_1: Select max triangle amplitude of 1
 106:Drivers/STM32L4xx_HAL_Driver/Src/stm32l4xx_hal_dac_ex.c ****   *            @arg DAC_TRIANGLEAMPLITUDE_3: Select max triangle amplitude of 3
 107:Drivers/STM32L4xx_HAL_Driver/Src/stm32l4xx_hal_dac_ex.c ****   *            @arg DAC_TRIANGLEAMPLITUDE_7: Select max triangle amplitude of 7
 108:Drivers/STM32L4xx_HAL_Driver/Src/stm32l4xx_hal_dac_ex.c ****   *            @arg DAC_TRIANGLEAMPLITUDE_15: Select max triangle amplitude of 15
 109:Drivers/STM32L4xx_HAL_Driver/Src/stm32l4xx_hal_dac_ex.c ****   *            @arg DAC_TRIANGLEAMPLITUDE_31: Select max triangle amplitude of 31
 110:Drivers/STM32L4xx_HAL_Driver/Src/stm32l4xx_hal_dac_ex.c ****   *            @arg DAC_TRIANGLEAMPLITUDE_63: Select max triangle amplitude of 63
 111:Drivers/STM32L4xx_HAL_Driver/Src/stm32l4xx_hal_dac_ex.c ****   *            @arg DAC_TRIANGLEAMPLITUDE_127: Select max triangle amplitude of 127
 112:Drivers/STM32L4xx_HAL_Driver/Src/stm32l4xx_hal_dac_ex.c ****   *            @arg DAC_TRIANGLEAMPLITUDE_255: Select max triangle amplitude of 255
 113:Drivers/STM32L4xx_HAL_Driver/Src/stm32l4xx_hal_dac_ex.c ****   *            @arg DAC_TRIANGLEAMPLITUDE_511: Select max triangle amplitude of 511
 114:Drivers/STM32L4xx_HAL_Driver/Src/stm32l4xx_hal_dac_ex.c ****   *            @arg DAC_TRIANGLEAMPLITUDE_1023: Select max triangle amplitude of 1023
 115:Drivers/STM32L4xx_HAL_Driver/Src/stm32l4xx_hal_dac_ex.c ****   *            @arg DAC_TRIANGLEAMPLITUDE_2047: Select max triangle amplitude of 2047
 116:Drivers/STM32L4xx_HAL_Driver/Src/stm32l4xx_hal_dac_ex.c ****   *            @arg DAC_TRIANGLEAMPLITUDE_4095: Select max triangle amplitude of 4095
 117:Drivers/STM32L4xx_HAL_Driver/Src/stm32l4xx_hal_dac_ex.c ****   * @retval HAL status
 118:Drivers/STM32L4xx_HAL_Driver/Src/stm32l4xx_hal_dac_ex.c ****   */
 119:Drivers/STM32L4xx_HAL_Driver/Src/stm32l4xx_hal_dac_ex.c **** HAL_StatusTypeDef HAL_DACEx_TriangleWaveGenerate(DAC_HandleTypeDef *hdac, uint32_t Channel, uint32_
 120:Drivers/STM32L4xx_HAL_Driver/Src/stm32l4xx_hal_dac_ex.c **** {
  30              		.loc 1 120 0
  31              		.cfi_startproc
  32              		@ args = 0, pretend = 0, frame = 0
  33              		@ frame_needed = 0, uses_anonymous_args = 0
  34              		@ link register save eliminated.
  35              	.LVL0:
 121:Drivers/STM32L4xx_HAL_Driver/Src/stm32l4xx_hal_dac_ex.c ****   /* Check the parameters */
 122:Drivers/STM32L4xx_HAL_Driver/Src/stm32l4xx_hal_dac_ex.c ****   assert_param(IS_DAC_CHANNEL(Channel));
 123:Drivers/STM32L4xx_HAL_Driver/Src/stm32l4xx_hal_dac_ex.c ****   assert_param(IS_DAC_LFSR_UNMASK_TRIANGLE_AMPLITUDE(Amplitude));
 124:Drivers/STM32L4xx_HAL_Driver/Src/stm32l4xx_hal_dac_ex.c **** 
 125:Drivers/STM32L4xx_HAL_Driver/Src/stm32l4xx_hal_dac_ex.c ****   /* Process locked */
 126:Drivers/STM32L4xx_HAL_Driver/Src/stm32l4xx_hal_dac_ex.c ****   __HAL_LOCK(hdac);
  36              		.loc 1 126 0
  37 0000 4379     		ldrb	r3, [r0, #5]	@ zero_extendqisi2
  38 0002 012B     		cmp	r3, #1
  39 0004 17D0     		beq	.L3
 120:Drivers/STM32L4xx_HAL_Driver/Src/stm32l4xx_hal_dac_ex.c ****   /* Check the parameters */
  40              		.loc 1 120 0 discriminator 2
  41 0006 70B4     		push	{r4, r5, r6}
  42              	.LCFI0:
  43              		.cfi_def_cfa_offset 12
  44              		.cfi_offset 4, -12
  45              		.cfi_offset 5, -8
ARM GAS  /tmp/ccJMj8Bf.s 			page 4


  46              		.cfi_offset 6, -4
  47              		.loc 1 126 0 discriminator 2
  48 0008 0125     		movs	r5, #1
  49 000a 4571     		strb	r5, [r0, #5]
 127:Drivers/STM32L4xx_HAL_Driver/Src/stm32l4xx_hal_dac_ex.c **** 
 128:Drivers/STM32L4xx_HAL_Driver/Src/stm32l4xx_hal_dac_ex.c ****   /* Change DAC state */
 129:Drivers/STM32L4xx_HAL_Driver/Src/stm32l4xx_hal_dac_ex.c ****   hdac->State = HAL_DAC_STATE_BUSY;
  50              		.loc 1 129 0 discriminator 2
  51 000c 0223     		movs	r3, #2
  52 000e 0371     		strb	r3, [r0, #4]
 130:Drivers/STM32L4xx_HAL_Driver/Src/stm32l4xx_hal_dac_ex.c **** 
 131:Drivers/STM32L4xx_HAL_Driver/Src/stm32l4xx_hal_dac_ex.c ****   /* Enable the triangle wave generation for the selected DAC channel */
 132:Drivers/STM32L4xx_HAL_Driver/Src/stm32l4xx_hal_dac_ex.c ****   MODIFY_REG(hdac->Instance->CR, ((DAC_CR_WAVE1) | (DAC_CR_MAMP1)) << (Channel & 0x10UL), (DAC_CR_W
  53              		.loc 1 132 0 discriminator 2
  54 0010 0668     		ldr	r6, [r0]
  55 0012 3468     		ldr	r4, [r6]
  56 0014 01F01001 		and	r1, r1, #16
  57              	.LVL1:
  58 0018 4FF47C63 		mov	r3, #4032
  59 001c 8B40     		lsls	r3, r3, r1
  60 001e 24EA0303 		bic	r3, r4, r3
  61 0022 42F08002 		orr	r2, r2, #128
  62              	.LVL2:
  63 0026 8A40     		lsls	r2, r2, r1
  64 0028 1A43     		orrs	r2, r2, r3
  65 002a 3260     		str	r2, [r6]
 133:Drivers/STM32L4xx_HAL_Driver/Src/stm32l4xx_hal_dac_ex.c **** 
 134:Drivers/STM32L4xx_HAL_Driver/Src/stm32l4xx_hal_dac_ex.c ****   /* Change DAC state */
 135:Drivers/STM32L4xx_HAL_Driver/Src/stm32l4xx_hal_dac_ex.c ****   hdac->State = HAL_DAC_STATE_READY;
  66              		.loc 1 135 0 discriminator 2
  67 002c 0571     		strb	r5, [r0, #4]
 136:Drivers/STM32L4xx_HAL_Driver/Src/stm32l4xx_hal_dac_ex.c **** 
 137:Drivers/STM32L4xx_HAL_Driver/Src/stm32l4xx_hal_dac_ex.c ****   /* Process unlocked */
 138:Drivers/STM32L4xx_HAL_Driver/Src/stm32l4xx_hal_dac_ex.c ****   __HAL_UNLOCK(hdac);
  68              		.loc 1 138 0 discriminator 2
  69 002e 0023     		movs	r3, #0
  70 0030 4371     		strb	r3, [r0, #5]
 139:Drivers/STM32L4xx_HAL_Driver/Src/stm32l4xx_hal_dac_ex.c **** 
 140:Drivers/STM32L4xx_HAL_Driver/Src/stm32l4xx_hal_dac_ex.c ****   /* Return function status */
 141:Drivers/STM32L4xx_HAL_Driver/Src/stm32l4xx_hal_dac_ex.c ****   return HAL_OK;
  71              		.loc 1 141 0 discriminator 2
  72 0032 1846     		mov	r0, r3
  73              	.LVL3:
  74 0034 01E0     		b	.L2
  75              	.LVL4:
  76              	.L3:
  77              	.LCFI1:
  78              		.cfi_def_cfa_offset 0
  79              		.cfi_restore 4
  80              		.cfi_restore 5
  81              		.cfi_restore 6
 126:Drivers/STM32L4xx_HAL_Driver/Src/stm32l4xx_hal_dac_ex.c **** 
  82              		.loc 1 126 0
  83 0036 0220     		movs	r0, #2
  84              	.LVL5:
  85 0038 7047     		bx	lr
  86              	.LVL6:
ARM GAS  /tmp/ccJMj8Bf.s 			page 5


  87              	.L2:
  88              	.LCFI2:
  89              		.cfi_def_cfa_offset 12
  90              		.cfi_offset 4, -12
  91              		.cfi_offset 5, -8
  92              		.cfi_offset 6, -4
 142:Drivers/STM32L4xx_HAL_Driver/Src/stm32l4xx_hal_dac_ex.c **** }
  93              		.loc 1 142 0
  94 003a 70BC     		pop	{r4, r5, r6}
  95              	.LCFI3:
  96              		.cfi_restore 6
  97              		.cfi_restore 5
  98              		.cfi_restore 4
  99              		.cfi_def_cfa_offset 0
 100 003c 7047     		bx	lr
 101              		.cfi_endproc
 102              	.LFE288:
 104 003e 00BF     		.section	.text.HAL_DACEx_NoiseWaveGenerate,"ax",%progbits
 105              		.align	2
 106              		.global	HAL_DACEx_NoiseWaveGenerate
 107              		.thumb
 108              		.thumb_func
 110              	HAL_DACEx_NoiseWaveGenerate:
 111              	.LFB289:
 143:Drivers/STM32L4xx_HAL_Driver/Src/stm32l4xx_hal_dac_ex.c **** 
 144:Drivers/STM32L4xx_HAL_Driver/Src/stm32l4xx_hal_dac_ex.c **** /**
 145:Drivers/STM32L4xx_HAL_Driver/Src/stm32l4xx_hal_dac_ex.c ****   * @brief  Enable or disable the selected DAC channel wave generation.
 146:Drivers/STM32L4xx_HAL_Driver/Src/stm32l4xx_hal_dac_ex.c ****   * @param  hdac pointer to a DAC_HandleTypeDef structure that contains
 147:Drivers/STM32L4xx_HAL_Driver/Src/stm32l4xx_hal_dac_ex.c ****   *         the configuration information for the specified DAC.
 148:Drivers/STM32L4xx_HAL_Driver/Src/stm32l4xx_hal_dac_ex.c ****   * @param  Channel The selected DAC channel.
 149:Drivers/STM32L4xx_HAL_Driver/Src/stm32l4xx_hal_dac_ex.c ****   *          This parameter can be one of the following values:
 150:Drivers/STM32L4xx_HAL_Driver/Src/stm32l4xx_hal_dac_ex.c ****   *            @arg DAC_CHANNEL_1: DAC Channel1 selected
 151:Drivers/STM32L4xx_HAL_Driver/Src/stm32l4xx_hal_dac_ex.c ****   *            @arg DAC_CHANNEL_2: DAC Channel2 selected
 152:Drivers/STM32L4xx_HAL_Driver/Src/stm32l4xx_hal_dac_ex.c ****   * @param  Amplitude Unmask DAC channel LFSR for noise wave generation.
 153:Drivers/STM32L4xx_HAL_Driver/Src/stm32l4xx_hal_dac_ex.c ****   *          This parameter can be one of the following values:
 154:Drivers/STM32L4xx_HAL_Driver/Src/stm32l4xx_hal_dac_ex.c ****   *            @arg DAC_LFSRUNMASK_BIT0: Unmask DAC channel LFSR bit0 for noise wave generation
 155:Drivers/STM32L4xx_HAL_Driver/Src/stm32l4xx_hal_dac_ex.c ****   *            @arg DAC_LFSRUNMASK_BITS1_0: Unmask DAC channel LFSR bit[1:0] for noise wave generat
 156:Drivers/STM32L4xx_HAL_Driver/Src/stm32l4xx_hal_dac_ex.c ****   *            @arg DAC_LFSRUNMASK_BITS2_0: Unmask DAC channel LFSR bit[2:0] for noise wave generat
 157:Drivers/STM32L4xx_HAL_Driver/Src/stm32l4xx_hal_dac_ex.c ****   *            @arg DAC_LFSRUNMASK_BITS3_0: Unmask DAC channel LFSR bit[3:0] for noise wave generat
 158:Drivers/STM32L4xx_HAL_Driver/Src/stm32l4xx_hal_dac_ex.c ****   *            @arg DAC_LFSRUNMASK_BITS4_0: Unmask DAC channel LFSR bit[4:0] for noise wave generat
 159:Drivers/STM32L4xx_HAL_Driver/Src/stm32l4xx_hal_dac_ex.c ****   *            @arg DAC_LFSRUNMASK_BITS5_0: Unmask DAC channel LFSR bit[5:0] for noise wave generat
 160:Drivers/STM32L4xx_HAL_Driver/Src/stm32l4xx_hal_dac_ex.c ****   *            @arg DAC_LFSRUNMASK_BITS6_0: Unmask DAC channel LFSR bit[6:0] for noise wave generat
 161:Drivers/STM32L4xx_HAL_Driver/Src/stm32l4xx_hal_dac_ex.c ****   *            @arg DAC_LFSRUNMASK_BITS7_0: Unmask DAC channel LFSR bit[7:0] for noise wave generat
 162:Drivers/STM32L4xx_HAL_Driver/Src/stm32l4xx_hal_dac_ex.c ****   *            @arg DAC_LFSRUNMASK_BITS8_0: Unmask DAC channel LFSR bit[8:0] for noise wave generat
 163:Drivers/STM32L4xx_HAL_Driver/Src/stm32l4xx_hal_dac_ex.c ****   *            @arg DAC_LFSRUNMASK_BITS9_0: Unmask DAC channel LFSR bit[9:0] for noise wave generat
 164:Drivers/STM32L4xx_HAL_Driver/Src/stm32l4xx_hal_dac_ex.c ****   *            @arg DAC_LFSRUNMASK_BITS10_0: Unmask DAC channel LFSR bit[10:0] for noise wave gener
 165:Drivers/STM32L4xx_HAL_Driver/Src/stm32l4xx_hal_dac_ex.c ****   *            @arg DAC_LFSRUNMASK_BITS11_0: Unmask DAC channel LFSR bit[11:0] for noise wave gener
 166:Drivers/STM32L4xx_HAL_Driver/Src/stm32l4xx_hal_dac_ex.c ****   * @retval HAL status
 167:Drivers/STM32L4xx_HAL_Driver/Src/stm32l4xx_hal_dac_ex.c ****   */
 168:Drivers/STM32L4xx_HAL_Driver/Src/stm32l4xx_hal_dac_ex.c **** HAL_StatusTypeDef HAL_DACEx_NoiseWaveGenerate(DAC_HandleTypeDef *hdac, uint32_t Channel, uint32_t A
 169:Drivers/STM32L4xx_HAL_Driver/Src/stm32l4xx_hal_dac_ex.c **** {
 112              		.loc 1 169 0
 113              		.cfi_startproc
 114              		@ args = 0, pretend = 0, frame = 0
 115              		@ frame_needed = 0, uses_anonymous_args = 0
 116              		@ link register save eliminated.
 117              	.LVL7:
ARM GAS  /tmp/ccJMj8Bf.s 			page 6


 170:Drivers/STM32L4xx_HAL_Driver/Src/stm32l4xx_hal_dac_ex.c ****   /* Check the parameters */
 171:Drivers/STM32L4xx_HAL_Driver/Src/stm32l4xx_hal_dac_ex.c ****   assert_param(IS_DAC_CHANNEL(Channel));
 172:Drivers/STM32L4xx_HAL_Driver/Src/stm32l4xx_hal_dac_ex.c ****   assert_param(IS_DAC_LFSR_UNMASK_TRIANGLE_AMPLITUDE(Amplitude));
 173:Drivers/STM32L4xx_HAL_Driver/Src/stm32l4xx_hal_dac_ex.c **** 
 174:Drivers/STM32L4xx_HAL_Driver/Src/stm32l4xx_hal_dac_ex.c ****   /* Process locked */
 175:Drivers/STM32L4xx_HAL_Driver/Src/stm32l4xx_hal_dac_ex.c ****   __HAL_LOCK(hdac);
 118              		.loc 1 175 0
 119 0000 4379     		ldrb	r3, [r0, #5]	@ zero_extendqisi2
 120 0002 012B     		cmp	r3, #1
 121 0004 17D0     		beq	.L8
 169:Drivers/STM32L4xx_HAL_Driver/Src/stm32l4xx_hal_dac_ex.c ****   /* Check the parameters */
 122              		.loc 1 169 0 discriminator 2
 123 0006 70B4     		push	{r4, r5, r6}
 124              	.LCFI4:
 125              		.cfi_def_cfa_offset 12
 126              		.cfi_offset 4, -12
 127              		.cfi_offset 5, -8
 128              		.cfi_offset 6, -4
 129              		.loc 1 175 0 discriminator 2
 130 0008 0125     		movs	r5, #1
 131 000a 4571     		strb	r5, [r0, #5]
 176:Drivers/STM32L4xx_HAL_Driver/Src/stm32l4xx_hal_dac_ex.c **** 
 177:Drivers/STM32L4xx_HAL_Driver/Src/stm32l4xx_hal_dac_ex.c ****   /* Change DAC state */
 178:Drivers/STM32L4xx_HAL_Driver/Src/stm32l4xx_hal_dac_ex.c ****   hdac->State = HAL_DAC_STATE_BUSY;
 132              		.loc 1 178 0 discriminator 2
 133 000c 0223     		movs	r3, #2
 134 000e 0371     		strb	r3, [r0, #4]
 179:Drivers/STM32L4xx_HAL_Driver/Src/stm32l4xx_hal_dac_ex.c **** 
 180:Drivers/STM32L4xx_HAL_Driver/Src/stm32l4xx_hal_dac_ex.c ****   /* Enable the noise wave generation for the selected DAC channel */
 181:Drivers/STM32L4xx_HAL_Driver/Src/stm32l4xx_hal_dac_ex.c ****   MODIFY_REG(hdac->Instance->CR, ((DAC_CR_WAVE1) | (DAC_CR_MAMP1)) << (Channel & 0x10UL), (DAC_CR_W
 135              		.loc 1 181 0 discriminator 2
 136 0010 0668     		ldr	r6, [r0]
 137 0012 3468     		ldr	r4, [r6]
 138 0014 01F01001 		and	r1, r1, #16
 139              	.LVL8:
 140 0018 4FF47C63 		mov	r3, #4032
 141 001c 8B40     		lsls	r3, r3, r1
 142 001e 24EA0303 		bic	r3, r4, r3
 143 0022 42F04002 		orr	r2, r2, #64
 144              	.LVL9:
 145 0026 8A40     		lsls	r2, r2, r1
 146 0028 1A43     		orrs	r2, r2, r3
 147 002a 3260     		str	r2, [r6]
 182:Drivers/STM32L4xx_HAL_Driver/Src/stm32l4xx_hal_dac_ex.c **** 
 183:Drivers/STM32L4xx_HAL_Driver/Src/stm32l4xx_hal_dac_ex.c ****   /* Change DAC state */
 184:Drivers/STM32L4xx_HAL_Driver/Src/stm32l4xx_hal_dac_ex.c ****   hdac->State = HAL_DAC_STATE_READY;
 148              		.loc 1 184 0 discriminator 2
 149 002c 0571     		strb	r5, [r0, #4]
 185:Drivers/STM32L4xx_HAL_Driver/Src/stm32l4xx_hal_dac_ex.c **** 
 186:Drivers/STM32L4xx_HAL_Driver/Src/stm32l4xx_hal_dac_ex.c ****   /* Process unlocked */
 187:Drivers/STM32L4xx_HAL_Driver/Src/stm32l4xx_hal_dac_ex.c ****   __HAL_UNLOCK(hdac);
 150              		.loc 1 187 0 discriminator 2
 151 002e 0023     		movs	r3, #0
 152 0030 4371     		strb	r3, [r0, #5]
 188:Drivers/STM32L4xx_HAL_Driver/Src/stm32l4xx_hal_dac_ex.c **** 
 189:Drivers/STM32L4xx_HAL_Driver/Src/stm32l4xx_hal_dac_ex.c ****   /* Return function status */
 190:Drivers/STM32L4xx_HAL_Driver/Src/stm32l4xx_hal_dac_ex.c ****   return HAL_OK;
ARM GAS  /tmp/ccJMj8Bf.s 			page 7


 153              		.loc 1 190 0 discriminator 2
 154 0032 1846     		mov	r0, r3
 155              	.LVL10:
 156 0034 01E0     		b	.L7
 157              	.LVL11:
 158              	.L8:
 159              	.LCFI5:
 160              		.cfi_def_cfa_offset 0
 161              		.cfi_restore 4
 162              		.cfi_restore 5
 163              		.cfi_restore 6
 175:Drivers/STM32L4xx_HAL_Driver/Src/stm32l4xx_hal_dac_ex.c **** 
 164              		.loc 1 175 0
 165 0036 0220     		movs	r0, #2
 166              	.LVL12:
 167 0038 7047     		bx	lr
 168              	.LVL13:
 169              	.L7:
 170              	.LCFI6:
 171              		.cfi_def_cfa_offset 12
 172              		.cfi_offset 4, -12
 173              		.cfi_offset 5, -8
 174              		.cfi_offset 6, -4
 191:Drivers/STM32L4xx_HAL_Driver/Src/stm32l4xx_hal_dac_ex.c **** }
 175              		.loc 1 191 0
 176 003a 70BC     		pop	{r4, r5, r6}
 177              	.LCFI7:
 178              		.cfi_restore 6
 179              		.cfi_restore 5
 180              		.cfi_restore 4
 181              		.cfi_def_cfa_offset 0
 182 003c 7047     		bx	lr
 183              		.cfi_endproc
 184              	.LFE289:
 186 003e 00BF     		.section	.text.HAL_DACEx_DualSetValue,"ax",%progbits
 187              		.align	2
 188              		.global	HAL_DACEx_DualSetValue
 189              		.thumb
 190              		.thumb_func
 192              	HAL_DACEx_DualSetValue:
 193              	.LFB290:
 192:Drivers/STM32L4xx_HAL_Driver/Src/stm32l4xx_hal_dac_ex.c **** 
 193:Drivers/STM32L4xx_HAL_Driver/Src/stm32l4xx_hal_dac_ex.c **** #if defined (STM32L431xx) || defined (STM32L432xx) || defined (STM32L433xx) || defined (STM32L442xx
 194:Drivers/STM32L4xx_HAL_Driver/Src/stm32l4xx_hal_dac_ex.c ****     defined (STM32L471xx) || defined (STM32L475xx) || defined (STM32L476xx) || defined (STM32L485xx
 195:Drivers/STM32L4xx_HAL_Driver/Src/stm32l4xx_hal_dac_ex.c ****     defined (STM32L4P5xx) || defined (STM32L4Q5xx) || \
 196:Drivers/STM32L4xx_HAL_Driver/Src/stm32l4xx_hal_dac_ex.c ****     defined (STM32L4R5xx) || defined (STM32L4R7xx) || defined (STM32L4R9xx) || defined (STM32L4S5xx
 197:Drivers/STM32L4xx_HAL_Driver/Src/stm32l4xx_hal_dac_ex.c **** 
 198:Drivers/STM32L4xx_HAL_Driver/Src/stm32l4xx_hal_dac_ex.c **** /**
 199:Drivers/STM32L4xx_HAL_Driver/Src/stm32l4xx_hal_dac_ex.c ****   * @brief  Set the specified data holding register value for dual DAC channel.
 200:Drivers/STM32L4xx_HAL_Driver/Src/stm32l4xx_hal_dac_ex.c ****   * @param  hdac pointer to a DAC_HandleTypeDef structure that contains
 201:Drivers/STM32L4xx_HAL_Driver/Src/stm32l4xx_hal_dac_ex.c ****   *               the configuration information for the specified DAC.
 202:Drivers/STM32L4xx_HAL_Driver/Src/stm32l4xx_hal_dac_ex.c ****   * @param  Alignment Specifies the data alignment for dual channel DAC.
 203:Drivers/STM32L4xx_HAL_Driver/Src/stm32l4xx_hal_dac_ex.c ****   *          This parameter can be one of the following values:
 204:Drivers/STM32L4xx_HAL_Driver/Src/stm32l4xx_hal_dac_ex.c ****   *            DAC_ALIGN_8B_R: 8bit right data alignment selected
 205:Drivers/STM32L4xx_HAL_Driver/Src/stm32l4xx_hal_dac_ex.c ****   *            DAC_ALIGN_12B_L: 12bit left data alignment selected
 206:Drivers/STM32L4xx_HAL_Driver/Src/stm32l4xx_hal_dac_ex.c ****   *            DAC_ALIGN_12B_R: 12bit right data alignment selected
 207:Drivers/STM32L4xx_HAL_Driver/Src/stm32l4xx_hal_dac_ex.c ****   * @param  Data1 Data for DAC Channel1 to be loaded in the selected data holding register.
ARM GAS  /tmp/ccJMj8Bf.s 			page 8


 208:Drivers/STM32L4xx_HAL_Driver/Src/stm32l4xx_hal_dac_ex.c ****   * @param  Data2 Data for DAC Channel2 to be loaded in the selected data  holding register.
 209:Drivers/STM32L4xx_HAL_Driver/Src/stm32l4xx_hal_dac_ex.c ****   * @note   In dual mode, a unique register access is required to write in both
 210:Drivers/STM32L4xx_HAL_Driver/Src/stm32l4xx_hal_dac_ex.c ****   *          DAC channels at the same time.
 211:Drivers/STM32L4xx_HAL_Driver/Src/stm32l4xx_hal_dac_ex.c ****   * @retval HAL status
 212:Drivers/STM32L4xx_HAL_Driver/Src/stm32l4xx_hal_dac_ex.c ****   */
 213:Drivers/STM32L4xx_HAL_Driver/Src/stm32l4xx_hal_dac_ex.c **** HAL_StatusTypeDef HAL_DACEx_DualSetValue(DAC_HandleTypeDef *hdac, uint32_t Alignment, uint32_t Data
 214:Drivers/STM32L4xx_HAL_Driver/Src/stm32l4xx_hal_dac_ex.c **** {
 194              		.loc 1 214 0
 195              		.cfi_startproc
 196              		@ args = 0, pretend = 0, frame = 0
 197              		@ frame_needed = 0, uses_anonymous_args = 0
 198              		@ link register save eliminated.
 199              	.LVL14:
 215:Drivers/STM32L4xx_HAL_Driver/Src/stm32l4xx_hal_dac_ex.c ****   uint32_t data;
 216:Drivers/STM32L4xx_HAL_Driver/Src/stm32l4xx_hal_dac_ex.c ****   uint32_t tmp;
 217:Drivers/STM32L4xx_HAL_Driver/Src/stm32l4xx_hal_dac_ex.c **** 
 218:Drivers/STM32L4xx_HAL_Driver/Src/stm32l4xx_hal_dac_ex.c ****   /* Check the parameters */
 219:Drivers/STM32L4xx_HAL_Driver/Src/stm32l4xx_hal_dac_ex.c ****   assert_param(IS_DAC_ALIGN(Alignment));
 220:Drivers/STM32L4xx_HAL_Driver/Src/stm32l4xx_hal_dac_ex.c ****   assert_param(IS_DAC_DATA(Data1));
 221:Drivers/STM32L4xx_HAL_Driver/Src/stm32l4xx_hal_dac_ex.c ****   assert_param(IS_DAC_DATA(Data2));
 222:Drivers/STM32L4xx_HAL_Driver/Src/stm32l4xx_hal_dac_ex.c **** 
 223:Drivers/STM32L4xx_HAL_Driver/Src/stm32l4xx_hal_dac_ex.c ****   /* Calculate and set dual DAC data holding register value */
 224:Drivers/STM32L4xx_HAL_Driver/Src/stm32l4xx_hal_dac_ex.c ****   if (Alignment == DAC_ALIGN_8B_R)
 200              		.loc 1 224 0
 201 0000 0829     		cmp	r1, #8
 202 0002 02D1     		bne	.L12
 225:Drivers/STM32L4xx_HAL_Driver/Src/stm32l4xx_hal_dac_ex.c ****   {
 226:Drivers/STM32L4xx_HAL_Driver/Src/stm32l4xx_hal_dac_ex.c ****     data = ((uint32_t)Data2 << 8U) | Data1;
 203              		.loc 1 226 0
 204 0004 42EA0322 		orr	r2, r2, r3, lsl #8
 205              	.LVL15:
 206 0008 01E0     		b	.L13
 207              	.LVL16:
 208              	.L12:
 227:Drivers/STM32L4xx_HAL_Driver/Src/stm32l4xx_hal_dac_ex.c ****   }
 228:Drivers/STM32L4xx_HAL_Driver/Src/stm32l4xx_hal_dac_ex.c ****   else
 229:Drivers/STM32L4xx_HAL_Driver/Src/stm32l4xx_hal_dac_ex.c ****   {
 230:Drivers/STM32L4xx_HAL_Driver/Src/stm32l4xx_hal_dac_ex.c ****     data = ((uint32_t)Data2 << 16U) | Data1;
 209              		.loc 1 230 0
 210 000a 42EA0342 		orr	r2, r2, r3, lsl #16
 211              	.LVL17:
 212              	.L13:
 231:Drivers/STM32L4xx_HAL_Driver/Src/stm32l4xx_hal_dac_ex.c ****   }
 232:Drivers/STM32L4xx_HAL_Driver/Src/stm32l4xx_hal_dac_ex.c **** 
 233:Drivers/STM32L4xx_HAL_Driver/Src/stm32l4xx_hal_dac_ex.c ****   tmp = (uint32_t)hdac->Instance;
 213              		.loc 1 233 0
 214 000e 0068     		ldr	r0, [r0]
 215              	.LVL18:
 234:Drivers/STM32L4xx_HAL_Driver/Src/stm32l4xx_hal_dac_ex.c ****   tmp += DAC_DHR12RD_ALIGNMENT(Alignment);
 216              		.loc 1 234 0
 217 0010 0144     		add	r1, r1, r0
 218              	.LVL19:
 235:Drivers/STM32L4xx_HAL_Driver/Src/stm32l4xx_hal_dac_ex.c **** 
 236:Drivers/STM32L4xx_HAL_Driver/Src/stm32l4xx_hal_dac_ex.c ****   /* Set the dual DAC selected data holding register */
 237:Drivers/STM32L4xx_HAL_Driver/Src/stm32l4xx_hal_dac_ex.c ****   *(__IO uint32_t *)tmp = data;
 219              		.loc 1 237 0
 220 0012 0A62     		str	r2, [r1, #32]
ARM GAS  /tmp/ccJMj8Bf.s 			page 9


 238:Drivers/STM32L4xx_HAL_Driver/Src/stm32l4xx_hal_dac_ex.c **** 
 239:Drivers/STM32L4xx_HAL_Driver/Src/stm32l4xx_hal_dac_ex.c ****   /* Return function status */
 240:Drivers/STM32L4xx_HAL_Driver/Src/stm32l4xx_hal_dac_ex.c ****   return HAL_OK;
 241:Drivers/STM32L4xx_HAL_Driver/Src/stm32l4xx_hal_dac_ex.c **** }
 221              		.loc 1 241 0
 222 0014 0020     		movs	r0, #0
 223 0016 7047     		bx	lr
 224              		.cfi_endproc
 225              	.LFE290:
 227              		.section	.text.HAL_DACEx_ConvCpltCallbackCh2,"ax",%progbits
 228              		.align	2
 229              		.weak	HAL_DACEx_ConvCpltCallbackCh2
 230              		.thumb
 231              		.thumb_func
 233              	HAL_DACEx_ConvCpltCallbackCh2:
 234              	.LFB291:
 242:Drivers/STM32L4xx_HAL_Driver/Src/stm32l4xx_hal_dac_ex.c **** 
 243:Drivers/STM32L4xx_HAL_Driver/Src/stm32l4xx_hal_dac_ex.c **** /**
 244:Drivers/STM32L4xx_HAL_Driver/Src/stm32l4xx_hal_dac_ex.c ****   * @brief  Conversion complete callback in non-blocking mode for Channel2.
 245:Drivers/STM32L4xx_HAL_Driver/Src/stm32l4xx_hal_dac_ex.c ****   * @param  hdac pointer to a DAC_HandleTypeDef structure that contains
 246:Drivers/STM32L4xx_HAL_Driver/Src/stm32l4xx_hal_dac_ex.c ****   *         the configuration information for the specified DAC.
 247:Drivers/STM32L4xx_HAL_Driver/Src/stm32l4xx_hal_dac_ex.c ****   * @retval None
 248:Drivers/STM32L4xx_HAL_Driver/Src/stm32l4xx_hal_dac_ex.c ****   */
 249:Drivers/STM32L4xx_HAL_Driver/Src/stm32l4xx_hal_dac_ex.c **** __weak void HAL_DACEx_ConvCpltCallbackCh2(DAC_HandleTypeDef *hdac)
 250:Drivers/STM32L4xx_HAL_Driver/Src/stm32l4xx_hal_dac_ex.c **** {
 235              		.loc 1 250 0
 236              		.cfi_startproc
 237              		@ args = 0, pretend = 0, frame = 0
 238              		@ frame_needed = 0, uses_anonymous_args = 0
 239              		@ link register save eliminated.
 240              	.LVL20:
 241 0000 7047     		bx	lr
 242              		.cfi_endproc
 243              	.LFE291:
 245 0002 00BF     		.section	.text.HAL_DACEx_ConvHalfCpltCallbackCh2,"ax",%progbits
 246              		.align	2
 247              		.weak	HAL_DACEx_ConvHalfCpltCallbackCh2
 248              		.thumb
 249              		.thumb_func
 251              	HAL_DACEx_ConvHalfCpltCallbackCh2:
 252              	.LFB292:
 251:Drivers/STM32L4xx_HAL_Driver/Src/stm32l4xx_hal_dac_ex.c ****   /* Prevent unused argument(s) compilation warning */
 252:Drivers/STM32L4xx_HAL_Driver/Src/stm32l4xx_hal_dac_ex.c ****   UNUSED(hdac);
 253:Drivers/STM32L4xx_HAL_Driver/Src/stm32l4xx_hal_dac_ex.c **** 
 254:Drivers/STM32L4xx_HAL_Driver/Src/stm32l4xx_hal_dac_ex.c ****   /* NOTE : This function should not be modified, when the callback is needed,
 255:Drivers/STM32L4xx_HAL_Driver/Src/stm32l4xx_hal_dac_ex.c ****             the HAL_DACEx_ConvCpltCallbackCh2 could be implemented in the user file
 256:Drivers/STM32L4xx_HAL_Driver/Src/stm32l4xx_hal_dac_ex.c ****    */
 257:Drivers/STM32L4xx_HAL_Driver/Src/stm32l4xx_hal_dac_ex.c **** }
 258:Drivers/STM32L4xx_HAL_Driver/Src/stm32l4xx_hal_dac_ex.c **** 
 259:Drivers/STM32L4xx_HAL_Driver/Src/stm32l4xx_hal_dac_ex.c **** /**
 260:Drivers/STM32L4xx_HAL_Driver/Src/stm32l4xx_hal_dac_ex.c ****   * @brief  Conversion half DMA transfer callback in non-blocking mode for Channel2.
 261:Drivers/STM32L4xx_HAL_Driver/Src/stm32l4xx_hal_dac_ex.c ****   * @param  hdac pointer to a DAC_HandleTypeDef structure that contains
 262:Drivers/STM32L4xx_HAL_Driver/Src/stm32l4xx_hal_dac_ex.c ****   *         the configuration information for the specified DAC.
 263:Drivers/STM32L4xx_HAL_Driver/Src/stm32l4xx_hal_dac_ex.c ****   * @retval None
 264:Drivers/STM32L4xx_HAL_Driver/Src/stm32l4xx_hal_dac_ex.c ****   */
 265:Drivers/STM32L4xx_HAL_Driver/Src/stm32l4xx_hal_dac_ex.c **** __weak void HAL_DACEx_ConvHalfCpltCallbackCh2(DAC_HandleTypeDef *hdac)
 266:Drivers/STM32L4xx_HAL_Driver/Src/stm32l4xx_hal_dac_ex.c **** {
ARM GAS  /tmp/ccJMj8Bf.s 			page 10


 253              		.loc 1 266 0
 254              		.cfi_startproc
 255              		@ args = 0, pretend = 0, frame = 0
 256              		@ frame_needed = 0, uses_anonymous_args = 0
 257              		@ link register save eliminated.
 258              	.LVL21:
 259 0000 7047     		bx	lr
 260              		.cfi_endproc
 261              	.LFE292:
 263 0002 00BF     		.section	.text.HAL_DACEx_ErrorCallbackCh2,"ax",%progbits
 264              		.align	2
 265              		.weak	HAL_DACEx_ErrorCallbackCh2
 266              		.thumb
 267              		.thumb_func
 269              	HAL_DACEx_ErrorCallbackCh2:
 270              	.LFB293:
 267:Drivers/STM32L4xx_HAL_Driver/Src/stm32l4xx_hal_dac_ex.c ****   /* Prevent unused argument(s) compilation warning */
 268:Drivers/STM32L4xx_HAL_Driver/Src/stm32l4xx_hal_dac_ex.c ****   UNUSED(hdac);
 269:Drivers/STM32L4xx_HAL_Driver/Src/stm32l4xx_hal_dac_ex.c **** 
 270:Drivers/STM32L4xx_HAL_Driver/Src/stm32l4xx_hal_dac_ex.c ****   /* NOTE : This function should not be modified, when the callback is needed,
 271:Drivers/STM32L4xx_HAL_Driver/Src/stm32l4xx_hal_dac_ex.c ****             the HAL_DACEx_ConvHalfCpltCallbackCh2 could be implemented in the user file
 272:Drivers/STM32L4xx_HAL_Driver/Src/stm32l4xx_hal_dac_ex.c ****    */
 273:Drivers/STM32L4xx_HAL_Driver/Src/stm32l4xx_hal_dac_ex.c **** }
 274:Drivers/STM32L4xx_HAL_Driver/Src/stm32l4xx_hal_dac_ex.c **** 
 275:Drivers/STM32L4xx_HAL_Driver/Src/stm32l4xx_hal_dac_ex.c **** /**
 276:Drivers/STM32L4xx_HAL_Driver/Src/stm32l4xx_hal_dac_ex.c ****   * @brief  Error DAC callback for Channel2.
 277:Drivers/STM32L4xx_HAL_Driver/Src/stm32l4xx_hal_dac_ex.c ****   * @param  hdac pointer to a DAC_HandleTypeDef structure that contains
 278:Drivers/STM32L4xx_HAL_Driver/Src/stm32l4xx_hal_dac_ex.c ****   *         the configuration information for the specified DAC.
 279:Drivers/STM32L4xx_HAL_Driver/Src/stm32l4xx_hal_dac_ex.c ****   * @retval None
 280:Drivers/STM32L4xx_HAL_Driver/Src/stm32l4xx_hal_dac_ex.c ****   */
 281:Drivers/STM32L4xx_HAL_Driver/Src/stm32l4xx_hal_dac_ex.c **** __weak void HAL_DACEx_ErrorCallbackCh2(DAC_HandleTypeDef *hdac)
 282:Drivers/STM32L4xx_HAL_Driver/Src/stm32l4xx_hal_dac_ex.c **** {
 271              		.loc 1 282 0
 272              		.cfi_startproc
 273              		@ args = 0, pretend = 0, frame = 0
 274              		@ frame_needed = 0, uses_anonymous_args = 0
 275              		@ link register save eliminated.
 276              	.LVL22:
 277 0000 7047     		bx	lr
 278              		.cfi_endproc
 279              	.LFE293:
 281 0002 00BF     		.section	.text.HAL_DACEx_DMAUnderrunCallbackCh2,"ax",%progbits
 282              		.align	2
 283              		.weak	HAL_DACEx_DMAUnderrunCallbackCh2
 284              		.thumb
 285              		.thumb_func
 287              	HAL_DACEx_DMAUnderrunCallbackCh2:
 288              	.LFB294:
 283:Drivers/STM32L4xx_HAL_Driver/Src/stm32l4xx_hal_dac_ex.c ****   /* Prevent unused argument(s) compilation warning */
 284:Drivers/STM32L4xx_HAL_Driver/Src/stm32l4xx_hal_dac_ex.c ****   UNUSED(hdac);
 285:Drivers/STM32L4xx_HAL_Driver/Src/stm32l4xx_hal_dac_ex.c **** 
 286:Drivers/STM32L4xx_HAL_Driver/Src/stm32l4xx_hal_dac_ex.c ****   /* NOTE : This function should not be modified, when the callback is needed,
 287:Drivers/STM32L4xx_HAL_Driver/Src/stm32l4xx_hal_dac_ex.c ****             the HAL_DACEx_ErrorCallbackCh2 could be implemented in the user file
 288:Drivers/STM32L4xx_HAL_Driver/Src/stm32l4xx_hal_dac_ex.c ****    */
 289:Drivers/STM32L4xx_HAL_Driver/Src/stm32l4xx_hal_dac_ex.c **** }
 290:Drivers/STM32L4xx_HAL_Driver/Src/stm32l4xx_hal_dac_ex.c **** 
 291:Drivers/STM32L4xx_HAL_Driver/Src/stm32l4xx_hal_dac_ex.c **** /**
ARM GAS  /tmp/ccJMj8Bf.s 			page 11


 292:Drivers/STM32L4xx_HAL_Driver/Src/stm32l4xx_hal_dac_ex.c ****   * @brief  DMA underrun DAC callback for Channel2.
 293:Drivers/STM32L4xx_HAL_Driver/Src/stm32l4xx_hal_dac_ex.c ****   * @param  hdac pointer to a DAC_HandleTypeDef structure that contains
 294:Drivers/STM32L4xx_HAL_Driver/Src/stm32l4xx_hal_dac_ex.c ****   *         the configuration information for the specified DAC.
 295:Drivers/STM32L4xx_HAL_Driver/Src/stm32l4xx_hal_dac_ex.c ****   * @retval None
 296:Drivers/STM32L4xx_HAL_Driver/Src/stm32l4xx_hal_dac_ex.c ****   */
 297:Drivers/STM32L4xx_HAL_Driver/Src/stm32l4xx_hal_dac_ex.c **** __weak void HAL_DACEx_DMAUnderrunCallbackCh2(DAC_HandleTypeDef *hdac)
 298:Drivers/STM32L4xx_HAL_Driver/Src/stm32l4xx_hal_dac_ex.c **** {
 289              		.loc 1 298 0
 290              		.cfi_startproc
 291              		@ args = 0, pretend = 0, frame = 0
 292              		@ frame_needed = 0, uses_anonymous_args = 0
 293              		@ link register save eliminated.
 294              	.LVL23:
 295 0000 7047     		bx	lr
 296              		.cfi_endproc
 297              	.LFE294:
 299 0002 00BF     		.section	.text.HAL_DACEx_SelfCalibrate,"ax",%progbits
 300              		.align	2
 301              		.global	HAL_DACEx_SelfCalibrate
 302              		.thumb
 303              		.thumb_func
 305              	HAL_DACEx_SelfCalibrate:
 306              	.LFB295:
 299:Drivers/STM32L4xx_HAL_Driver/Src/stm32l4xx_hal_dac_ex.c ****   /* Prevent unused argument(s) compilation warning */
 300:Drivers/STM32L4xx_HAL_Driver/Src/stm32l4xx_hal_dac_ex.c ****   UNUSED(hdac);
 301:Drivers/STM32L4xx_HAL_Driver/Src/stm32l4xx_hal_dac_ex.c **** 
 302:Drivers/STM32L4xx_HAL_Driver/Src/stm32l4xx_hal_dac_ex.c ****   /* NOTE : This function should not be modified, when the callback is needed,
 303:Drivers/STM32L4xx_HAL_Driver/Src/stm32l4xx_hal_dac_ex.c ****             the HAL_DACEx_DMAUnderrunCallbackCh2 could be implemented in the user file
 304:Drivers/STM32L4xx_HAL_Driver/Src/stm32l4xx_hal_dac_ex.c ****    */
 305:Drivers/STM32L4xx_HAL_Driver/Src/stm32l4xx_hal_dac_ex.c **** }
 306:Drivers/STM32L4xx_HAL_Driver/Src/stm32l4xx_hal_dac_ex.c **** #endif  /* STM32L431xx STM32L432xx STM32L433xx STM32L442xx STM32L443xx                         */
 307:Drivers/STM32L4xx_HAL_Driver/Src/stm32l4xx_hal_dac_ex.c ****         /* STM32L471xx STM32L475xx STM32L476xx STM32L485xx STM32L486xx STM32L496xx STM32L4A6xx */
 308:Drivers/STM32L4xx_HAL_Driver/Src/stm32l4xx_hal_dac_ex.c ****         /* STM32L4P5xx STM32L4Q5xx                                                             */
 309:Drivers/STM32L4xx_HAL_Driver/Src/stm32l4xx_hal_dac_ex.c ****         /* STM32L4R5xx STM32L4R7xx STM32L4R9xx STM32L4S5xx STM32L4S7xx STM32L4S9xx             */
 310:Drivers/STM32L4xx_HAL_Driver/Src/stm32l4xx_hal_dac_ex.c **** 
 311:Drivers/STM32L4xx_HAL_Driver/Src/stm32l4xx_hal_dac_ex.c **** /**
 312:Drivers/STM32L4xx_HAL_Driver/Src/stm32l4xx_hal_dac_ex.c ****   * @brief  Run the self calibration of one DAC channel.
 313:Drivers/STM32L4xx_HAL_Driver/Src/stm32l4xx_hal_dac_ex.c ****   * @param  hdac pointer to a DAC_HandleTypeDef structure that contains
 314:Drivers/STM32L4xx_HAL_Driver/Src/stm32l4xx_hal_dac_ex.c ****   *         the configuration information for the specified DAC.
 315:Drivers/STM32L4xx_HAL_Driver/Src/stm32l4xx_hal_dac_ex.c ****   * @param  sConfig DAC channel configuration structure.
 316:Drivers/STM32L4xx_HAL_Driver/Src/stm32l4xx_hal_dac_ex.c ****   * @param  Channel The selected DAC channel.
 317:Drivers/STM32L4xx_HAL_Driver/Src/stm32l4xx_hal_dac_ex.c ****   *          This parameter can be one of the following values:
 318:Drivers/STM32L4xx_HAL_Driver/Src/stm32l4xx_hal_dac_ex.c ****   *            @arg DAC_CHANNEL_1: DAC Channel1 selected
 319:Drivers/STM32L4xx_HAL_Driver/Src/stm32l4xx_hal_dac_ex.c ****   *            @arg DAC_CHANNEL_2: DAC Channel2 selected
 320:Drivers/STM32L4xx_HAL_Driver/Src/stm32l4xx_hal_dac_ex.c ****   * @retval Updates DAC_TrimmingValue. , DAC_UserTrimming set to DAC_UserTrimming
 321:Drivers/STM32L4xx_HAL_Driver/Src/stm32l4xx_hal_dac_ex.c ****   * @retval HAL status
 322:Drivers/STM32L4xx_HAL_Driver/Src/stm32l4xx_hal_dac_ex.c ****   * @note   Calibration runs about 7 ms.
 323:Drivers/STM32L4xx_HAL_Driver/Src/stm32l4xx_hal_dac_ex.c ****   */
 324:Drivers/STM32L4xx_HAL_Driver/Src/stm32l4xx_hal_dac_ex.c **** 
 325:Drivers/STM32L4xx_HAL_Driver/Src/stm32l4xx_hal_dac_ex.c **** HAL_StatusTypeDef HAL_DACEx_SelfCalibrate(DAC_HandleTypeDef *hdac, DAC_ChannelConfTypeDef *sConfig,
 326:Drivers/STM32L4xx_HAL_Driver/Src/stm32l4xx_hal_dac_ex.c **** {
 307              		.loc 1 326 0
 308              		.cfi_startproc
 309              		@ args = 0, pretend = 0, frame = 8
 310              		@ frame_needed = 0, uses_anonymous_args = 0
 311              	.LVL24:
 327:Drivers/STM32L4xx_HAL_Driver/Src/stm32l4xx_hal_dac_ex.c ****   HAL_StatusTypeDef status = HAL_OK;
ARM GAS  /tmp/ccJMj8Bf.s 			page 12


 328:Drivers/STM32L4xx_HAL_Driver/Src/stm32l4xx_hal_dac_ex.c **** 
 329:Drivers/STM32L4xx_HAL_Driver/Src/stm32l4xx_hal_dac_ex.c ****   __IO uint32_t tmp;
 330:Drivers/STM32L4xx_HAL_Driver/Src/stm32l4xx_hal_dac_ex.c ****   uint32_t trimmingvalue;
 331:Drivers/STM32L4xx_HAL_Driver/Src/stm32l4xx_hal_dac_ex.c ****   uint32_t delta;
 332:Drivers/STM32L4xx_HAL_Driver/Src/stm32l4xx_hal_dac_ex.c **** 
 333:Drivers/STM32L4xx_HAL_Driver/Src/stm32l4xx_hal_dac_ex.c ****   /* store/restore channel configuration structure purpose */
 334:Drivers/STM32L4xx_HAL_Driver/Src/stm32l4xx_hal_dac_ex.c ****   uint32_t oldmodeconfiguration;
 335:Drivers/STM32L4xx_HAL_Driver/Src/stm32l4xx_hal_dac_ex.c **** 
 336:Drivers/STM32L4xx_HAL_Driver/Src/stm32l4xx_hal_dac_ex.c ****   /* Check the parameters */
 337:Drivers/STM32L4xx_HAL_Driver/Src/stm32l4xx_hal_dac_ex.c ****   assert_param(IS_DAC_CHANNEL(Channel));
 338:Drivers/STM32L4xx_HAL_Driver/Src/stm32l4xx_hal_dac_ex.c **** 
 339:Drivers/STM32L4xx_HAL_Driver/Src/stm32l4xx_hal_dac_ex.c ****  /* Check the DAC handle allocation */
 340:Drivers/STM32L4xx_HAL_Driver/Src/stm32l4xx_hal_dac_ex.c ****  /* Check if DAC running */
 341:Drivers/STM32L4xx_HAL_Driver/Src/stm32l4xx_hal_dac_ex.c ****   if (hdac == NULL)
 312              		.loc 1 341 0
 313 0000 0028     		cmp	r0, #0
 314 0002 00F08480 		beq	.L27
 326:Drivers/STM32L4xx_HAL_Driver/Src/stm32l4xx_hal_dac_ex.c ****   HAL_StatusTypeDef status = HAL_OK;
 315              		.loc 1 326 0
 316 0006 2DE9F04F 		push	{r4, r5, r6, r7, r8, r9, r10, fp, lr}
 317              	.LCFI8:
 318              		.cfi_def_cfa_offset 36
 319              		.cfi_offset 4, -36
 320              		.cfi_offset 5, -32
 321              		.cfi_offset 6, -28
 322              		.cfi_offset 7, -24
 323              		.cfi_offset 8, -20
 324              		.cfi_offset 9, -16
 325              		.cfi_offset 10, -12
 326              		.cfi_offset 11, -8
 327              		.cfi_offset 14, -4
 328 000a 83B0     		sub	sp, sp, #12
 329              	.LCFI9:
 330              		.cfi_def_cfa_offset 48
 331 000c 0446     		mov	r4, r0
 342:Drivers/STM32L4xx_HAL_Driver/Src/stm32l4xx_hal_dac_ex.c ****   {
 343:Drivers/STM32L4xx_HAL_Driver/Src/stm32l4xx_hal_dac_ex.c ****     status = HAL_ERROR;
 344:Drivers/STM32L4xx_HAL_Driver/Src/stm32l4xx_hal_dac_ex.c ****   }
 345:Drivers/STM32L4xx_HAL_Driver/Src/stm32l4xx_hal_dac_ex.c ****   else if (hdac->State == HAL_DAC_STATE_BUSY)
 332              		.loc 1 345 0
 333 000e 0379     		ldrb	r3, [r0, #4]	@ zero_extendqisi2
 334 0010 DBB2     		uxtb	r3, r3
 335 0012 022B     		cmp	r3, #2
 336 0014 7DD0     		beq	.L28
 346:Drivers/STM32L4xx_HAL_Driver/Src/stm32l4xx_hal_dac_ex.c ****   {
 347:Drivers/STM32L4xx_HAL_Driver/Src/stm32l4xx_hal_dac_ex.c ****     status = HAL_ERROR;
 348:Drivers/STM32L4xx_HAL_Driver/Src/stm32l4xx_hal_dac_ex.c ****   }
 349:Drivers/STM32L4xx_HAL_Driver/Src/stm32l4xx_hal_dac_ex.c ****   else
 350:Drivers/STM32L4xx_HAL_Driver/Src/stm32l4xx_hal_dac_ex.c ****   {
 351:Drivers/STM32L4xx_HAL_Driver/Src/stm32l4xx_hal_dac_ex.c ****     /* Process locked */
 352:Drivers/STM32L4xx_HAL_Driver/Src/stm32l4xx_hal_dac_ex.c ****     __HAL_LOCK(hdac);
 337              		.loc 1 352 0
 338 0016 4379     		ldrb	r3, [r0, #5]	@ zero_extendqisi2
 339 0018 012B     		cmp	r3, #1
 340 001a 7CD0     		beq	.L29
 341              		.loc 1 352 0 is_stmt 0 discriminator 2
 342 001c 0123     		movs	r3, #1
ARM GAS  /tmp/ccJMj8Bf.s 			page 13


 343 001e 4371     		strb	r3, [r0, #5]
 353:Drivers/STM32L4xx_HAL_Driver/Src/stm32l4xx_hal_dac_ex.c **** 
 354:Drivers/STM32L4xx_HAL_Driver/Src/stm32l4xx_hal_dac_ex.c ****     /* Store configuration */
 355:Drivers/STM32L4xx_HAL_Driver/Src/stm32l4xx_hal_dac_ex.c ****     oldmodeconfiguration = (hdac->Instance->MCR & (DAC_MCR_MODE1 << (Channel & 0x10UL)));
 344              		.loc 1 355 0 is_stmt 1 discriminator 2
 345 0020 0068     		ldr	r0, [r0]
 346              	.LVL25:
 347 0022 C56B     		ldr	r5, [r0, #60]
 348 0024 02F01007 		and	r7, r2, #16
 349 0028 4FF00709 		mov	r9, #7
 350 002c 09FA07F9 		lsl	r9, r9, r7
 351 0030 05EA090B 		and	fp, r5, r9
 352              	.LVL26:
 356:Drivers/STM32L4xx_HAL_Driver/Src/stm32l4xx_hal_dac_ex.c **** 
 357:Drivers/STM32L4xx_HAL_Driver/Src/stm32l4xx_hal_dac_ex.c ****     /* Disable the selected DAC channel */
 358:Drivers/STM32L4xx_HAL_Driver/Src/stm32l4xx_hal_dac_ex.c ****     CLEAR_BIT((hdac->Instance->CR), (DAC_CR_EN1 << (Channel & 0x10UL)));
 353              		.loc 1 358 0 discriminator 2
 354 0034 0568     		ldr	r5, [r0]
 355 0036 BB40     		lsls	r3, r3, r7
 356 0038 25EA0303 		bic	r3, r5, r3
 357 003c 0360     		str	r3, [r0]
 359:Drivers/STM32L4xx_HAL_Driver/Src/stm32l4xx_hal_dac_ex.c **** 
 360:Drivers/STM32L4xx_HAL_Driver/Src/stm32l4xx_hal_dac_ex.c ****     /* Set mode in MCR  for calibration */
 361:Drivers/STM32L4xx_HAL_Driver/Src/stm32l4xx_hal_dac_ex.c ****     MODIFY_REG(hdac->Instance->MCR, (DAC_MCR_MODE1 << (Channel & 0x10UL)), 0U);
 358              		.loc 1 361 0 discriminator 2
 359 003e 2068     		ldr	r0, [r4]
 360 0040 C36B     		ldr	r3, [r0, #60]
 361 0042 6FEA0909 		mvn	r9, r9
 362 0046 03EA0903 		and	r3, r3, r9
 363 004a C363     		str	r3, [r0, #60]
 362:Drivers/STM32L4xx_HAL_Driver/Src/stm32l4xx_hal_dac_ex.c **** 
 363:Drivers/STM32L4xx_HAL_Driver/Src/stm32l4xx_hal_dac_ex.c ****     /* Set DAC Channel1 DHR register to the middle value */
 364:Drivers/STM32L4xx_HAL_Driver/Src/stm32l4xx_hal_dac_ex.c ****     tmp = (uint32_t)hdac->Instance;
 364              		.loc 1 364 0 discriminator 2
 365 004c 2368     		ldr	r3, [r4]
 366 004e 0193     		str	r3, [sp, #4]
 365:Drivers/STM32L4xx_HAL_Driver/Src/stm32l4xx_hal_dac_ex.c **** 
 366:Drivers/STM32L4xx_HAL_Driver/Src/stm32l4xx_hal_dac_ex.c **** #if defined (STM32L431xx) || defined (STM32L432xx) || defined (STM32L433xx) || defined (STM32L442xx
 367:Drivers/STM32L4xx_HAL_Driver/Src/stm32l4xx_hal_dac_ex.c ****     defined (STM32L471xx) || defined (STM32L475xx) || defined (STM32L476xx) || defined (STM32L485xx
 368:Drivers/STM32L4xx_HAL_Driver/Src/stm32l4xx_hal_dac_ex.c ****     defined (STM32L4P5xx) || defined (STM32L4Q5xx) || \
 369:Drivers/STM32L4xx_HAL_Driver/Src/stm32l4xx_hal_dac_ex.c ****     defined (STM32L4R5xx) || defined (STM32L4R7xx) || defined (STM32L4R9xx) || defined (STM32L4S5xx
 370:Drivers/STM32L4xx_HAL_Driver/Src/stm32l4xx_hal_dac_ex.c ****     if(Channel == DAC_CHANNEL_1)
 367              		.loc 1 370 0 discriminator 2
 368 0050 1AB9     		cbnz	r2, .L20
 371:Drivers/STM32L4xx_HAL_Driver/Src/stm32l4xx_hal_dac_ex.c ****     {
 372:Drivers/STM32L4xx_HAL_Driver/Src/stm32l4xx_hal_dac_ex.c ****       tmp += DAC_DHR12R1_ALIGNMENT(DAC_ALIGN_12B_R);
 369              		.loc 1 372 0
 370 0052 019B     		ldr	r3, [sp, #4]
 371 0054 0833     		adds	r3, r3, #8
 372 0056 0193     		str	r3, [sp, #4]
 373 0058 02E0     		b	.L21
 374              	.L20:
 373:Drivers/STM32L4xx_HAL_Driver/Src/stm32l4xx_hal_dac_ex.c ****     }
 374:Drivers/STM32L4xx_HAL_Driver/Src/stm32l4xx_hal_dac_ex.c ****     else
 375:Drivers/STM32L4xx_HAL_Driver/Src/stm32l4xx_hal_dac_ex.c ****     {
 376:Drivers/STM32L4xx_HAL_Driver/Src/stm32l4xx_hal_dac_ex.c ****       tmp += DAC_DHR12R2_ALIGNMENT(DAC_ALIGN_12B_R);
 375              		.loc 1 376 0
ARM GAS  /tmp/ccJMj8Bf.s 			page 14


 376 005a 019B     		ldr	r3, [sp, #4]
 377 005c 1433     		adds	r3, r3, #20
 378 005e 0193     		str	r3, [sp, #4]
 379              	.L21:
 380 0060 8A46     		mov	r10, r1
 377:Drivers/STM32L4xx_HAL_Driver/Src/stm32l4xx_hal_dac_ex.c ****     }
 378:Drivers/STM32L4xx_HAL_Driver/Src/stm32l4xx_hal_dac_ex.c **** #endif  /* STM32L431xx STM32L432xx STM32L433xx STM32L442xx STM32L443xx                         */
 379:Drivers/STM32L4xx_HAL_Driver/Src/stm32l4xx_hal_dac_ex.c ****         /* STM32L471xx STM32L475xx STM32L476xx STM32L485xx STM32L486xx STM32L496xx STM32L4A6xx */
 380:Drivers/STM32L4xx_HAL_Driver/Src/stm32l4xx_hal_dac_ex.c ****         /* STM32L4P5xx STM32L4Q5xx                                                             */
 381:Drivers/STM32L4xx_HAL_Driver/Src/stm32l4xx_hal_dac_ex.c ****         /* STM32L4R5xx STM32L4R7xx STM32L4R9xx STM32L4S5xx STM32L4S7xx STM32L4S9xx             */
 382:Drivers/STM32L4xx_HAL_Driver/Src/stm32l4xx_hal_dac_ex.c **** #if defined (STM32L451xx) || defined (STM32L452xx) || defined (STM32L462xx)
 383:Drivers/STM32L4xx_HAL_Driver/Src/stm32l4xx_hal_dac_ex.c ****     tmp += DAC_DHR12R1_ALIGNMENT(DAC_ALIGN_12B_R);
 384:Drivers/STM32L4xx_HAL_Driver/Src/stm32l4xx_hal_dac_ex.c **** #endif /* STM32L451xx STM32L452xx STM32L462xx */
 385:Drivers/STM32L4xx_HAL_Driver/Src/stm32l4xx_hal_dac_ex.c ****     *(__IO uint32_t *) tmp = 0x0800U;
 381              		.loc 1 385 0
 382 0062 019B     		ldr	r3, [sp, #4]
 383 0064 4FF40062 		mov	r2, #2048
 384              	.LVL27:
 385 0068 1A60     		str	r2, [r3]
 386:Drivers/STM32L4xx_HAL_Driver/Src/stm32l4xx_hal_dac_ex.c **** 
 387:Drivers/STM32L4xx_HAL_Driver/Src/stm32l4xx_hal_dac_ex.c ****     /* Enable the selected DAC channel calibration */
 388:Drivers/STM32L4xx_HAL_Driver/Src/stm32l4xx_hal_dac_ex.c ****     /* i.e. set DAC_CR_CENx bit */
 389:Drivers/STM32L4xx_HAL_Driver/Src/stm32l4xx_hal_dac_ex.c ****     SET_BIT((hdac->Instance->CR), (DAC_CR_CEN1 << (Channel & 0x10UL)));
 386              		.loc 1 389 0
 387 006a 2268     		ldr	r2, [r4]
 388 006c 1368     		ldr	r3, [r2]
 389 006e 4FF48048 		mov	r8, #16384
 390 0072 08FA07F8 		lsl	r8, r8, r7
 391 0076 43EA0803 		orr	r3, r3, r8
 392 007a 1360     		str	r3, [r2]
 393              	.LVL28:
 390:Drivers/STM32L4xx_HAL_Driver/Src/stm32l4xx_hal_dac_ex.c **** 
 391:Drivers/STM32L4xx_HAL_Driver/Src/stm32l4xx_hal_dac_ex.c ****     /* Init trimming counter */
 392:Drivers/STM32L4xx_HAL_Driver/Src/stm32l4xx_hal_dac_ex.c ****     /* Medium value */
 393:Drivers/STM32L4xx_HAL_Driver/Src/stm32l4xx_hal_dac_ex.c ****     trimmingvalue = 16U;
 394:Drivers/STM32L4xx_HAL_Driver/Src/stm32l4xx_hal_dac_ex.c ****     delta = 8U;
 394              		.loc 1 394 0
 395 007c 0825     		movs	r5, #8
 393:Drivers/STM32L4xx_HAL_Driver/Src/stm32l4xx_hal_dac_ex.c ****     delta = 8U;
 396              		.loc 1 393 0
 397 007e 1026     		movs	r6, #16
 395:Drivers/STM32L4xx_HAL_Driver/Src/stm32l4xx_hal_dac_ex.c ****     while (delta != 0U)
 398              		.loc 1 395 0
 399 0080 15E0     		b	.L22
 400              	.LVL29:
 401              	.L25:
 396:Drivers/STM32L4xx_HAL_Driver/Src/stm32l4xx_hal_dac_ex.c ****     {
 397:Drivers/STM32L4xx_HAL_Driver/Src/stm32l4xx_hal_dac_ex.c ****       /* Set candidate trimming */
 398:Drivers/STM32L4xx_HAL_Driver/Src/stm32l4xx_hal_dac_ex.c ****       MODIFY_REG(hdac->Instance->CCR, (DAC_CCR_OTRIM1 << (Channel & 0x10UL)), (trimmingvalue << (Ch
 402              		.loc 1 398 0
 403 0082 2068     		ldr	r0, [r4]
 404 0084 816B     		ldr	r1, [r0, #56]
 405 0086 1F23     		movs	r3, #31
 406 0088 BB40     		lsls	r3, r3, r7
 407 008a 21EA0302 		bic	r2, r1, r3
 408 008e 06FA07F3 		lsl	r3, r6, r7
 409 0092 1343     		orrs	r3, r3, r2
ARM GAS  /tmp/ccJMj8Bf.s 			page 15


 410 0094 8363     		str	r3, [r0, #56]
 399:Drivers/STM32L4xx_HAL_Driver/Src/stm32l4xx_hal_dac_ex.c **** 
 400:Drivers/STM32L4xx_HAL_Driver/Src/stm32l4xx_hal_dac_ex.c ****       /* tOFFTRIMmax delay x ms as per datasheet (electrical characteristics */
 401:Drivers/STM32L4xx_HAL_Driver/Src/stm32l4xx_hal_dac_ex.c ****       /* i.e. minimum time needed between two calibration steps */
 402:Drivers/STM32L4xx_HAL_Driver/Src/stm32l4xx_hal_dac_ex.c ****       HAL_Delay(1);
 411              		.loc 1 402 0
 412 0096 0120     		movs	r0, #1
 413 0098 FFF7FEFF 		bl	HAL_Delay
 414              	.LVL30:
 403:Drivers/STM32L4xx_HAL_Driver/Src/stm32l4xx_hal_dac_ex.c **** 
 404:Drivers/STM32L4xx_HAL_Driver/Src/stm32l4xx_hal_dac_ex.c ****       if ((hdac->Instance->SR & (DAC_SR_CAL_FLAG1 << (Channel & 0x10UL))) == (DAC_SR_CAL_FLAG1 << (
 415              		.loc 1 404 0
 416 009c 2368     		ldr	r3, [r4]
 417 009e 5B6B     		ldr	r3, [r3, #52]
 418 00a0 38EA0303 		bics	r3, r8, r3
 419 00a4 01D1     		bne	.L23
 405:Drivers/STM32L4xx_HAL_Driver/Src/stm32l4xx_hal_dac_ex.c ****       {
 406:Drivers/STM32L4xx_HAL_Driver/Src/stm32l4xx_hal_dac_ex.c ****         /* DAC_SR_CAL_FLAGx is HIGH try higher trimming */
 407:Drivers/STM32L4xx_HAL_Driver/Src/stm32l4xx_hal_dac_ex.c ****         trimmingvalue -= delta;
 420              		.loc 1 407 0
 421 00a6 761B     		subs	r6, r6, r5
 422              	.LVL31:
 423 00a8 00E0     		b	.L24
 424              	.L23:
 408:Drivers/STM32L4xx_HAL_Driver/Src/stm32l4xx_hal_dac_ex.c ****       }
 409:Drivers/STM32L4xx_HAL_Driver/Src/stm32l4xx_hal_dac_ex.c ****       else
 410:Drivers/STM32L4xx_HAL_Driver/Src/stm32l4xx_hal_dac_ex.c ****       {
 411:Drivers/STM32L4xx_HAL_Driver/Src/stm32l4xx_hal_dac_ex.c ****         /* DAC_SR_CAL_FLAGx is LOW try lower trimming */
 412:Drivers/STM32L4xx_HAL_Driver/Src/stm32l4xx_hal_dac_ex.c ****         trimmingvalue += delta;
 425              		.loc 1 412 0
 426 00aa 2E44     		add	r6, r6, r5
 427              	.LVL32:
 428              	.L24:
 413:Drivers/STM32L4xx_HAL_Driver/Src/stm32l4xx_hal_dac_ex.c ****       }
 414:Drivers/STM32L4xx_HAL_Driver/Src/stm32l4xx_hal_dac_ex.c ****       delta >>= 1U;
 429              		.loc 1 414 0
 430 00ac 6D08     		lsrs	r5, r5, #1
 431              	.LVL33:
 432              	.L22:
 395:Drivers/STM32L4xx_HAL_Driver/Src/stm32l4xx_hal_dac_ex.c ****     {
 433              		.loc 1 395 0
 434 00ae 002D     		cmp	r5, #0
 435 00b0 E7D1     		bne	.L25
 415:Drivers/STM32L4xx_HAL_Driver/Src/stm32l4xx_hal_dac_ex.c ****     }
 416:Drivers/STM32L4xx_HAL_Driver/Src/stm32l4xx_hal_dac_ex.c **** 
 417:Drivers/STM32L4xx_HAL_Driver/Src/stm32l4xx_hal_dac_ex.c ****     /* Still need to check if right calibration is current value or one step below */
 418:Drivers/STM32L4xx_HAL_Driver/Src/stm32l4xx_hal_dac_ex.c ****     /* Indeed the first value that causes the DAC_SR_CAL_FLAGx bit to change from 0 to 1  */
 419:Drivers/STM32L4xx_HAL_Driver/Src/stm32l4xx_hal_dac_ex.c ****     /* Set candidate trimming */
 420:Drivers/STM32L4xx_HAL_Driver/Src/stm32l4xx_hal_dac_ex.c ****     MODIFY_REG(hdac->Instance->CCR, (DAC_CCR_OTRIM1 << (Channel & 0x10UL)), (trimmingvalue << (Chan
 436              		.loc 1 420 0
 437 00b2 2168     		ldr	r1, [r4]
 438 00b4 8B6B     		ldr	r3, [r1, #56]
 439 00b6 1F25     		movs	r5, #31
 440              	.LVL34:
 441 00b8 BD40     		lsls	r5, r5, r7
 442 00ba ED43     		mvns	r5, r5
 443 00bc 03EA0502 		and	r2, r3, r5
ARM GAS  /tmp/ccJMj8Bf.s 			page 16


 444 00c0 06FA07F3 		lsl	r3, r6, r7
 445 00c4 1343     		orrs	r3, r3, r2
 446 00c6 8B63     		str	r3, [r1, #56]
 421:Drivers/STM32L4xx_HAL_Driver/Src/stm32l4xx_hal_dac_ex.c **** 
 422:Drivers/STM32L4xx_HAL_Driver/Src/stm32l4xx_hal_dac_ex.c ****     /* tOFFTRIMmax delay x ms as per datasheet (electrical characteristics */
 423:Drivers/STM32L4xx_HAL_Driver/Src/stm32l4xx_hal_dac_ex.c ****     /* i.e. minimum time needed between two calibration steps */
 424:Drivers/STM32L4xx_HAL_Driver/Src/stm32l4xx_hal_dac_ex.c ****     HAL_Delay(1U);
 447              		.loc 1 424 0
 448 00c8 0120     		movs	r0, #1
 449 00ca FFF7FEFF 		bl	HAL_Delay
 450              	.LVL35:
 425:Drivers/STM32L4xx_HAL_Driver/Src/stm32l4xx_hal_dac_ex.c **** 
 426:Drivers/STM32L4xx_HAL_Driver/Src/stm32l4xx_hal_dac_ex.c ****     if ((hdac->Instance->SR & (DAC_SR_CAL_FLAG1 << (Channel & 0x10UL))) == 0UL)
 451              		.loc 1 426 0
 452 00ce 2368     		ldr	r3, [r4]
 453 00d0 5A6B     		ldr	r2, [r3, #52]
 454 00d2 18EA020F 		tst	r8, r2
 455 00d6 06D1     		bne	.L26
 427:Drivers/STM32L4xx_HAL_Driver/Src/stm32l4xx_hal_dac_ex.c ****     {
 428:Drivers/STM32L4xx_HAL_Driver/Src/stm32l4xx_hal_dac_ex.c ****       /* OPAMP_CSR_OUTCAL is actually one value more */
 429:Drivers/STM32L4xx_HAL_Driver/Src/stm32l4xx_hal_dac_ex.c ****       trimmingvalue++;
 456              		.loc 1 429 0
 457 00d8 0136     		adds	r6, r6, #1
 458              	.LVL36:
 430:Drivers/STM32L4xx_HAL_Driver/Src/stm32l4xx_hal_dac_ex.c ****       /* Set right trimming */
 431:Drivers/STM32L4xx_HAL_Driver/Src/stm32l4xx_hal_dac_ex.c ****       MODIFY_REG(hdac->Instance->CCR, (DAC_CCR_OTRIM1 << (Channel & 0x10UL)), (trimmingvalue << (Ch
 459              		.loc 1 431 0
 460 00da 9A6B     		ldr	r2, [r3, #56]
 461 00dc 1540     		ands	r5, r5, r2
 462 00de 06FA07F7 		lsl	r7, r6, r7
 463 00e2 2F43     		orrs	r7, r7, r5
 464 00e4 9F63     		str	r7, [r3, #56]
 465              	.L26:
 432:Drivers/STM32L4xx_HAL_Driver/Src/stm32l4xx_hal_dac_ex.c ****     }
 433:Drivers/STM32L4xx_HAL_Driver/Src/stm32l4xx_hal_dac_ex.c **** 
 434:Drivers/STM32L4xx_HAL_Driver/Src/stm32l4xx_hal_dac_ex.c ****     /* Disable the selected DAC channel calibration */
 435:Drivers/STM32L4xx_HAL_Driver/Src/stm32l4xx_hal_dac_ex.c ****     /* i.e. clear DAC_CR_CENx bit */
 436:Drivers/STM32L4xx_HAL_Driver/Src/stm32l4xx_hal_dac_ex.c ****     CLEAR_BIT((hdac->Instance->CR), (DAC_CR_CEN1 << (Channel & 0x10UL)));
 466              		.loc 1 436 0
 467 00e6 2268     		ldr	r2, [r4]
 468 00e8 1368     		ldr	r3, [r2]
 469 00ea 23EA0803 		bic	r3, r3, r8
 470 00ee 1360     		str	r3, [r2]
 437:Drivers/STM32L4xx_HAL_Driver/Src/stm32l4xx_hal_dac_ex.c **** 
 438:Drivers/STM32L4xx_HAL_Driver/Src/stm32l4xx_hal_dac_ex.c ****     sConfig->DAC_TrimmingValue = trimmingvalue;
 471              		.loc 1 438 0
 472 00f0 CAF81460 		str	r6, [r10, #20]
 439:Drivers/STM32L4xx_HAL_Driver/Src/stm32l4xx_hal_dac_ex.c ****     sConfig->DAC_UserTrimming = DAC_TRIMMING_USER;
 473              		.loc 1 439 0
 474 00f4 0123     		movs	r3, #1
 475 00f6 CAF81030 		str	r3, [r10, #16]
 440:Drivers/STM32L4xx_HAL_Driver/Src/stm32l4xx_hal_dac_ex.c **** 
 441:Drivers/STM32L4xx_HAL_Driver/Src/stm32l4xx_hal_dac_ex.c ****     /* Restore configuration */
 442:Drivers/STM32L4xx_HAL_Driver/Src/stm32l4xx_hal_dac_ex.c ****     MODIFY_REG(hdac->Instance->MCR, (DAC_MCR_MODE1 << (Channel & 0x10UL)), oldmodeconfiguration);
 476              		.loc 1 442 0
 477 00fa 2268     		ldr	r2, [r4]
 478 00fc D36B     		ldr	r3, [r2, #60]
ARM GAS  /tmp/ccJMj8Bf.s 			page 17


 479 00fe 09EA0309 		and	r9, r9, r3
 480 0102 4BEA0903 		orr	r3, fp, r9
 481 0106 D363     		str	r3, [r2, #60]
 443:Drivers/STM32L4xx_HAL_Driver/Src/stm32l4xx_hal_dac_ex.c **** 
 444:Drivers/STM32L4xx_HAL_Driver/Src/stm32l4xx_hal_dac_ex.c ****     /* Process unlocked */
 445:Drivers/STM32L4xx_HAL_Driver/Src/stm32l4xx_hal_dac_ex.c ****     __HAL_UNLOCK(hdac);
 482              		.loc 1 445 0
 483 0108 0020     		movs	r0, #0
 484 010a 6071     		strb	r0, [r4, #5]
 485 010c 04E0     		b	.L19
 486              	.LVL37:
 487              	.L27:
 488              	.LCFI10:
 489              		.cfi_def_cfa_offset 0
 490              		.cfi_restore 4
 491              		.cfi_restore 5
 492              		.cfi_restore 6
 493              		.cfi_restore 7
 494              		.cfi_restore 8
 495              		.cfi_restore 9
 496              		.cfi_restore 10
 497              		.cfi_restore 11
 498              		.cfi_restore 14
 343:Drivers/STM32L4xx_HAL_Driver/Src/stm32l4xx_hal_dac_ex.c ****   }
 499              		.loc 1 343 0
 500 010e 0120     		movs	r0, #1
 501              	.LVL38:
 446:Drivers/STM32L4xx_HAL_Driver/Src/stm32l4xx_hal_dac_ex.c ****   }
 447:Drivers/STM32L4xx_HAL_Driver/Src/stm32l4xx_hal_dac_ex.c **** 
 448:Drivers/STM32L4xx_HAL_Driver/Src/stm32l4xx_hal_dac_ex.c ****   return status;
 449:Drivers/STM32L4xx_HAL_Driver/Src/stm32l4xx_hal_dac_ex.c **** }
 502              		.loc 1 449 0
 503 0110 7047     		bx	lr
 504              	.LVL39:
 505              	.L28:
 506              	.LCFI11:
 507              		.cfi_def_cfa_offset 48
 508              		.cfi_offset 4, -36
 509              		.cfi_offset 5, -32
 510              		.cfi_offset 6, -28
 511              		.cfi_offset 7, -24
 512              		.cfi_offset 8, -20
 513              		.cfi_offset 9, -16
 514              		.cfi_offset 10, -12
 515              		.cfi_offset 11, -8
 516              		.cfi_offset 14, -4
 347:Drivers/STM32L4xx_HAL_Driver/Src/stm32l4xx_hal_dac_ex.c ****   }
 517              		.loc 1 347 0
 518 0112 0120     		movs	r0, #1
 519              	.LVL40:
 520 0114 00E0     		b	.L19
 521              	.LVL41:
 522              	.L29:
 352:Drivers/STM32L4xx_HAL_Driver/Src/stm32l4xx_hal_dac_ex.c **** 
 523              		.loc 1 352 0
 524 0116 0220     		movs	r0, #2
 525              	.LVL42:
ARM GAS  /tmp/ccJMj8Bf.s 			page 18


 526              	.L19:
 527              		.loc 1 449 0
 528 0118 03B0     		add	sp, sp, #12
 529              	.LCFI12:
 530              		.cfi_def_cfa_offset 36
 531              		@ sp needed
 532 011a BDE8F08F 		pop	{r4, r5, r6, r7, r8, r9, r10, fp, pc}
 533              		.cfi_endproc
 534              	.LFE295:
 536 011e 00BF     		.section	.text.HAL_DACEx_SetUserTrimming,"ax",%progbits
 537              		.align	2
 538              		.global	HAL_DACEx_SetUserTrimming
 539              		.thumb
 540              		.thumb_func
 542              	HAL_DACEx_SetUserTrimming:
 543              	.LFB296:
 450:Drivers/STM32L4xx_HAL_Driver/Src/stm32l4xx_hal_dac_ex.c **** 
 451:Drivers/STM32L4xx_HAL_Driver/Src/stm32l4xx_hal_dac_ex.c **** /**
 452:Drivers/STM32L4xx_HAL_Driver/Src/stm32l4xx_hal_dac_ex.c ****   * @brief  Set the trimming mode and trimming value (user trimming mode applied).
 453:Drivers/STM32L4xx_HAL_Driver/Src/stm32l4xx_hal_dac_ex.c ****   * @param  hdac pointer to a DAC_HandleTypeDef structure that contains
 454:Drivers/STM32L4xx_HAL_Driver/Src/stm32l4xx_hal_dac_ex.c ****   *         the configuration information for the specified DAC.
 455:Drivers/STM32L4xx_HAL_Driver/Src/stm32l4xx_hal_dac_ex.c ****   * @param  sConfig DAC configuration structure updated with new DAC trimming value.
 456:Drivers/STM32L4xx_HAL_Driver/Src/stm32l4xx_hal_dac_ex.c ****   * @param  Channel The selected DAC channel.
 457:Drivers/STM32L4xx_HAL_Driver/Src/stm32l4xx_hal_dac_ex.c ****   *          This parameter can be one of the following values:
 458:Drivers/STM32L4xx_HAL_Driver/Src/stm32l4xx_hal_dac_ex.c ****   *            @arg DAC_CHANNEL_1: DAC Channel1 selected
 459:Drivers/STM32L4xx_HAL_Driver/Src/stm32l4xx_hal_dac_ex.c ****   *            @arg DAC_CHANNEL_2: DAC Channel2 selected
 460:Drivers/STM32L4xx_HAL_Driver/Src/stm32l4xx_hal_dac_ex.c ****   * @param  NewTrimmingValue DAC new trimming value
 461:Drivers/STM32L4xx_HAL_Driver/Src/stm32l4xx_hal_dac_ex.c ****   * @retval HAL status
 462:Drivers/STM32L4xx_HAL_Driver/Src/stm32l4xx_hal_dac_ex.c ****   */
 463:Drivers/STM32L4xx_HAL_Driver/Src/stm32l4xx_hal_dac_ex.c **** 
 464:Drivers/STM32L4xx_HAL_Driver/Src/stm32l4xx_hal_dac_ex.c **** HAL_StatusTypeDef HAL_DACEx_SetUserTrimming(DAC_HandleTypeDef *hdac, DAC_ChannelConfTypeDef *sConfi
 465:Drivers/STM32L4xx_HAL_Driver/Src/stm32l4xx_hal_dac_ex.c ****                                             uint32_t NewTrimmingValue)
 466:Drivers/STM32L4xx_HAL_Driver/Src/stm32l4xx_hal_dac_ex.c **** {
 544              		.loc 1 466 0
 545              		.cfi_startproc
 546              		@ args = 0, pretend = 0, frame = 0
 547              		@ frame_needed = 0, uses_anonymous_args = 0
 548              		@ link register save eliminated.
 549              	.LVL43:
 467:Drivers/STM32L4xx_HAL_Driver/Src/stm32l4xx_hal_dac_ex.c ****   HAL_StatusTypeDef status = HAL_OK;
 468:Drivers/STM32L4xx_HAL_Driver/Src/stm32l4xx_hal_dac_ex.c **** 
 469:Drivers/STM32L4xx_HAL_Driver/Src/stm32l4xx_hal_dac_ex.c ****   /* Check the parameters */
 470:Drivers/STM32L4xx_HAL_Driver/Src/stm32l4xx_hal_dac_ex.c ****   assert_param(IS_DAC_CHANNEL(Channel));
 471:Drivers/STM32L4xx_HAL_Driver/Src/stm32l4xx_hal_dac_ex.c ****   assert_param(IS_DAC_NEWTRIMMINGVALUE(NewTrimmingValue));
 472:Drivers/STM32L4xx_HAL_Driver/Src/stm32l4xx_hal_dac_ex.c **** 
 473:Drivers/STM32L4xx_HAL_Driver/Src/stm32l4xx_hal_dac_ex.c ****  /* Check the DAC handle allocation */
 474:Drivers/STM32L4xx_HAL_Driver/Src/stm32l4xx_hal_dac_ex.c ****   if (hdac == NULL)
 550              		.loc 1 474 0
 551 0000 B8B1     		cbz	r0, .L33
 466:Drivers/STM32L4xx_HAL_Driver/Src/stm32l4xx_hal_dac_ex.c ****   HAL_StatusTypeDef status = HAL_OK;
 552              		.loc 1 466 0
 553 0002 F0B4     		push	{r4, r5, r6, r7}
 554              	.LCFI13:
 555              		.cfi_def_cfa_offset 16
 556              		.cfi_offset 4, -16
 557              		.cfi_offset 5, -12
 558              		.cfi_offset 6, -8
ARM GAS  /tmp/ccJMj8Bf.s 			page 19


 559              		.cfi_offset 7, -4
 560 0004 0446     		mov	r4, r0
 475:Drivers/STM32L4xx_HAL_Driver/Src/stm32l4xx_hal_dac_ex.c ****   {
 476:Drivers/STM32L4xx_HAL_Driver/Src/stm32l4xx_hal_dac_ex.c ****     status = HAL_ERROR;
 477:Drivers/STM32L4xx_HAL_Driver/Src/stm32l4xx_hal_dac_ex.c ****   }
 478:Drivers/STM32L4xx_HAL_Driver/Src/stm32l4xx_hal_dac_ex.c ****   else
 479:Drivers/STM32L4xx_HAL_Driver/Src/stm32l4xx_hal_dac_ex.c ****   {
 480:Drivers/STM32L4xx_HAL_Driver/Src/stm32l4xx_hal_dac_ex.c ****     /* Process locked */
 481:Drivers/STM32L4xx_HAL_Driver/Src/stm32l4xx_hal_dac_ex.c ****     __HAL_LOCK(hdac);
 561              		.loc 1 481 0
 562 0006 4079     		ldrb	r0, [r0, #5]	@ zero_extendqisi2
 563              	.LVL44:
 564 0008 0128     		cmp	r0, #1
 565 000a 14D0     		beq	.L34
 566              		.loc 1 481 0 is_stmt 0 discriminator 2
 567 000c 0126     		movs	r6, #1
 568 000e 6671     		strb	r6, [r4, #5]
 482:Drivers/STM32L4xx_HAL_Driver/Src/stm32l4xx_hal_dac_ex.c **** 
 483:Drivers/STM32L4xx_HAL_Driver/Src/stm32l4xx_hal_dac_ex.c ****     /* Set new trimming */
 484:Drivers/STM32L4xx_HAL_Driver/Src/stm32l4xx_hal_dac_ex.c ****     MODIFY_REG(hdac->Instance->CCR, (DAC_CCR_OTRIM1 << (Channel & 0x10UL)), (NewTrimmingValue << (C
 569              		.loc 1 484 0 is_stmt 1 discriminator 2
 570 0010 2768     		ldr	r7, [r4]
 571 0012 BD6B     		ldr	r5, [r7, #56]
 572 0014 02F01002 		and	r2, r2, #16
 573              	.LVL45:
 574 0018 1F20     		movs	r0, #31
 575 001a 9040     		lsls	r0, r0, r2
 576 001c 25EA0000 		bic	r0, r5, r0
 577 0020 03FA02F2 		lsl	r2, r3, r2
 578 0024 0243     		orrs	r2, r2, r0
 579 0026 BA63     		str	r2, [r7, #56]
 485:Drivers/STM32L4xx_HAL_Driver/Src/stm32l4xx_hal_dac_ex.c **** 
 486:Drivers/STM32L4xx_HAL_Driver/Src/stm32l4xx_hal_dac_ex.c ****     /* Update trimming mode */
 487:Drivers/STM32L4xx_HAL_Driver/Src/stm32l4xx_hal_dac_ex.c ****     sConfig->DAC_UserTrimming = DAC_TRIMMING_USER;
 580              		.loc 1 487 0 discriminator 2
 581 0028 0E61     		str	r6, [r1, #16]
 488:Drivers/STM32L4xx_HAL_Driver/Src/stm32l4xx_hal_dac_ex.c ****     sConfig->DAC_TrimmingValue = NewTrimmingValue;
 582              		.loc 1 488 0 discriminator 2
 583 002a 4B61     		str	r3, [r1, #20]
 489:Drivers/STM32L4xx_HAL_Driver/Src/stm32l4xx_hal_dac_ex.c **** 
 490:Drivers/STM32L4xx_HAL_Driver/Src/stm32l4xx_hal_dac_ex.c ****     /* Process unlocked */
 491:Drivers/STM32L4xx_HAL_Driver/Src/stm32l4xx_hal_dac_ex.c ****     __HAL_UNLOCK(hdac);
 584              		.loc 1 491 0 discriminator 2
 585 002c 0020     		movs	r0, #0
 586 002e 6071     		strb	r0, [r4, #5]
 587 0030 02E0     		b	.L32
 588              	.LVL46:
 589              	.L33:
 590              	.LCFI14:
 591              		.cfi_def_cfa_offset 0
 592              		.cfi_restore 4
 593              		.cfi_restore 5
 594              		.cfi_restore 6
 595              		.cfi_restore 7
 476:Drivers/STM32L4xx_HAL_Driver/Src/stm32l4xx_hal_dac_ex.c ****   }
 596              		.loc 1 476 0
 597 0032 0120     		movs	r0, #1
ARM GAS  /tmp/ccJMj8Bf.s 			page 20


 598              	.LVL47:
 492:Drivers/STM32L4xx_HAL_Driver/Src/stm32l4xx_hal_dac_ex.c ****   }
 493:Drivers/STM32L4xx_HAL_Driver/Src/stm32l4xx_hal_dac_ex.c ****   return status;
 494:Drivers/STM32L4xx_HAL_Driver/Src/stm32l4xx_hal_dac_ex.c **** }
 599              		.loc 1 494 0
 600 0034 7047     		bx	lr
 601              	.LVL48:
 602              	.L34:
 603              	.LCFI15:
 604              		.cfi_def_cfa_offset 16
 605              		.cfi_offset 4, -16
 606              		.cfi_offset 5, -12
 607              		.cfi_offset 6, -8
 608              		.cfi_offset 7, -4
 481:Drivers/STM32L4xx_HAL_Driver/Src/stm32l4xx_hal_dac_ex.c **** 
 609              		.loc 1 481 0
 610 0036 0220     		movs	r0, #2
 611              	.LVL49:
 612              	.L32:
 613              		.loc 1 494 0
 614 0038 F0BC     		pop	{r4, r5, r6, r7}
 615              	.LCFI16:
 616              		.cfi_restore 7
 617              		.cfi_restore 6
 618              		.cfi_restore 5
 619              		.cfi_restore 4
 620              		.cfi_def_cfa_offset 0
 621              	.LVL50:
 622 003a 7047     		bx	lr
 623              		.cfi_endproc
 624              	.LFE296:
 626              		.section	.text.HAL_DACEx_GetTrimOffset,"ax",%progbits
 627              		.align	2
 628              		.global	HAL_DACEx_GetTrimOffset
 629              		.thumb
 630              		.thumb_func
 632              	HAL_DACEx_GetTrimOffset:
 633              	.LFB297:
 495:Drivers/STM32L4xx_HAL_Driver/Src/stm32l4xx_hal_dac_ex.c **** 
 496:Drivers/STM32L4xx_HAL_Driver/Src/stm32l4xx_hal_dac_ex.c **** /**
 497:Drivers/STM32L4xx_HAL_Driver/Src/stm32l4xx_hal_dac_ex.c ****   * @brief  Return the DAC trimming value.
 498:Drivers/STM32L4xx_HAL_Driver/Src/stm32l4xx_hal_dac_ex.c ****   * @param  hdac DAC handle
 499:Drivers/STM32L4xx_HAL_Driver/Src/stm32l4xx_hal_dac_ex.c ****   * @param  Channel The selected DAC channel.
 500:Drivers/STM32L4xx_HAL_Driver/Src/stm32l4xx_hal_dac_ex.c ****   *          This parameter can be one of the following values:
 501:Drivers/STM32L4xx_HAL_Driver/Src/stm32l4xx_hal_dac_ex.c ****   *            @arg DAC_CHANNEL_1: DAC Channel1 selected
 502:Drivers/STM32L4xx_HAL_Driver/Src/stm32l4xx_hal_dac_ex.c ****   *            @arg DAC_CHANNEL_2: DAC Channel2 selected
 503:Drivers/STM32L4xx_HAL_Driver/Src/stm32l4xx_hal_dac_ex.c ****   * @retval Trimming value : range: 0->31
 504:Drivers/STM32L4xx_HAL_Driver/Src/stm32l4xx_hal_dac_ex.c ****   *
 505:Drivers/STM32L4xx_HAL_Driver/Src/stm32l4xx_hal_dac_ex.c ****  */
 506:Drivers/STM32L4xx_HAL_Driver/Src/stm32l4xx_hal_dac_ex.c **** 
 507:Drivers/STM32L4xx_HAL_Driver/Src/stm32l4xx_hal_dac_ex.c **** uint32_t HAL_DACEx_GetTrimOffset(DAC_HandleTypeDef *hdac, uint32_t Channel)
 508:Drivers/STM32L4xx_HAL_Driver/Src/stm32l4xx_hal_dac_ex.c **** {
 634              		.loc 1 508 0
 635              		.cfi_startproc
 636              		@ args = 0, pretend = 0, frame = 0
 637              		@ frame_needed = 0, uses_anonymous_args = 0
 638              		@ link register save eliminated.
ARM GAS  /tmp/ccJMj8Bf.s 			page 21


 639              	.LVL51:
 509:Drivers/STM32L4xx_HAL_Driver/Src/stm32l4xx_hal_dac_ex.c ****     /* Check the parameter */
 510:Drivers/STM32L4xx_HAL_Driver/Src/stm32l4xx_hal_dac_ex.c ****     assert_param(IS_DAC_CHANNEL(Channel));
 511:Drivers/STM32L4xx_HAL_Driver/Src/stm32l4xx_hal_dac_ex.c **** 
 512:Drivers/STM32L4xx_HAL_Driver/Src/stm32l4xx_hal_dac_ex.c ****     /* Retrieve trimming  */
 513:Drivers/STM32L4xx_HAL_Driver/Src/stm32l4xx_hal_dac_ex.c ****   return ((hdac->Instance->CCR & (DAC_CCR_OTRIM1 << (Channel & 0x10UL))) >> (Channel & 0x10UL));
 640              		.loc 1 513 0
 641 0000 0368     		ldr	r3, [r0]
 642 0002 986B     		ldr	r0, [r3, #56]
 643              	.LVL52:
 644 0004 01F01001 		and	r1, r1, #16
 645              	.LVL53:
 646 0008 1F23     		movs	r3, #31
 647 000a 8B40     		lsls	r3, r3, r1
 648 000c 1840     		ands	r0, r0, r3
 514:Drivers/STM32L4xx_HAL_Driver/Src/stm32l4xx_hal_dac_ex.c **** }
 649              		.loc 1 514 0
 650 000e C840     		lsrs	r0, r0, r1
 651 0010 7047     		bx	lr
 652              		.cfi_endproc
 653              	.LFE297:
 655 0012 00BF     		.section	.text.HAL_DACEx_DualGetValue,"ax",%progbits
 656              		.align	2
 657              		.global	HAL_DACEx_DualGetValue
 658              		.thumb
 659              		.thumb_func
 661              	HAL_DACEx_DualGetValue:
 662              	.LFB298:
 515:Drivers/STM32L4xx_HAL_Driver/Src/stm32l4xx_hal_dac_ex.c **** 
 516:Drivers/STM32L4xx_HAL_Driver/Src/stm32l4xx_hal_dac_ex.c **** /**
 517:Drivers/STM32L4xx_HAL_Driver/Src/stm32l4xx_hal_dac_ex.c ****   * @}
 518:Drivers/STM32L4xx_HAL_Driver/Src/stm32l4xx_hal_dac_ex.c ****   */
 519:Drivers/STM32L4xx_HAL_Driver/Src/stm32l4xx_hal_dac_ex.c **** 
 520:Drivers/STM32L4xx_HAL_Driver/Src/stm32l4xx_hal_dac_ex.c **** #if defined (STM32L431xx) || defined (STM32L432xx) || defined (STM32L433xx) || defined (STM32L442xx
 521:Drivers/STM32L4xx_HAL_Driver/Src/stm32l4xx_hal_dac_ex.c ****     defined (STM32L471xx) || defined (STM32L475xx) || defined (STM32L476xx) || defined (STM32L485xx
 522:Drivers/STM32L4xx_HAL_Driver/Src/stm32l4xx_hal_dac_ex.c ****     defined (STM32L4P5xx) || defined (STM32L4Q5xx) || \
 523:Drivers/STM32L4xx_HAL_Driver/Src/stm32l4xx_hal_dac_ex.c ****     defined (STM32L4R5xx) || defined (STM32L4R7xx) || defined (STM32L4R9xx) || defined (STM32L4S5xx
 524:Drivers/STM32L4xx_HAL_Driver/Src/stm32l4xx_hal_dac_ex.c **** 
 525:Drivers/STM32L4xx_HAL_Driver/Src/stm32l4xx_hal_dac_ex.c **** /** @defgroup DACEx_Exported_Functions_Group3 Peripheral Control functions
 526:Drivers/STM32L4xx_HAL_Driver/Src/stm32l4xx_hal_dac_ex.c ****  *  @brief    Extended Peripheral Control functions
 527:Drivers/STM32L4xx_HAL_Driver/Src/stm32l4xx_hal_dac_ex.c ****  *
 528:Drivers/STM32L4xx_HAL_Driver/Src/stm32l4xx_hal_dac_ex.c **** @verbatim
 529:Drivers/STM32L4xx_HAL_Driver/Src/stm32l4xx_hal_dac_ex.c ****   ==============================================================================
 530:Drivers/STM32L4xx_HAL_Driver/Src/stm32l4xx_hal_dac_ex.c ****              ##### Peripheral Control functions #####
 531:Drivers/STM32L4xx_HAL_Driver/Src/stm32l4xx_hal_dac_ex.c ****   ==============================================================================
 532:Drivers/STM32L4xx_HAL_Driver/Src/stm32l4xx_hal_dac_ex.c ****     [..]  This section provides functions allowing to:
 533:Drivers/STM32L4xx_HAL_Driver/Src/stm32l4xx_hal_dac_ex.c ****       (+) Set the specified data holding register value for DAC channel.
 534:Drivers/STM32L4xx_HAL_Driver/Src/stm32l4xx_hal_dac_ex.c **** 
 535:Drivers/STM32L4xx_HAL_Driver/Src/stm32l4xx_hal_dac_ex.c **** @endverbatim
 536:Drivers/STM32L4xx_HAL_Driver/Src/stm32l4xx_hal_dac_ex.c ****   * @{
 537:Drivers/STM32L4xx_HAL_Driver/Src/stm32l4xx_hal_dac_ex.c ****   */
 538:Drivers/STM32L4xx_HAL_Driver/Src/stm32l4xx_hal_dac_ex.c **** 
 539:Drivers/STM32L4xx_HAL_Driver/Src/stm32l4xx_hal_dac_ex.c **** /**
 540:Drivers/STM32L4xx_HAL_Driver/Src/stm32l4xx_hal_dac_ex.c ****   * @brief  Return the last data output value of the selected DAC channel.
 541:Drivers/STM32L4xx_HAL_Driver/Src/stm32l4xx_hal_dac_ex.c ****   * @param  hdac pointer to a DAC_HandleTypeDef structure that contains
 542:Drivers/STM32L4xx_HAL_Driver/Src/stm32l4xx_hal_dac_ex.c ****   *         the configuration information for the specified DAC.
 543:Drivers/STM32L4xx_HAL_Driver/Src/stm32l4xx_hal_dac_ex.c ****   * @retval The selected DAC channel data output value.
ARM GAS  /tmp/ccJMj8Bf.s 			page 22


 544:Drivers/STM32L4xx_HAL_Driver/Src/stm32l4xx_hal_dac_ex.c ****   */
 545:Drivers/STM32L4xx_HAL_Driver/Src/stm32l4xx_hal_dac_ex.c **** uint32_t HAL_DACEx_DualGetValue(DAC_HandleTypeDef *hdac)
 546:Drivers/STM32L4xx_HAL_Driver/Src/stm32l4xx_hal_dac_ex.c **** {
 663              		.loc 1 546 0
 664              		.cfi_startproc
 665              		@ args = 0, pretend = 0, frame = 0
 666              		@ frame_needed = 0, uses_anonymous_args = 0
 667              		@ link register save eliminated.
 668              	.LVL54:
 547:Drivers/STM32L4xx_HAL_Driver/Src/stm32l4xx_hal_dac_ex.c ****   uint32_t tmp = 0U;
 548:Drivers/STM32L4xx_HAL_Driver/Src/stm32l4xx_hal_dac_ex.c **** 
 549:Drivers/STM32L4xx_HAL_Driver/Src/stm32l4xx_hal_dac_ex.c ****   tmp |= hdac->Instance->DOR1;
 669              		.loc 1 549 0
 670 0000 0368     		ldr	r3, [r0]
 671 0002 DA6A     		ldr	r2, [r3, #44]
 672              	.LVL55:
 550:Drivers/STM32L4xx_HAL_Driver/Src/stm32l4xx_hal_dac_ex.c **** 
 551:Drivers/STM32L4xx_HAL_Driver/Src/stm32l4xx_hal_dac_ex.c ****   tmp |= hdac->Instance->DOR2 << 16U;
 673              		.loc 1 551 0
 674 0004 186B     		ldr	r0, [r3, #48]
 675              	.LVL56:
 552:Drivers/STM32L4xx_HAL_Driver/Src/stm32l4xx_hal_dac_ex.c **** 
 553:Drivers/STM32L4xx_HAL_Driver/Src/stm32l4xx_hal_dac_ex.c ****   /* Returns the DAC channel data output register value */
 554:Drivers/STM32L4xx_HAL_Driver/Src/stm32l4xx_hal_dac_ex.c ****   return tmp;
 555:Drivers/STM32L4xx_HAL_Driver/Src/stm32l4xx_hal_dac_ex.c **** }
 676              		.loc 1 555 0
 677 0006 42EA0040 		orr	r0, r2, r0, lsl #16
 678              	.LVL57:
 679 000a 7047     		bx	lr
 680              		.cfi_endproc
 681              	.LFE298:
 683              		.section	.text.DAC_DMAConvCpltCh2,"ax",%progbits
 684              		.align	2
 685              		.global	DAC_DMAConvCpltCh2
 686              		.thumb
 687              		.thumb_func
 689              	DAC_DMAConvCpltCh2:
 690              	.LFB299:
 556:Drivers/STM32L4xx_HAL_Driver/Src/stm32l4xx_hal_dac_ex.c **** 
 557:Drivers/STM32L4xx_HAL_Driver/Src/stm32l4xx_hal_dac_ex.c **** /**
 558:Drivers/STM32L4xx_HAL_Driver/Src/stm32l4xx_hal_dac_ex.c ****   * @}
 559:Drivers/STM32L4xx_HAL_Driver/Src/stm32l4xx_hal_dac_ex.c ****   */
 560:Drivers/STM32L4xx_HAL_Driver/Src/stm32l4xx_hal_dac_ex.c **** 
 561:Drivers/STM32L4xx_HAL_Driver/Src/stm32l4xx_hal_dac_ex.c **** #endif  /* STM32L431xx STM32L432xx STM32L433xx STM32L442xx STM32L443xx                         */
 562:Drivers/STM32L4xx_HAL_Driver/Src/stm32l4xx_hal_dac_ex.c ****         /* STM32L471xx STM32L475xx STM32L476xx STM32L485xx STM32L486xx STM32L496xx STM32L4A6xx */
 563:Drivers/STM32L4xx_HAL_Driver/Src/stm32l4xx_hal_dac_ex.c ****         /* STM32L4P5xx STM32L4Q5xx                                                             */
 564:Drivers/STM32L4xx_HAL_Driver/Src/stm32l4xx_hal_dac_ex.c ****         /* STM32L4R5xx STM32L4R7xx STM32L4R9xx STM32L4S5xx STM32L4S7xx STM32L4S9xx             */
 565:Drivers/STM32L4xx_HAL_Driver/Src/stm32l4xx_hal_dac_ex.c **** 
 566:Drivers/STM32L4xx_HAL_Driver/Src/stm32l4xx_hal_dac_ex.c **** /**
 567:Drivers/STM32L4xx_HAL_Driver/Src/stm32l4xx_hal_dac_ex.c ****   * @}
 568:Drivers/STM32L4xx_HAL_Driver/Src/stm32l4xx_hal_dac_ex.c ****   */
 569:Drivers/STM32L4xx_HAL_Driver/Src/stm32l4xx_hal_dac_ex.c **** 
 570:Drivers/STM32L4xx_HAL_Driver/Src/stm32l4xx_hal_dac_ex.c **** #if defined (STM32L431xx) || defined (STM32L432xx) || defined (STM32L433xx) || defined (STM32L442xx
 571:Drivers/STM32L4xx_HAL_Driver/Src/stm32l4xx_hal_dac_ex.c ****     defined (STM32L471xx) || defined (STM32L475xx) || defined (STM32L476xx) || defined (STM32L485xx
 572:Drivers/STM32L4xx_HAL_Driver/Src/stm32l4xx_hal_dac_ex.c ****     defined (STM32L4P5xx) || defined (STM32L4Q5xx) || \
 573:Drivers/STM32L4xx_HAL_Driver/Src/stm32l4xx_hal_dac_ex.c ****     defined (STM32L4R5xx) || defined (STM32L4R7xx) || defined (STM32L4R9xx) || defined (STM32L4S5xx
 574:Drivers/STM32L4xx_HAL_Driver/Src/stm32l4xx_hal_dac_ex.c **** 
ARM GAS  /tmp/ccJMj8Bf.s 			page 23


 575:Drivers/STM32L4xx_HAL_Driver/Src/stm32l4xx_hal_dac_ex.c **** /* Private functions ---------------------------------------------------------*/
 576:Drivers/STM32L4xx_HAL_Driver/Src/stm32l4xx_hal_dac_ex.c **** /** @defgroup DACEx_Private_Functions DACEx private functions
 577:Drivers/STM32L4xx_HAL_Driver/Src/stm32l4xx_hal_dac_ex.c ****  *  @brief    Extended private functions
 578:Drivers/STM32L4xx_HAL_Driver/Src/stm32l4xx_hal_dac_ex.c ****    * @{
 579:Drivers/STM32L4xx_HAL_Driver/Src/stm32l4xx_hal_dac_ex.c ****   */
 580:Drivers/STM32L4xx_HAL_Driver/Src/stm32l4xx_hal_dac_ex.c **** 
 581:Drivers/STM32L4xx_HAL_Driver/Src/stm32l4xx_hal_dac_ex.c **** /**
 582:Drivers/STM32L4xx_HAL_Driver/Src/stm32l4xx_hal_dac_ex.c ****   * @brief  DMA conversion complete callback.
 583:Drivers/STM32L4xx_HAL_Driver/Src/stm32l4xx_hal_dac_ex.c ****   * @param  hdma pointer to a DMA_HandleTypeDef structure that contains
 584:Drivers/STM32L4xx_HAL_Driver/Src/stm32l4xx_hal_dac_ex.c ****   *                the configuration information for the specified DMA module.
 585:Drivers/STM32L4xx_HAL_Driver/Src/stm32l4xx_hal_dac_ex.c ****   * @retval None
 586:Drivers/STM32L4xx_HAL_Driver/Src/stm32l4xx_hal_dac_ex.c ****   */
 587:Drivers/STM32L4xx_HAL_Driver/Src/stm32l4xx_hal_dac_ex.c **** void DAC_DMAConvCpltCh2(DMA_HandleTypeDef *hdma)
 588:Drivers/STM32L4xx_HAL_Driver/Src/stm32l4xx_hal_dac_ex.c **** {
 691              		.loc 1 588 0
 692              		.cfi_startproc
 693              		@ args = 0, pretend = 0, frame = 0
 694              		@ frame_needed = 0, uses_anonymous_args = 0
 695              	.LVL58:
 696 0000 10B5     		push	{r4, lr}
 697              	.LCFI17:
 698              		.cfi_def_cfa_offset 8
 699              		.cfi_offset 4, -8
 700              		.cfi_offset 14, -4
 589:Drivers/STM32L4xx_HAL_Driver/Src/stm32l4xx_hal_dac_ex.c ****   DAC_HandleTypeDef *hdac = (DAC_HandleTypeDef *)((DMA_HandleTypeDef *)hdma)->Parent;
 701              		.loc 1 589 0
 702 0002 846A     		ldr	r4, [r0, #40]
 703              	.LVL59:
 590:Drivers/STM32L4xx_HAL_Driver/Src/stm32l4xx_hal_dac_ex.c **** 
 591:Drivers/STM32L4xx_HAL_Driver/Src/stm32l4xx_hal_dac_ex.c **** #if (USE_HAL_DAC_REGISTER_CALLBACKS == 1)
 592:Drivers/STM32L4xx_HAL_Driver/Src/stm32l4xx_hal_dac_ex.c ****   hdac->ConvCpltCallbackCh2(hdac);
 593:Drivers/STM32L4xx_HAL_Driver/Src/stm32l4xx_hal_dac_ex.c **** #else
 594:Drivers/STM32L4xx_HAL_Driver/Src/stm32l4xx_hal_dac_ex.c ****   HAL_DACEx_ConvCpltCallbackCh2(hdac);
 704              		.loc 1 594 0
 705 0004 2046     		mov	r0, r4
 706              	.LVL60:
 707 0006 FFF7FEFF 		bl	HAL_DACEx_ConvCpltCallbackCh2
 708              	.LVL61:
 595:Drivers/STM32L4xx_HAL_Driver/Src/stm32l4xx_hal_dac_ex.c **** #endif /* USE_HAL_DAC_REGISTER_CALLBACKS */
 596:Drivers/STM32L4xx_HAL_Driver/Src/stm32l4xx_hal_dac_ex.c **** 
 597:Drivers/STM32L4xx_HAL_Driver/Src/stm32l4xx_hal_dac_ex.c ****   hdac->State = HAL_DAC_STATE_READY;
 709              		.loc 1 597 0
 710 000a 0123     		movs	r3, #1
 711 000c 2371     		strb	r3, [r4, #4]
 712 000e 10BD     		pop	{r4, pc}
 713              		.cfi_endproc
 714              	.LFE299:
 716              		.section	.text.DAC_DMAHalfConvCpltCh2,"ax",%progbits
 717              		.align	2
 718              		.global	DAC_DMAHalfConvCpltCh2
 719              		.thumb
 720              		.thumb_func
 722              	DAC_DMAHalfConvCpltCh2:
 723              	.LFB300:
 598:Drivers/STM32L4xx_HAL_Driver/Src/stm32l4xx_hal_dac_ex.c **** }
 599:Drivers/STM32L4xx_HAL_Driver/Src/stm32l4xx_hal_dac_ex.c **** 
 600:Drivers/STM32L4xx_HAL_Driver/Src/stm32l4xx_hal_dac_ex.c **** /**
ARM GAS  /tmp/ccJMj8Bf.s 			page 24


 601:Drivers/STM32L4xx_HAL_Driver/Src/stm32l4xx_hal_dac_ex.c ****   * @brief  DMA half transfer complete callback.
 602:Drivers/STM32L4xx_HAL_Driver/Src/stm32l4xx_hal_dac_ex.c ****   * @param  hdma pointer to a DMA_HandleTypeDef structure that contains
 603:Drivers/STM32L4xx_HAL_Driver/Src/stm32l4xx_hal_dac_ex.c ****   *                the configuration information for the specified DMA module.
 604:Drivers/STM32L4xx_HAL_Driver/Src/stm32l4xx_hal_dac_ex.c ****   * @retval None
 605:Drivers/STM32L4xx_HAL_Driver/Src/stm32l4xx_hal_dac_ex.c ****   */
 606:Drivers/STM32L4xx_HAL_Driver/Src/stm32l4xx_hal_dac_ex.c **** void DAC_DMAHalfConvCpltCh2(DMA_HandleTypeDef *hdma)
 607:Drivers/STM32L4xx_HAL_Driver/Src/stm32l4xx_hal_dac_ex.c **** {
 724              		.loc 1 607 0
 725              		.cfi_startproc
 726              		@ args = 0, pretend = 0, frame = 0
 727              		@ frame_needed = 0, uses_anonymous_args = 0
 728              	.LVL62:
 729 0000 08B5     		push	{r3, lr}
 730              	.LCFI18:
 731              		.cfi_def_cfa_offset 8
 732              		.cfi_offset 3, -8
 733              		.cfi_offset 14, -4
 734              	.LVL63:
 608:Drivers/STM32L4xx_HAL_Driver/Src/stm32l4xx_hal_dac_ex.c ****   DAC_HandleTypeDef *hdac = (DAC_HandleTypeDef *)((DMA_HandleTypeDef *)hdma)->Parent;
 609:Drivers/STM32L4xx_HAL_Driver/Src/stm32l4xx_hal_dac_ex.c ****   /* Conversion complete callback */
 610:Drivers/STM32L4xx_HAL_Driver/Src/stm32l4xx_hal_dac_ex.c **** #if (USE_HAL_DAC_REGISTER_CALLBACKS == 1)
 611:Drivers/STM32L4xx_HAL_Driver/Src/stm32l4xx_hal_dac_ex.c ****   hdac->ConvHalfCpltCallbackCh2(hdac);
 612:Drivers/STM32L4xx_HAL_Driver/Src/stm32l4xx_hal_dac_ex.c **** #else
 613:Drivers/STM32L4xx_HAL_Driver/Src/stm32l4xx_hal_dac_ex.c ****   HAL_DACEx_ConvHalfCpltCallbackCh2(hdac);
 735              		.loc 1 613 0
 736 0002 806A     		ldr	r0, [r0, #40]
 737              	.LVL64:
 738 0004 FFF7FEFF 		bl	HAL_DACEx_ConvHalfCpltCallbackCh2
 739              	.LVL65:
 740 0008 08BD     		pop	{r3, pc}
 741              		.cfi_endproc
 742              	.LFE300:
 744 000a 00BF     		.section	.text.DAC_DMAErrorCh2,"ax",%progbits
 745              		.align	2
 746              		.global	DAC_DMAErrorCh2
 747              		.thumb
 748              		.thumb_func
 750              	DAC_DMAErrorCh2:
 751              	.LFB301:
 614:Drivers/STM32L4xx_HAL_Driver/Src/stm32l4xx_hal_dac_ex.c **** #endif /* USE_HAL_DAC_REGISTER_CALLBACKS */
 615:Drivers/STM32L4xx_HAL_Driver/Src/stm32l4xx_hal_dac_ex.c **** }
 616:Drivers/STM32L4xx_HAL_Driver/Src/stm32l4xx_hal_dac_ex.c **** 
 617:Drivers/STM32L4xx_HAL_Driver/Src/stm32l4xx_hal_dac_ex.c **** /**
 618:Drivers/STM32L4xx_HAL_Driver/Src/stm32l4xx_hal_dac_ex.c ****   * @brief  DMA error callback.
 619:Drivers/STM32L4xx_HAL_Driver/Src/stm32l4xx_hal_dac_ex.c ****   * @param  hdma pointer to a DMA_HandleTypeDef structure that contains
 620:Drivers/STM32L4xx_HAL_Driver/Src/stm32l4xx_hal_dac_ex.c ****   *                the configuration information for the specified DMA module.
 621:Drivers/STM32L4xx_HAL_Driver/Src/stm32l4xx_hal_dac_ex.c ****   * @retval None
 622:Drivers/STM32L4xx_HAL_Driver/Src/stm32l4xx_hal_dac_ex.c ****   */
 623:Drivers/STM32L4xx_HAL_Driver/Src/stm32l4xx_hal_dac_ex.c **** void DAC_DMAErrorCh2(DMA_HandleTypeDef *hdma)
 624:Drivers/STM32L4xx_HAL_Driver/Src/stm32l4xx_hal_dac_ex.c **** {
 752              		.loc 1 624 0
 753              		.cfi_startproc
 754              		@ args = 0, pretend = 0, frame = 0
 755              		@ frame_needed = 0, uses_anonymous_args = 0
 756              	.LVL66:
 757 0000 10B5     		push	{r4, lr}
 758              	.LCFI19:
ARM GAS  /tmp/ccJMj8Bf.s 			page 25


 759              		.cfi_def_cfa_offset 8
 760              		.cfi_offset 4, -8
 761              		.cfi_offset 14, -4
 625:Drivers/STM32L4xx_HAL_Driver/Src/stm32l4xx_hal_dac_ex.c ****   DAC_HandleTypeDef *hdac = (DAC_HandleTypeDef *)((DMA_HandleTypeDef *)hdma)->Parent;
 762              		.loc 1 625 0
 763 0002 846A     		ldr	r4, [r0, #40]
 764              	.LVL67:
 626:Drivers/STM32L4xx_HAL_Driver/Src/stm32l4xx_hal_dac_ex.c **** 
 627:Drivers/STM32L4xx_HAL_Driver/Src/stm32l4xx_hal_dac_ex.c ****   /* Set DAC error code to DMA error */
 628:Drivers/STM32L4xx_HAL_Driver/Src/stm32l4xx_hal_dac_ex.c ****   hdac->ErrorCode |= HAL_DAC_ERROR_DMA;
 765              		.loc 1 628 0
 766 0004 2369     		ldr	r3, [r4, #16]
 767 0006 43F00403 		orr	r3, r3, #4
 768 000a 2361     		str	r3, [r4, #16]
 629:Drivers/STM32L4xx_HAL_Driver/Src/stm32l4xx_hal_dac_ex.c **** 
 630:Drivers/STM32L4xx_HAL_Driver/Src/stm32l4xx_hal_dac_ex.c **** #if (USE_HAL_DAC_REGISTER_CALLBACKS == 1)
 631:Drivers/STM32L4xx_HAL_Driver/Src/stm32l4xx_hal_dac_ex.c ****   hdac->ErrorCallbackCh2(hdac);
 632:Drivers/STM32L4xx_HAL_Driver/Src/stm32l4xx_hal_dac_ex.c **** #else
 633:Drivers/STM32L4xx_HAL_Driver/Src/stm32l4xx_hal_dac_ex.c ****   HAL_DACEx_ErrorCallbackCh2(hdac);
 769              		.loc 1 633 0
 770 000c 2046     		mov	r0, r4
 771              	.LVL68:
 772 000e FFF7FEFF 		bl	HAL_DACEx_ErrorCallbackCh2
 773              	.LVL69:
 634:Drivers/STM32L4xx_HAL_Driver/Src/stm32l4xx_hal_dac_ex.c **** #endif /* USE_HAL_DAC_REGISTER_CALLBACKS */
 635:Drivers/STM32L4xx_HAL_Driver/Src/stm32l4xx_hal_dac_ex.c **** 
 636:Drivers/STM32L4xx_HAL_Driver/Src/stm32l4xx_hal_dac_ex.c ****   hdac->State = HAL_DAC_STATE_READY;
 774              		.loc 1 636 0
 775 0012 0123     		movs	r3, #1
 776 0014 2371     		strb	r3, [r4, #4]
 777 0016 10BD     		pop	{r4, pc}
 778              		.cfi_endproc
 779              	.LFE301:
 781              		.text
 782              	.Letext0:
 783              		.file 2 "/home/deh/launchpad/gcc-arm-none-eabi-5_4-2016q3/arm-none-eabi/include/machine/_default_t
 784              		.file 3 "/home/deh/launchpad/gcc-arm-none-eabi-5_4-2016q3/arm-none-eabi/include/sys/_stdint.h"
 785              		.file 4 "Drivers/CMSIS/Device/ST/STM32L4xx/Include/stm32l431xx.h"
 786              		.file 5 "Drivers/STM32L4xx_HAL_Driver/Inc/stm32l4xx_hal_def.h"
 787              		.file 6 "Drivers/STM32L4xx_HAL_Driver/Inc/stm32l4xx_hal_dma.h"
 788              		.file 7 "Drivers/STM32L4xx_HAL_Driver/Inc/stm32l4xx_hal_dac.h"
 789              		.file 8 "Drivers/CMSIS/Include/cmsis_gcc.h"
 790              		.file 9 "Drivers/CMSIS/Include/core_cm4.h"
 791              		.file 10 "Drivers/STM32L4xx_HAL_Driver/Inc/stm32l4xx_hal.h"
ARM GAS  /tmp/ccJMj8Bf.s 			page 26


DEFINED SYMBOLS
                            *ABS*:00000000 stm32l4xx_hal_dac_ex.c
     /tmp/ccJMj8Bf.s:22     .text.HAL_DACEx_TriangleWaveGenerate:00000000 $t
     /tmp/ccJMj8Bf.s:27     .text.HAL_DACEx_TriangleWaveGenerate:00000000 HAL_DACEx_TriangleWaveGenerate
     /tmp/ccJMj8Bf.s:105    .text.HAL_DACEx_NoiseWaveGenerate:00000000 $t
     /tmp/ccJMj8Bf.s:110    .text.HAL_DACEx_NoiseWaveGenerate:00000000 HAL_DACEx_NoiseWaveGenerate
     /tmp/ccJMj8Bf.s:187    .text.HAL_DACEx_DualSetValue:00000000 $t
     /tmp/ccJMj8Bf.s:192    .text.HAL_DACEx_DualSetValue:00000000 HAL_DACEx_DualSetValue
     /tmp/ccJMj8Bf.s:228    .text.HAL_DACEx_ConvCpltCallbackCh2:00000000 $t
     /tmp/ccJMj8Bf.s:233    .text.HAL_DACEx_ConvCpltCallbackCh2:00000000 HAL_DACEx_ConvCpltCallbackCh2
     /tmp/ccJMj8Bf.s:246    .text.HAL_DACEx_ConvHalfCpltCallbackCh2:00000000 $t
     /tmp/ccJMj8Bf.s:251    .text.HAL_DACEx_ConvHalfCpltCallbackCh2:00000000 HAL_DACEx_ConvHalfCpltCallbackCh2
     /tmp/ccJMj8Bf.s:264    .text.HAL_DACEx_ErrorCallbackCh2:00000000 $t
     /tmp/ccJMj8Bf.s:269    .text.HAL_DACEx_ErrorCallbackCh2:00000000 HAL_DACEx_ErrorCallbackCh2
     /tmp/ccJMj8Bf.s:282    .text.HAL_DACEx_DMAUnderrunCallbackCh2:00000000 $t
     /tmp/ccJMj8Bf.s:287    .text.HAL_DACEx_DMAUnderrunCallbackCh2:00000000 HAL_DACEx_DMAUnderrunCallbackCh2
     /tmp/ccJMj8Bf.s:300    .text.HAL_DACEx_SelfCalibrate:00000000 $t
     /tmp/ccJMj8Bf.s:305    .text.HAL_DACEx_SelfCalibrate:00000000 HAL_DACEx_SelfCalibrate
     /tmp/ccJMj8Bf.s:537    .text.HAL_DACEx_SetUserTrimming:00000000 $t
     /tmp/ccJMj8Bf.s:542    .text.HAL_DACEx_SetUserTrimming:00000000 HAL_DACEx_SetUserTrimming
     /tmp/ccJMj8Bf.s:627    .text.HAL_DACEx_GetTrimOffset:00000000 $t
     /tmp/ccJMj8Bf.s:632    .text.HAL_DACEx_GetTrimOffset:00000000 HAL_DACEx_GetTrimOffset
     /tmp/ccJMj8Bf.s:656    .text.HAL_DACEx_DualGetValue:00000000 $t
     /tmp/ccJMj8Bf.s:661    .text.HAL_DACEx_DualGetValue:00000000 HAL_DACEx_DualGetValue
     /tmp/ccJMj8Bf.s:684    .text.DAC_DMAConvCpltCh2:00000000 $t
     /tmp/ccJMj8Bf.s:689    .text.DAC_DMAConvCpltCh2:00000000 DAC_DMAConvCpltCh2
     /tmp/ccJMj8Bf.s:717    .text.DAC_DMAHalfConvCpltCh2:00000000 $t
     /tmp/ccJMj8Bf.s:722    .text.DAC_DMAHalfConvCpltCh2:00000000 DAC_DMAHalfConvCpltCh2
     /tmp/ccJMj8Bf.s:745    .text.DAC_DMAErrorCh2:00000000 $t
     /tmp/ccJMj8Bf.s:750    .text.DAC_DMAErrorCh2:00000000 DAC_DMAErrorCh2
                     .debug_frame:00000010 $d

UNDEFINED SYMBOLS
HAL_Delay
