ARM GAS  /tmp/cckJxxVf.s 			page 1


   1              		.syntax unified
   2              		.cpu cortex-m4
   3              		.eabi_attribute 27, 1
   4              		.eabi_attribute 28, 1
   5              		.fpu fpv4-sp-d16
   6              		.eabi_attribute 20, 1
   7              		.eabi_attribute 21, 1
   8              		.eabi_attribute 23, 3
   9              		.eabi_attribute 24, 1
  10              		.eabi_attribute 25, 1
  11              		.eabi_attribute 26, 1
  12              		.eabi_attribute 30, 1
  13              		.eabi_attribute 34, 1
  14              		.eabi_attribute 18, 4
  15              		.thumb
  16              		.syntax unified
  17              		.file	"system_reset.c"
  18              		.text
  19              	.Ltext0:
  20              		.cfi_sections	.debug_frame
  21              		.section	.text.system_reset,"ax",%progbits
  22              		.align	2
  23              		.global	system_reset
  24              		.thumb
  25              		.thumb_func
  27              	system_reset:
  28              	.LFB0:
  29              		.file 1 "Ourtasks/system_reset.c"
   1:Ourtasks/system_reset.c **** /******************************************************************************
   2:Ourtasks/system_reset.c **** * File Name          : system_reset.c
   3:Ourtasks/system_reset.c **** * Board              : 
   4:Ourtasks/system_reset.c **** * Date First Issued  : 08/24/2022
   5:Ourtasks/system_reset.c **** * Description        : System reset
   6:Ourtasks/system_reset.c **** *******************************************************************************/
   7:Ourtasks/system_reset.c **** /* **************************************************************************************
   8:Ourtasks/system_reset.c ****  * void system_reset(void);
   9:Ourtasks/system_reset.c ****  * @brief	: Software caused RESET
  10:Ourtasks/system_reset.c ****  * ************************************************************************************** */
  11:Ourtasks/system_reset.c **** void system_reset(void)
  12:Ourtasks/system_reset.c **** {
  30              		.loc 1 12 0
  31              		.cfi_startproc
  32              		@ Volatile: function does not return.
  33              		@ args = 0, pretend = 0, frame = 0
  34              		@ frame_needed = 0, uses_anonymous_args = 0
  35              		@ link register save eliminated.
  13:Ourtasks/system_reset.c **** /* PM 214 p 228 (March 2020)
  14:Ourtasks/system_reset.c **** 4.4.4 Application interrupt and reset control register (SCB_AIRCR)
  15:Ourtasks/system_reset.c ****       Address offset: 0x0C
  16:Ourtasks/system_reset.c ****       Reset value: 0xFA05 0000
  17:Ourtasks/system_reset.c ****       Required privilege: Privileged
  18:Ourtasks/system_reset.c ****       The AIRCR provides priority grouping control for the exception model, endian status for data
  19:Ourtasks/system_reset.c ****       accesses, and reset control of the system.
  20:Ourtasks/system_reset.c ****       To write to this register, you must write 0x5FA to the VECTKEY field, otherwise the
  21:Ourtasks/system_reset.c ****       processor ignores the write.
  22:Ourtasks/system_reset.c **** */
  23:Ourtasks/system_reset.c **** 
ARM GAS  /tmp/cckJxxVf.s 			page 2


  24:Ourtasks/system_reset.c **** /* Bit 2 SYSRESETREQ System reset request
  25:Ourtasks/system_reset.c ****       This is intended to force a large system reset of all major components except for debug.
  26:Ourtasks/system_reset.c ****       This bit reads as 0.
  27:Ourtasks/system_reset.c ****       0: No system reset request
  28:Ourtasks/system_reset.c ****       1: Asserts a signal to the outer system that requests a reset.
  29:Ourtasks/system_reset.c **** */
  30:Ourtasks/system_reset.c **** //	SCB_AIRCR = (0x5FA << 16) | SCB_AIRCR_SYSRESETREQ;	// Cause a RESET
  31:Ourtasks/system_reset.c ****       #define SCB_AIRCR 0xE000ED0C
  32:Ourtasks/system_reset.c **** 	*(unsigned int*)SCB_AIRCR = (0x5FA << 16) | 0x4;	// Cause a RESET
  36              		.loc 1 32 0
  37 0000 014A     		ldr	r2, .L3
  38 0002 024B     		ldr	r3, .L3+4
  39 0004 1A60     		str	r2, [r3]
  40              	.L2:
  41 0006 FEE7     		b	.L2
  42              	.L4:
  43              		.align	2
  44              	.L3:
  45 0008 0400FA05 		.word	100270084
  46 000c 0CED00E0 		.word	-536810228
  47              		.cfi_endproc
  48              	.LFE0:
  50              		.text
  51              	.Letext0:
ARM GAS  /tmp/cckJxxVf.s 			page 3


DEFINED SYMBOLS
                            *ABS*:00000000 system_reset.c
     /tmp/cckJxxVf.s:22     .text.system_reset:00000000 $t
     /tmp/cckJxxVf.s:27     .text.system_reset:00000000 system_reset
     /tmp/cckJxxVf.s:45     .text.system_reset:00000008 $d
                     .debug_frame:00000010 $d

NO UNDEFINED SYMBOLS
